<?xml version="1.0" encoding="utf-8"?>
<CoverageSession xmlns:xsd="http://www.w3.org/2001/XMLSchema" xmlns:xsi="http://www.w3.org/2001/XMLSchema-instance">
  <Summary numSequencePoints="670" visitedSequencePoints="565" numBranchPoints="278" visitedBranchPoints="193" sequenceCoverage="84.33" branchCoverage="69.42" maxCyclomaticComplexity="12" minCyclomaticComplexity="1" />
  <Modules>
    <Module skippedDueTo="Filter" hash="B5-D0-3C-D0-D3-0E-6D-9A-B0-27-ED-4B-C0-AC-D5-4F-18-84-56-AE">
      <FullName>C:\Windows\Microsoft.Net\assembly\GAC_32\mscorlib\v4.0_4.0.0.0__b77a5c561934e089\mscorlib.dll</FullName>
      <ModuleName>mscorlib</ModuleName>
      <Classes />
    </Module>
    <Module skippedDueTo="MissingPdb" hash="37-80-BE-DC-A8-79-2C-78-4A-75-9F-D4-19-B1-3A-5A-48-3E-CA-03">
      <FullName>C:\Program Files (x86)\SharpDevelop\5.1\bin\Tools\NUnit\nunit-console-x86.exe</FullName>
      <ModuleName>nunit-console</ModuleName>
      <Classes />
    </Module>
    <Module skippedDueTo="MissingPdb" hash="33-E1-CA-24-52-5A-B7-C7-C4-AF-91-2C-A9-4A-C0-37-67-0D-5B-FE">
      <FullName>C:\Program Files (x86)\SharpDevelop\5.1\bin\Tools\NUnit\lib\nunit.core.dll</FullName>
      <ModuleName>nunit.core</ModuleName>
      <Classes />
    </Module>
    <Module skippedDueTo="MissingPdb" hash="2A-C4-E5-DE-F3-EE-AD-84-E1-65-84-CC-15-90-76-96-E7-01-44-4E">
      <FullName>C:\Program Files (x86)\SharpDevelop\5.1\bin\Tools\NUnit\lib\nunit-console-runner.dll</FullName>
      <ModuleName>nunit-console-runner</ModuleName>
      <Classes />
    </Module>
    <Module skippedDueTo="MissingPdb" hash="74-74-F6-87-59-E1-5F-4F-5F-5E-6E-82-50-E8-E2-46-D4-86-15-76">
      <FullName>C:\Program Files (x86)\SharpDevelop\5.1\bin\Tools\NUnit\lib\nunit.util.dll</FullName>
      <ModuleName>nunit.util</ModuleName>
      <Classes />
    </Module>
    <Module skippedDueTo="MissingPdb" hash="D3-A4-4D-85-55-F7-CE-EF-A5-90-AA-EF-58-E0-9F-B6-CC-27-99-53">
      <FullName>C:\Program Files (x86)\SharpDevelop\5.1\bin\Tools\NUnit\lib\nunit.core.interfaces.dll</FullName>
      <ModuleName>nunit.core.interfaces</ModuleName>
      <Classes />
    </Module>
    <Module skippedDueTo="Filter" hash="B6-60-CE-70-25-03-8E-12-F0-FF-EB-DA-C8-94-AA-A9-02-DE-71-07">
      <FullName>C:\Windows\Microsoft.Net\assembly\GAC_MSIL\System.Configuration\v4.0_4.0.0.0__b03f5f7f11d50a3a\System.Configuration.dll</FullName>
      <ModuleName>System.Configuration</ModuleName>
      <Classes />
    </Module>
    <Module skippedDueTo="Filter" hash="04-DF-13-16-0B-F4-57-A9-D9-9C-5A-63-DC-51-CD-BF-FD-3A-AF-DA">
      <FullName>C:\Windows\Microsoft.Net\assembly\GAC_MSIL\System\v4.0_4.0.0.0__b77a5c561934e089\System.dll</FullName>
      <ModuleName>System</ModuleName>
      <Classes />
    </Module>
    <Module skippedDueTo="Filter" hash="2C-B8-8B-0E-27-14-38-8E-71-A5-1D-A0-EE-33-D9-22-5F-A4-AF-79">
      <FullName>C:\Windows\Microsoft.Net\assembly\GAC_MSIL\System.Xml\v4.0_4.0.0.0__b77a5c561934e089\System.Xml.dll</FullName>
      <ModuleName>System.Xml</ModuleName>
      <Classes />
    </Module>
    <Module skippedDueTo="Filter" hash="ED-BE-5C-45-66-32-AB-2E-1E-B4-6F-0D-47-35-C3-3C-95-AA-09-B3">
      <FullName>C:\Windows\Microsoft.Net\assembly\GAC_MSIL\System.Runtime.Remoting\v4.0_4.0.0.0__b77a5c561934e089\System.Runtime.Remoting.dll</FullName>
      <ModuleName>System.Runtime.Remoting</ModuleName>
      <Classes />
    </Module>
    <Module skippedDueTo="Filter" hash="43-0F-9E-14-71-13-7F-E2-26-11-26-04-62-4A-0E-92-1F-0F-04-20">
      <FullName>C:\Windows\Microsoft.Net\assembly\GAC_MSIL\System.Core\v4.0_4.0.0.0__b77a5c561934e089\System.Core.dll</FullName>
      <ModuleName>System.Core</ModuleName>
      <Classes />
    </Module>
    <Module skippedDueTo="MissingPdb" hash="33-E1-CA-24-52-5A-B7-C7-C4-AF-91-2C-A9-4A-C0-37-67-0D-5B-FE">
      <FullName>C:\Program Files (x86)\SharpDevelop\5.1\bin\Tools\NUnit\lib\nunit.core.dll</FullName>
      <ModuleName>nunit.core</ModuleName>
      <Classes />
    </Module>
    <Module skippedDueTo="Filter" hash="04-DF-13-16-0B-F4-57-A9-D9-9C-5A-63-DC-51-CD-BF-FD-3A-AF-DA">
      <FullName>C:\Windows\Microsoft.Net\assembly\GAC_MSIL\System\v4.0_4.0.0.0__b77a5c561934e089\System.dll</FullName>
      <ModuleName>System</ModuleName>
      <Classes />
    </Module>
    <Module skippedDueTo="Filter" hash="2C-B8-8B-0E-27-14-38-8E-71-A5-1D-A0-EE-33-D9-22-5F-A4-AF-79">
      <FullName>C:\Windows\Microsoft.Net\assembly\GAC_MSIL\System.Xml\v4.0_4.0.0.0__b77a5c561934e089\System.Xml.dll</FullName>
      <ModuleName>System.Xml</ModuleName>
      <Classes />
    </Module>
    <Module skippedDueTo="MissingPdb" hash="D3-A4-4D-85-55-F7-CE-EF-A5-90-AA-EF-58-E0-9F-B6-CC-27-99-53">
      <FullName>C:\Program Files (x86)\SharpDevelop\5.1\bin\Tools\NUnit\lib\nunit.core.interfaces.dll</FullName>
      <ModuleName>nunit.core.interfaces</ModuleName>
      <Classes />
    </Module>
    <Module hash="68-B8-EB-07-EC-A0-DC-40-C1-89-8A-57-95-F4-40-97-2D-68-0C-CF">
      <Summary numSequencePoints="210" visitedSequencePoints="210" numBranchPoints="53" visitedBranchPoints="49" sequenceCoverage="100" branchCoverage="92.45" maxCyclomaticComplexity="4" minCyclomaticComplexity="1" />
      <FullName>C:\Users\Brian\AppData\Local\Temp\nunit20\ShadowCopyCache\6192_635601380741779254\Tests_278995937\assembly\dl3\74637c7b\3be3eb6f_e94bd001\PeanutsTests.dll</FullName>
      <ModuleName>PeanutsTests</ModuleName>
      <Files>
        <File uid="1" fullPath="c:\Users\Brian\Documents\Visual Studio 2013\Projects\Peanuts\PeanutsTests\MixTests.cs" />
        <File uid="2" fullPath="c:\Users\Brian\Documents\Visual Studio 2013\Projects\Peanuts\PeanutsTests\NutTests.cs" />
        <File uid="3" fullPath="c:\Users\Brian\Documents\Visual Studio 2013\Projects\Peanuts\PeanutsTests\RecipeBookTests.cs" />
        <File uid="5" fullPath="c:\Users\Brian\Documents\Visual Studio 2013\Projects\Peanuts\PeanutsTests\VendorTests.cs" />
      </Files>
      <Classes>
        <Class>
          <Summary numSequencePoints="0" visitedSequencePoints="0" numBranchPoints="0" visitedBranchPoints="0" sequenceCoverage="0" branchCoverage="0" maxCyclomaticComplexity="0" minCyclomaticComplexity="0" />
          <FullName>&lt;Module&gt;</FullName>
          <Methods />
        </Class>
        <Class>
          <Summary numSequencePoints="12" visitedSequencePoints="12" numBranchPoints="2" visitedBranchPoints="2" sequenceCoverage="100" branchCoverage="100" maxCyclomaticComplexity="1" minCyclomaticComplexity="1" />
          <FullName>Peanuts.Tests.MixTests</FullName>
          <Methods>
            <Method visited="true" cyclomaticComplexity="1" sequenceCoverage="100" branchCoverage="100" isConstructor="false" isStatic="false" isGetter="false" isSetter="false">
              <Summary numSequencePoints="5" visitedSequencePoints="5" numBranchPoints="1" visitedBranchPoints="1" sequenceCoverage="100" branchCoverage="100" maxCyclomaticComplexity="1" minCyclomaticComplexity="1" />
              <MetadataToken>100663297</MetadataToken>
              <Name>System.Void Peanuts.Tests.MixTests::MixTest()</Name>
              <FileRef uid="1" />
              <SequencePoints>
                <SequencePoint vc="1" uspid="1" ordinal="0" offset="0" sl="10" sc="9" el="10" ec="10" bec="0" bev="0" fileid="1" />
                <SequencePoint vc="1" uspid="2" ordinal="1" offset="1" sl="11" sc="13" el="11" ec="34" bec="0" bev="0" fileid="1" />
                <SequencePoint vc="1" uspid="3" ordinal="2" offset="8" sl="12" sc="13" el="12" ec="48" bec="0" bev="0" fileid="1" />
                <SequencePoint vc="1" uspid="4" ordinal="3" offset="35" sl="13" sc="13" el="13" ec="33" bec="0" bev="0" fileid="1" />
                <SequencePoint vc="1" uspid="5" ordinal="4" offset="42" sl="14" sc="9" el="14" ec="10" bec="0" bev="0" fileid="1" />
              </SequencePoints>
              <BranchPoints />
              <MethodPoint xsi:type="SequencePoint" vc="1" uspid="1" ordinal="0" offset="0" sl="10" sc="9" el="10" ec="10" bec="0" bev="0" fileid="1" />
            </Method>
            <Method visited="true" cyclomaticComplexity="1" sequenceCoverage="100" branchCoverage="100" isConstructor="false" isStatic="false" isGetter="false" isSetter="false">
              <Summary numSequencePoints="7" visitedSequencePoints="7" numBranchPoints="1" visitedBranchPoints="1" sequenceCoverage="100" branchCoverage="100" maxCyclomaticComplexity="1" minCyclomaticComplexity="1" />
              <MetadataToken>100663298</MetadataToken>
              <Name>System.Void Peanuts.Tests.MixTests::KeyFitsLockTest()</Name>
              <FileRef uid="1" />
              <SequencePoints>
                <SequencePoint vc="1" uspid="6" ordinal="0" offset="0" sl="18" sc="9" el="18" ec="10" bec="0" bev="0" fileid="1" />
                <SequencePoint vc="1" uspid="7" ordinal="1" offset="1" sl="19" sc="13" el="19" ec="34" bec="0" bev="0" fileid="1" />
                <SequencePoint vc="1" uspid="8" ordinal="2" offset="8" sl="20" sc="13" el="20" ec="48" bec="0" bev="0" fileid="1" />
                <SequencePoint vc="1" uspid="9" ordinal="3" offset="35" sl="21" sc="13" el="21" ec="65" bec="0" bev="0" fileid="1" />
                <SequencePoint vc="1" uspid="10" ordinal="4" offset="75" sl="22" sc="13" el="22" ec="45" bec="0" bev="0" fileid="1" />
                <SequencePoint vc="1" uspid="11" ordinal="5" offset="88" sl="23" sc="13" el="23" ec="46" bec="0" bev="0" fileid="1" />
                <SequencePoint vc="1" uspid="12" ordinal="6" offset="101" sl="24" sc="9" el="24" ec="10" bec="0" bev="0" fileid="1" />
              </SequencePoints>
              <BranchPoints />
              <MethodPoint xsi:type="SequencePoint" vc="1" uspid="6" ordinal="0" offset="0" sl="18" sc="9" el="18" ec="10" bec="0" bev="0" fileid="1" />
            </Method>
            <Method visited="true" cyclomaticComplexity="1" sequenceCoverage="0" branchCoverage="0" isConstructor="true" isStatic="false" isGetter="false" isSetter="false">
              <Summary numSequencePoints="0" visitedSequencePoints="0" numBranchPoints="0" visitedBranchPoints="0" sequenceCoverage="0" branchCoverage="0" maxCyclomaticComplexity="1" minCyclomaticComplexity="1" />
              <MetadataToken>100663299</MetadataToken>
              <Name>System.Void Peanuts.Tests.MixTests::.ctor()</Name>
              <SequencePoints />
              <BranchPoints />
              <MethodPoint vc="1" uspid="13" ordinal="0" offset="0" />
            </Method>
          </Methods>
        </Class>
        <Class>
          <Summary numSequencePoints="0" visitedSequencePoints="0" numBranchPoints="0" visitedBranchPoints="0" sequenceCoverage="0" branchCoverage="0" maxCyclomaticComplexity="1" minCyclomaticComplexity="1" />
          <FullName>Peanuts.Tests.MockNutA</FullName>
          <Methods>
            <Method visited="true" cyclomaticComplexity="1" sequenceCoverage="0" branchCoverage="0" isConstructor="false" isStatic="false" isGetter="true" isSetter="false">
              <Summary numSequencePoints="0" visitedSequencePoints="0" numBranchPoints="0" visitedBranchPoints="0" sequenceCoverage="0" branchCoverage="0" maxCyclomaticComplexity="1" minCyclomaticComplexity="1" />
              <MetadataToken>100663300</MetadataToken>
              <Name>System.String Peanuts.Tests.MockNutA::get_SomeText()</Name>
              <SequencePoints />
              <BranchPoints />
              <MethodPoint vc="7" uspid="14" ordinal="0" offset="0" />
            </Method>
            <Method visited="true" cyclomaticComplexity="1" sequenceCoverage="0" branchCoverage="0" isConstructor="false" isStatic="false" isGetter="false" isSetter="true">
              <Summary numSequencePoints="0" visitedSequencePoints="0" numBranchPoints="0" visitedBranchPoints="0" sequenceCoverage="0" branchCoverage="0" maxCyclomaticComplexity="1" minCyclomaticComplexity="1" />
              <MetadataToken>100663301</MetadataToken>
              <Name>System.Void Peanuts.Tests.MockNutA::set_SomeText(System.String)</Name>
              <SequencePoints />
              <BranchPoints />
              <MethodPoint vc="11" uspid="15" ordinal="0" offset="0" />
            </Method>
            <Method visited="true" cyclomaticComplexity="1" sequenceCoverage="0" branchCoverage="0" isConstructor="true" isStatic="false" isGetter="false" isSetter="false">
              <Summary numSequencePoints="0" visitedSequencePoints="0" numBranchPoints="0" visitedBranchPoints="0" sequenceCoverage="0" branchCoverage="0" maxCyclomaticComplexity="1" minCyclomaticComplexity="1" />
              <MetadataToken>100663302</MetadataToken>
              <Name>System.Void Peanuts.Tests.MockNutA::.ctor()</Name>
              <SequencePoints />
              <BranchPoints />
              <MethodPoint vc="27" uspid="16" ordinal="0" offset="0" />
            </Method>
          </Methods>
        </Class>
        <Class>
          <Summary numSequencePoints="0" visitedSequencePoints="0" numBranchPoints="0" visitedBranchPoints="0" sequenceCoverage="0" branchCoverage="0" maxCyclomaticComplexity="1" minCyclomaticComplexity="1" />
          <FullName>Peanuts.Tests.MockNutB</FullName>
          <Methods>
            <Method visited="true" cyclomaticComplexity="1" sequenceCoverage="0" branchCoverage="0" isConstructor="false" isStatic="false" isGetter="true" isSetter="false">
              <Summary numSequencePoints="0" visitedSequencePoints="0" numBranchPoints="0" visitedBranchPoints="0" sequenceCoverage="0" branchCoverage="0" maxCyclomaticComplexity="1" minCyclomaticComplexity="1" />
              <MetadataToken>100663303</MetadataToken>
              <Name>System.Single Peanuts.Tests.MockNutB::get_SomeFloat()</Name>
              <SequencePoints />
              <BranchPoints />
              <MethodPoint vc="3" uspid="17" ordinal="0" offset="0" />
            </Method>
            <Method visited="true" cyclomaticComplexity="1" sequenceCoverage="0" branchCoverage="0" isConstructor="false" isStatic="false" isGetter="false" isSetter="true">
              <Summary numSequencePoints="0" visitedSequencePoints="0" numBranchPoints="0" visitedBranchPoints="0" sequenceCoverage="0" branchCoverage="0" maxCyclomaticComplexity="1" minCyclomaticComplexity="1" />
              <MetadataToken>100663304</MetadataToken>
              <Name>System.Void Peanuts.Tests.MockNutB::set_SomeFloat(System.Single)</Name>
              <SequencePoints />
              <BranchPoints />
              <MethodPoint vc="4" uspid="18" ordinal="0" offset="0" />
            </Method>
            <Method visited="true" cyclomaticComplexity="1" sequenceCoverage="0" branchCoverage="0" isConstructor="true" isStatic="false" isGetter="false" isSetter="false">
              <Summary numSequencePoints="0" visitedSequencePoints="0" numBranchPoints="0" visitedBranchPoints="0" sequenceCoverage="0" branchCoverage="0" maxCyclomaticComplexity="1" minCyclomaticComplexity="1" />
              <MetadataToken>100663305</MetadataToken>
              <Name>System.Void Peanuts.Tests.MockNutB::.ctor()</Name>
              <SequencePoints />
              <BranchPoints />
              <MethodPoint vc="6" uspid="19" ordinal="0" offset="0" />
            </Method>
          </Methods>
        </Class>
        <Class>
          <Summary numSequencePoints="0" visitedSequencePoints="0" numBranchPoints="0" visitedBranchPoints="0" sequenceCoverage="0" branchCoverage="0" maxCyclomaticComplexity="1" minCyclomaticComplexity="1" />
          <FullName>Peanuts.Tests.MockNutC</FullName>
          <Methods>
            <Method visited="false" cyclomaticComplexity="1" sequenceCoverage="0" branchCoverage="0" isConstructor="false" isStatic="false" isGetter="true" isSetter="false">
              <Summary numSequencePoints="0" visitedSequencePoints="0" numBranchPoints="0" visitedBranchPoints="0" sequenceCoverage="0" branchCoverage="0" maxCyclomaticComplexity="1" minCyclomaticComplexity="1" />
              <MetadataToken>100663306</MetadataToken>
              <Name>System.Int32 Peanuts.Tests.MockNutC::get_SomeInt()</Name>
              <SequencePoints />
              <BranchPoints />
              <MethodPoint vc="0" uspid="20" ordinal="0" offset="0" />
            </Method>
            <Method visited="false" cyclomaticComplexity="1" sequenceCoverage="0" branchCoverage="0" isConstructor="false" isStatic="false" isGetter="false" isSetter="true">
              <Summary numSequencePoints="0" visitedSequencePoints="0" numBranchPoints="0" visitedBranchPoints="0" sequenceCoverage="0" branchCoverage="0" maxCyclomaticComplexity="1" minCyclomaticComplexity="1" />
              <MetadataToken>100663307</MetadataToken>
              <Name>System.Void Peanuts.Tests.MockNutC::set_SomeInt(System.Int32)</Name>
              <SequencePoints />
              <BranchPoints />
              <MethodPoint vc="0" uspid="21" ordinal="0" offset="0" />
            </Method>
            <Method visited="false" cyclomaticComplexity="1" sequenceCoverage="0" branchCoverage="0" isConstructor="true" isStatic="false" isGetter="false" isSetter="false">
              <Summary numSequencePoints="0" visitedSequencePoints="0" numBranchPoints="0" visitedBranchPoints="0" sequenceCoverage="0" branchCoverage="0" maxCyclomaticComplexity="1" minCyclomaticComplexity="1" />
              <MetadataToken>100663308</MetadataToken>
              <Name>System.Void Peanuts.Tests.MockNutC::.ctor()</Name>
              <SequencePoints />
              <BranchPoints />
              <MethodPoint vc="0" uspid="22" ordinal="0" offset="0" />
            </Method>
          </Methods>
        </Class>
        <Class>
          <Summary numSequencePoints="7" visitedSequencePoints="7" numBranchPoints="1" visitedBranchPoints="1" sequenceCoverage="100" branchCoverage="100" maxCyclomaticComplexity="1" minCyclomaticComplexity="1" />
          <FullName>Peanuts.Tests.NutTests</FullName>
          <Methods>
            <Method visited="true" cyclomaticComplexity="1" sequenceCoverage="100" branchCoverage="100" isConstructor="false" isStatic="false" isGetter="false" isSetter="false">
              <Summary numSequencePoints="7" visitedSequencePoints="7" numBranchPoints="1" visitedBranchPoints="1" sequenceCoverage="100" branchCoverage="100" maxCyclomaticComplexity="1" minCyclomaticComplexity="1" />
              <MetadataToken>100663309</MetadataToken>
              <Name>System.Void Peanuts.Tests.NutTests::CloneTest()</Name>
              <FileRef uid="2" />
              <SequencePoints>
                <SequencePoint vc="1" uspid="23" ordinal="0" offset="0" sl="10" sc="9" el="10" ec="10" bec="0" bev="0" fileid="2" />
                <SequencePoint vc="1" uspid="24" ordinal="1" offset="1" sl="11" sc="13" el="11" ec="34" bec="0" bev="0" fileid="2" />
                <SequencePoint vc="1" uspid="25" ordinal="2" offset="8" sl="12" sc="13" el="12" ec="69" bec="0" bev="0" fileid="2" />
                <SequencePoint vc="1" uspid="26" ordinal="3" offset="28" sl="13" sc="13" el="13" ec="43" bec="0" bev="0" fileid="2" />
                <SequencePoint vc="1" uspid="27" ordinal="4" offset="40" sl="14" sc="13" el="14" ec="31" bec="0" bev="0" fileid="2" />
                <SequencePoint vc="1" uspid="28" ordinal="5" offset="47" sl="15" sc="13" el="15" ec="53" bec="0" bev="0" fileid="2" />
                <SequencePoint vc="1" uspid="29" ordinal="6" offset="65" sl="16" sc="9" el="16" ec="10" bec="0" bev="0" fileid="2" />
              </SequencePoints>
              <BranchPoints />
              <MethodPoint xsi:type="SequencePoint" vc="1" uspid="23" ordinal="0" offset="0" sl="10" sc="9" el="10" ec="10" bec="0" bev="0" fileid="2" />
            </Method>
            <Method visited="true" cyclomaticComplexity="1" sequenceCoverage="0" branchCoverage="0" isConstructor="true" isStatic="false" isGetter="false" isSetter="false">
              <Summary numSequencePoints="0" visitedSequencePoints="0" numBranchPoints="0" visitedBranchPoints="0" sequenceCoverage="0" branchCoverage="0" maxCyclomaticComplexity="1" minCyclomaticComplexity="1" />
              <MetadataToken>100663310</MetadataToken>
              <Name>System.Void Peanuts.Tests.NutTests::.ctor()</Name>
              <SequencePoints />
              <BranchPoints />
              <MethodPoint vc="1" uspid="30" ordinal="0" offset="0" />
            </Method>
          </Methods>
        </Class>
        <Class>
          <Summary numSequencePoints="17" visitedSequencePoints="17" numBranchPoints="6" visitedBranchPoints="5" sequenceCoverage="100" branchCoverage="83.33" maxCyclomaticComplexity="2" minCyclomaticComplexity="1" />
          <FullName>Peanuts.Tests.RecipeBookTests</FullName>
          <Methods>
            <Method visited="true" cyclomaticComplexity="2" sequenceCoverage="100" branchCoverage="66.67" isConstructor="false" isStatic="false" isGetter="false" isSetter="false">
              <Summary numSequencePoints="3" visitedSequencePoints="3" numBranchPoints="3" visitedBranchPoints="2" sequenceCoverage="100" branchCoverage="66.67" maxCyclomaticComplexity="2" minCyclomaticComplexity="2" />
              <MetadataToken>100663311</MetadataToken>
              <Name>System.Void Peanuts.Tests.RecipeBookTests::LoadTest()</Name>
              <FileRef uid="3" />
              <SequencePoints>
                <SequencePoint vc="1" uspid="31" ordinal="0" offset="0" sl="25" sc="9" el="25" ec="10" bec="0" bev="0" fileid="3" />
                <SequencePoint vc="1" uspid="32" ordinal="1" offset="1" sl="26" sc="13" el="26" ec="86" bec="2" bev="1" fileid="3" />
                <SequencePoint vc="1" uspid="33" ordinal="2" offset="38" sl="27" sc="9" el="27" ec="10" bec="0" bev="0" fileid="3" />
              </SequencePoints>
              <BranchPoints>
                <BranchPoint vc="1" uspid="34" ordinal="0" offset="6" path="0" offsetchain="" offsetend="8" />
                <BranchPoint vc="0" uspid="35" ordinal="1" offset="6" path="1" offsetchain="" offsetend="27" />
              </BranchPoints>
              <MethodPoint xsi:type="SequencePoint" vc="1" uspid="31" ordinal="0" offset="0" sl="25" sc="9" el="25" ec="10" bec="0" bev="0" fileid="3" />
            </Method>
            <Method visited="true" cyclomaticComplexity="1" sequenceCoverage="100" branchCoverage="100" isConstructor="false" isStatic="false" isGetter="false" isSetter="false">
              <Summary numSequencePoints="7" visitedSequencePoints="7" numBranchPoints="1" visitedBranchPoints="1" sequenceCoverage="100" branchCoverage="100" maxCyclomaticComplexity="1" minCyclomaticComplexity="1" />
              <MetadataToken>100663312</MetadataToken>
              <Name>System.Void Peanuts.Tests.RecipeBookTests::TryGetTest()</Name>
              <FileRef uid="3" />
              <SequencePoints>
                <SequencePoint vc="1" uspid="36" ordinal="0" offset="0" sl="31" sc="9" el="31" ec="10" bec="0" bev="0" fileid="3" />
                <SequencePoint vc="1" uspid="37" ordinal="1" offset="1" sl="32" sc="13" el="32" ec="70" bec="0" bev="0" fileid="3" />
                <SequencePoint vc="1" uspid="38" ordinal="2" offset="17" sl="34" sc="13" el="34" ec="63" bec="0" bev="0" fileid="3" />
                <SequencePoint vc="1" uspid="39" ordinal="3" offset="36" sl="35" sc="13" el="35" ec="36" bec="0" bev="0" fileid="3" />
                <SequencePoint vc="1" uspid="40" ordinal="4" offset="43" sl="36" sc="13" el="36" ec="53" bec="0" bev="0" fileid="3" />
                <SequencePoint vc="1" uspid="41" ordinal="5" offset="60" sl="37" sc="13" el="37" ec="65" bec="0" bev="0" fileid="3" />
                <SequencePoint vc="1" uspid="42" ordinal="6" offset="79" sl="38" sc="9" el="38" ec="10" bec="0" bev="0" fileid="3" />
              </SequencePoints>
              <BranchPoints />
              <MethodPoint xsi:type="SequencePoint" vc="1" uspid="36" ordinal="0" offset="0" sl="31" sc="9" el="31" ec="10" bec="0" bev="0" fileid="3" />
            </Method>
            <Method visited="true" cyclomaticComplexity="1" sequenceCoverage="100" branchCoverage="100" isConstructor="false" isStatic="false" isGetter="false" isSetter="false">
              <Summary numSequencePoints="6" visitedSequencePoints="6" numBranchPoints="1" visitedBranchPoints="1" sequenceCoverage="100" branchCoverage="100" maxCyclomaticComplexity="1" minCyclomaticComplexity="1" />
              <MetadataToken>100663313</MetadataToken>
              <Name>System.Void Peanuts.Tests.RecipeBookTests::GetTest()</Name>
              <FileRef uid="3" />
              <SequencePoints>
                <SequencePoint vc="1" uspid="43" ordinal="0" offset="6" sl="42" sc="9" el="42" ec="10" bec="0" bev="0" fileid="3" />
                <SequencePoint vc="1" uspid="44" ordinal="1" offset="7" sl="43" sc="13" el="43" ec="70" bec="0" bev="0" fileid="3" />
                <SequencePoint vc="1" uspid="45" ordinal="2" offset="28" sl="44" sc="13" el="44" ec="54" bec="0" bev="0" fileid="3" />
                <SequencePoint vc="1" uspid="46" ordinal="3" offset="46" sl="45" sc="13" el="45" ec="60" bec="0" bev="0" fileid="3" />
                <SequencePoint vc="1" uspid="47" ordinal="4" offset="64" sl="46" sc="13" el="46" ec="51" bec="0" bev="0" fileid="3" />
                <SequencePoint vc="1" uspid="48" ordinal="5" offset="86" sl="47" sc="9" el="47" ec="10" bec="0" bev="0" fileid="3" />
              </SequencePoints>
              <BranchPoints />
              <MethodPoint vc="1" uspid="49" ordinal="0" offset="0" />
            </Method>
            <Method visited="true" cyclomaticComplexity="1" sequenceCoverage="0" branchCoverage="0" isConstructor="true" isStatic="false" isGetter="false" isSetter="false">
              <Summary numSequencePoints="0" visitedSequencePoints="0" numBranchPoints="0" visitedBranchPoints="0" sequenceCoverage="0" branchCoverage="0" maxCyclomaticComplexity="1" minCyclomaticComplexity="1" />
              <MetadataToken>100663314</MetadataToken>
              <Name>System.Void Peanuts.Tests.RecipeBookTests::.ctor()</Name>
              <SequencePoints />
              <BranchPoints />
              <MethodPoint vc="1" uspid="50" ordinal="0" offset="0" />
            </Method>
            <Method visited="true" cyclomaticComplexity="1" sequenceCoverage="100" branchCoverage="100" isConstructor="false" isStatic="true" isGetter="false" isSetter="false">
              <Summary numSequencePoints="1" visitedSequencePoints="1" numBranchPoints="1" visitedBranchPoints="1" sequenceCoverage="100" branchCoverage="100" maxCyclomaticComplexity="1" minCyclomaticComplexity="1" />
              <MetadataToken>100663315</MetadataToken>
              <Name>System.Void Peanuts.Tests.RecipeBookTests::&lt;LoadTest&gt;b__0()</Name>
              <FileRef uid="3" />
              <SequencePoints>
                <SequencePoint vc="1" uspid="51" ordinal="0" offset="0" sl="26" sc="39" el="26" ec="84" bec="0" bev="0" fileid="3" />
              </SequencePoints>
              <BranchPoints />
              <MethodPoint xsi:type="SequencePoint" vc="1" uspid="51" ordinal="0" offset="0" sl="26" sc="39" el="26" ec="84" bec="0" bev="0" fileid="3" />
            </Method>
          </Methods>
        </Class>
        <Class>
          <Summary numSequencePoints="2" visitedSequencePoints="2" numBranchPoints="2" visitedBranchPoints="2" sequenceCoverage="100" branchCoverage="100" maxCyclomaticComplexity="1" minCyclomaticComplexity="1" />
          <FullName>Peanuts.Tests.RecipeBookTests/&lt;&gt;c__DisplayClass4</FullName>
          <Methods>
            <Method visited="true" cyclomaticComplexity="1" sequenceCoverage="0" branchCoverage="0" isConstructor="true" isStatic="false" isGetter="false" isSetter="false">
              <Summary numSequencePoints="0" visitedSequencePoints="0" numBranchPoints="0" visitedBranchPoints="0" sequenceCoverage="0" branchCoverage="0" maxCyclomaticComplexity="1" minCyclomaticComplexity="1" />
              <MetadataToken>100663330</MetadataToken>
              <Name>System.Void Peanuts.Tests.RecipeBookTests/&lt;&gt;c__DisplayClass4::.ctor()</Name>
              <SequencePoints />
              <BranchPoints />
              <MethodPoint vc="1" uspid="52" ordinal="0" offset="0" />
            </Method>
            <Method visited="true" cyclomaticComplexity="1" sequenceCoverage="100" branchCoverage="100" isConstructor="false" isStatic="false" isGetter="false" isSetter="false">
              <Summary numSequencePoints="1" visitedSequencePoints="1" numBranchPoints="1" visitedBranchPoints="1" sequenceCoverage="100" branchCoverage="100" maxCyclomaticComplexity="1" minCyclomaticComplexity="1" />
              <MetadataToken>100663331</MetadataToken>
              <Name>System.Void Peanuts.Tests.RecipeBookTests/&lt;&gt;c__DisplayClass4::&lt;GetTest&gt;b__2()</Name>
              <FileRef uid="3" />
              <SequencePoints>
                <SequencePoint vc="1" uspid="53" ordinal="0" offset="0" sl="44" sc="32" el="44" ec="52" bec="0" bev="0" fileid="3" />
              </SequencePoints>
              <BranchPoints />
              <MethodPoint xsi:type="SequencePoint" vc="1" uspid="53" ordinal="0" offset="0" sl="44" sc="32" el="44" ec="52" bec="0" bev="0" fileid="3" />
            </Method>
            <Method visited="true" cyclomaticComplexity="1" sequenceCoverage="100" branchCoverage="100" isConstructor="false" isStatic="false" isGetter="false" isSetter="false">
              <Summary numSequencePoints="1" visitedSequencePoints="1" numBranchPoints="1" visitedBranchPoints="1" sequenceCoverage="100" branchCoverage="100" maxCyclomaticComplexity="1" minCyclomaticComplexity="1" />
              <MetadataToken>100663332</MetadataToken>
              <Name>System.Void Peanuts.Tests.RecipeBookTests/&lt;&gt;c__DisplayClass4::&lt;GetTest&gt;b__3()</Name>
              <FileRef uid="3" />
              <SequencePoints>
                <SequencePoint vc="1" uspid="54" ordinal="0" offset="0" sl="45" sc="39" el="45" ec="58" bec="0" bev="0" fileid="3" />
              </SequencePoints>
              <BranchPoints />
              <MethodPoint xsi:type="SequencePoint" vc="1" uspid="54" ordinal="0" offset="0" sl="45" sc="39" el="45" ec="58" bec="0" bev="0" fileid="3" />
            </Method>
          </Methods>
        </Class>
        <Class>
          <Summary numSequencePoints="157" visitedSequencePoints="157" numBranchPoints="27" visitedBranchPoints="24" sequenceCoverage="100" branchCoverage="88.89" maxCyclomaticComplexity="4" minCyclomaticComplexity="1" />
          <FullName>Peanuts.Tests.VendorTests</FullName>
          <Methods>
            <Method visited="true" cyclomaticComplexity="2" sequenceCoverage="100" branchCoverage="66.67" isConstructor="false" isStatic="false" isGetter="false" isSetter="false">
              <Summary numSequencePoints="4" visitedSequencePoints="4" numBranchPoints="3" visitedBranchPoints="2" sequenceCoverage="100" branchCoverage="66.67" maxCyclomaticComplexity="2" minCyclomaticComplexity="2" />
              <MetadataToken>100663316</MetadataToken>
              <Name>System.Void Peanuts.Tests.VendorTests::VendorTest()</Name>
              <FileRef uid="5" />
              <SequencePoints>
                <SequencePoint vc="1" uspid="55" ordinal="0" offset="0" sl="14" sc="9" el="14" ec="10" bec="0" bev="0" fileid="5" />
                <SequencePoint vc="1" uspid="56" ordinal="1" offset="1" sl="15" sc="13" el="15" ec="53" bec="2" bev="1" fileid="5" />
                <SequencePoint vc="1" uspid="57" ordinal="2" offset="38" sl="16" sc="13" el="16" ec="42" bec="0" bev="0" fileid="5" />
                <SequencePoint vc="1" uspid="58" ordinal="3" offset="49" sl="17" sc="9" el="17" ec="10" bec="0" bev="0" fileid="5" />
              </SequencePoints>
              <BranchPoints>
                <BranchPoint vc="1" uspid="59" ordinal="0" offset="6" path="0" offsetchain="" offsetend="8" />
                <BranchPoint vc="0" uspid="60" ordinal="1" offset="6" path="1" offsetchain="" offsetend="27" />
              </BranchPoints>
              <MethodPoint xsi:type="SequencePoint" vc="1" uspid="55" ordinal="0" offset="0" sl="14" sc="9" el="14" ec="10" bec="0" bev="0" fileid="5" />
            </Method>
            <Method visited="true" cyclomaticComplexity="1" sequenceCoverage="100" branchCoverage="100" isConstructor="false" isStatic="false" isGetter="false" isSetter="false">
              <Summary numSequencePoints="8" visitedSequencePoints="8" numBranchPoints="1" visitedBranchPoints="1" sequenceCoverage="100" branchCoverage="100" maxCyclomaticComplexity="1" minCyclomaticComplexity="1" />
              <MetadataToken>100663317</MetadataToken>
              <Name>System.Void Peanuts.Tests.VendorTests::MakeBagTest()</Name>
              <FileRef uid="5" />
              <SequencePoints>
                <SequencePoint vc="1" uspid="61" ordinal="0" offset="6" sl="21" sc="9" el="21" ec="10" bec="0" bev="0" fileid="5" />
                <SequencePoint vc="1" uspid="62" ordinal="1" offset="7" sl="22" sc="13" el="22" ec="34" bec="0" bev="0" fileid="5" />
                <SequencePoint vc="1" uspid="63" ordinal="2" offset="14" sl="23" sc="13" el="23" ec="86" bec="0" bev="0" fileid="5" />
                <SequencePoint vc="1" uspid="64" ordinal="3" offset="35" sl="24" sc="13" el="24" ec="39" bec="0" bev="0" fileid="5" />
                <SequencePoint vc="1" uspid="65" ordinal="4" offset="46" sl="25" sc="13" el="25" ec="28" bec="0" bev="0" fileid="5" />
                <SequencePoint vc="1" uspid="66" ordinal="5" offset="53" sl="26" sc="13" el="26" ec="82" bec="0" bev="0" fileid="5" />
                <SequencePoint vc="1" uspid="67" ordinal="6" offset="71" sl="27" sc="13" el="27" ec="33" bec="0" bev="0" fileid="5" />
                <SequencePoint vc="1" uspid="68" ordinal="7" offset="83" sl="28" sc="9" el="28" ec="10" bec="0" bev="0" fileid="5" />
              </SequencePoints>
              <BranchPoints />
              <MethodPoint vc="1" uspid="69" ordinal="0" offset="0" />
            </Method>
            <Method visited="true" cyclomaticComplexity="1" sequenceCoverage="100" branchCoverage="100" isConstructor="false" isStatic="false" isGetter="false" isSetter="false">
              <Summary numSequencePoints="9" visitedSequencePoints="9" numBranchPoints="1" visitedBranchPoints="1" sequenceCoverage="100" branchCoverage="100" maxCyclomaticComplexity="1" minCyclomaticComplexity="1" />
              <MetadataToken>100663318</MetadataToken>
              <Name>System.Void Peanuts.Tests.VendorTests::MakeBagTest1()</Name>
              <FileRef uid="5" />
              <SequencePoints>
                <SequencePoint vc="1" uspid="70" ordinal="0" offset="6" sl="32" sc="9" el="32" ec="10" bec="0" bev="0" fileid="5" />
                <SequencePoint vc="1" uspid="71" ordinal="1" offset="7" sl="33" sc="13" el="33" ec="34" bec="0" bev="0" fileid="5" />
                <SequencePoint vc="1" uspid="72" ordinal="2" offset="14" sl="34" sc="13" el="34" ec="86" bec="0" bev="0" fileid="5" />
                <SequencePoint vc="1" uspid="73" ordinal="3" offset="30" sl="35" sc="13" el="35" ec="39" bec="0" bev="0" fileid="5" />
                <SequencePoint vc="1" uspid="74" ordinal="4" offset="41" sl="36" sc="13" el="36" ec="60" bec="0" bev="0" fileid="5" />
                <SequencePoint vc="1" uspid="75" ordinal="5" offset="69" sl="37" sc="13" el="37" ec="29" bec="0" bev="0" fileid="5" />
                <SequencePoint vc="1" uspid="76" ordinal="6" offset="76" sl="38" sc="13" el="38" ec="68" bec="0" bev="0" fileid="5" />
                <SequencePoint vc="1" uspid="77" ordinal="7" offset="94" sl="39" sc="13" el="39" ec="34" bec="0" bev="0" fileid="5" />
                <SequencePoint vc="1" uspid="78" ordinal="8" offset="106" sl="40" sc="9" el="40" ec="10" bec="0" bev="0" fileid="5" />
              </SequencePoints>
              <BranchPoints />
              <MethodPoint vc="1" uspid="79" ordinal="0" offset="0" />
            </Method>
            <Method visited="true" cyclomaticComplexity="1" sequenceCoverage="100" branchCoverage="100" isConstructor="false" isStatic="false" isGetter="false" isSetter="false">
              <Summary numSequencePoints="8" visitedSequencePoints="8" numBranchPoints="1" visitedBranchPoints="1" sequenceCoverage="100" branchCoverage="100" maxCyclomaticComplexity="1" minCyclomaticComplexity="1" />
              <MetadataToken>100663319</MetadataToken>
              <Name>System.Void Peanuts.Tests.VendorTests::MakeBagTest2()</Name>
              <FileRef uid="5" />
              <SequencePoints>
                <SequencePoint vc="1" uspid="80" ordinal="0" offset="6" sl="44" sc="9" el="44" ec="10" bec="0" bev="0" fileid="5" />
                <SequencePoint vc="1" uspid="81" ordinal="1" offset="7" sl="45" sc="13" el="45" ec="34" bec="0" bev="0" fileid="5" />
                <SequencePoint vc="1" uspid="82" ordinal="2" offset="14" sl="46" sc="13" el="46" ec="39" bec="0" bev="0" fileid="5" />
                <SequencePoint vc="1" uspid="83" ordinal="3" offset="25" sl="47" sc="13" el="47" ec="28" bec="0" bev="0" fileid="5" />
                <SequencePoint vc="1" uspid="84" ordinal="4" offset="32" sl="48" sc="13" el="48" ec="97" bec="0" bev="0" fileid="5" />
                <SequencePoint vc="1" uspid="85" ordinal="5" offset="50" sl="49" sc="13" el="49" ec="33" bec="0" bev="0" fileid="5" />
                <SequencePoint vc="1" uspid="86" ordinal="6" offset="62" sl="50" sc="13" el="50" ec="62" bec="0" bev="0" fileid="5" />
                <SequencePoint vc="1" uspid="87" ordinal="7" offset="80" sl="51" sc="9" el="51" ec="10" bec="0" bev="0" fileid="5" />
              </SequencePoints>
              <BranchPoints />
              <MethodPoint vc="1" uspid="88" ordinal="0" offset="0" />
            </Method>
            <Method visited="true" cyclomaticComplexity="1" sequenceCoverage="100" branchCoverage="100" isConstructor="false" isStatic="false" isGetter="false" isSetter="false">
              <Summary numSequencePoints="9" visitedSequencePoints="9" numBranchPoints="1" visitedBranchPoints="1" sequenceCoverage="100" branchCoverage="100" maxCyclomaticComplexity="1" minCyclomaticComplexity="1" />
              <MetadataToken>100663320</MetadataToken>
              <Name>System.Void Peanuts.Tests.VendorTests::TryGetTest()</Name>
              <FileRef uid="5" />
              <SequencePoints>
                <SequencePoint vc="1" uspid="89" ordinal="0" offset="0" sl="55" sc="9" el="55" ec="10" bec="0" bev="0" fileid="5" />
                <SequencePoint vc="1" uspid="90" ordinal="1" offset="1" sl="56" sc="13" el="56" ec="34" bec="0" bev="0" fileid="5" />
                <SequencePoint vc="1" uspid="91" ordinal="2" offset="8" sl="57" sc="13" el="57" ec="39" bec="0" bev="0" fileid="5" />
                <SequencePoint vc="1" uspid="92" ordinal="3" offset="14" sl="58" sc="13" el="58" ec="56" bec="0" bev="0" fileid="5" />
                <SequencePoint vc="1" uspid="93" ordinal="4" offset="45" sl="59" sc="13" el="59" ec="29" bec="0" bev="0" fileid="5" />
                <SequencePoint vc="1" uspid="94" ordinal="5" offset="52" sl="61" sc="13" el="61" ec="56" bec="0" bev="0" fileid="5" />
                <SequencePoint vc="1" uspid="95" ordinal="6" offset="67" sl="62" sc="13" el="62" ec="39" bec="0" bev="0" fileid="5" />
                <SequencePoint vc="1" uspid="96" ordinal="7" offset="75" sl="63" sc="13" el="63" ec="60" bec="0" bev="0" fileid="5" />
                <SequencePoint vc="1" uspid="97" ordinal="8" offset="94" sl="64" sc="9" el="64" ec="10" bec="0" bev="0" fileid="5" />
              </SequencePoints>
              <BranchPoints />
              <MethodPoint xsi:type="SequencePoint" vc="1" uspid="89" ordinal="0" offset="0" sl="55" sc="9" el="55" ec="10" bec="0" bev="0" fileid="5" />
            </Method>
            <Method visited="true" cyclomaticComplexity="1" sequenceCoverage="100" branchCoverage="100" isConstructor="false" isStatic="false" isGetter="false" isSetter="false">
              <Summary numSequencePoints="12" visitedSequencePoints="12" numBranchPoints="1" visitedBranchPoints="1" sequenceCoverage="100" branchCoverage="100" maxCyclomaticComplexity="1" minCyclomaticComplexity="1" />
              <MetadataToken>100663321</MetadataToken>
              <Name>System.Void Peanuts.Tests.VendorTests::GetTest()</Name>
              <FileRef uid="5" />
              <SequencePoints>
                <SequencePoint vc="1" uspid="98" ordinal="0" offset="6" sl="68" sc="9" el="68" ec="10" bec="0" bev="0" fileid="5" />
                <SequencePoint vc="1" uspid="99" ordinal="1" offset="7" sl="69" sc="13" el="69" ec="34" bec="0" bev="0" fileid="5" />
                <SequencePoint vc="1" uspid="100" ordinal="2" offset="14" sl="70" sc="13" el="70" ec="39" bec="0" bev="0" fileid="5" />
                <SequencePoint vc="1" uspid="101" ordinal="3" offset="25" sl="71" sc="13" el="71" ec="57" bec="0" bev="0" fileid="5" />
                <SequencePoint vc="1" uspid="102" ordinal="4" offset="63" sl="72" sc="13" el="72" ec="57" bec="0" bev="0" fileid="5" />
                <SequencePoint vc="1" uspid="103" ordinal="5" offset="96" sl="73" sc="13" el="73" ec="43" bec="0" bev="0" fileid="5" />
                <SequencePoint vc="1" uspid="104" ordinal="6" offset="109" sl="74" sc="13" el="74" ec="50" bec="0" bev="0" fileid="5" />
                <SequencePoint vc="1" uspid="105" ordinal="7" offset="132" sl="75" sc="13" el="75" ec="60" bec="0" bev="0" fileid="5" />
                <SequencePoint vc="1" uspid="106" ordinal="8" offset="150" sl="76" sc="13" el="76" ec="55" bec="0" bev="0" fileid="5" />
                <SequencePoint vc="1" uspid="107" ordinal="9" offset="184" sl="77" sc="13" el="77" ec="55" bec="0" bev="0" fileid="5" />
                <SequencePoint vc="1" uspid="108" ordinal="10" offset="208" sl="78" sc="13" el="78" ec="48" bec="0" bev="0" fileid="5" />
                <SequencePoint vc="1" uspid="109" ordinal="11" offset="226" sl="79" sc="9" el="79" ec="10" bec="0" bev="0" fileid="5" />
              </SequencePoints>
              <BranchPoints />
              <MethodPoint vc="1" uspid="110" ordinal="0" offset="0" />
            </Method>
            <Method visited="true" cyclomaticComplexity="4" sequenceCoverage="100" branchCoverage="85.71" isConstructor="false" isStatic="false" isGetter="false" isSetter="false">
              <Summary numSequencePoints="26" visitedSequencePoints="26" numBranchPoints="7" visitedBranchPoints="6" sequenceCoverage="100" branchCoverage="85.71" maxCyclomaticComplexity="4" minCyclomaticComplexity="4" />
              <MetadataToken>100663322</MetadataToken>
              <Name>System.Void Peanuts.Tests.VendorTests::AllBagsTest()</Name>
              <FileRef uid="5" />
              <SequencePoints>
                <SequencePoint vc="1" uspid="111" ordinal="0" offset="0" sl="83" sc="9" el="83" ec="10" bec="0" bev="0" fileid="5" />
                <SequencePoint vc="1" uspid="112" ordinal="1" offset="1" sl="84" sc="13" el="84" ec="34" bec="0" bev="0" fileid="5" />
                <SequencePoint vc="1" uspid="113" ordinal="2" offset="8" sl="85" sc="13" el="85" ec="39" bec="0" bev="0" fileid="5" />
                <SequencePoint vc="1" uspid="114" ordinal="3" offset="14" sl="86" sc="13" el="86" ec="48" bec="0" bev="0" fileid="5" />
                <SequencePoint vc="1" uspid="115" ordinal="4" offset="20" sl="87" sc="13" el="87" ec="49" bec="0" bev="0" fileid="5" />
                <SequencePoint vc="1" uspid="116" ordinal="5" offset="26" sl="88" sc="18" el="88" ec="28" bec="0" bev="0" fileid="5" />
                <SequencePoint vc="10" uspid="117" ordinal="6" offset="30" sl="89" sc="13" el="89" ec="14" bec="0" bev="0" fileid="5" />
                <SequencePoint vc="10" uspid="118" ordinal="7" offset="31" sl="90" sc="17" el="90" ec="61" bec="0" bev="0" fileid="5" />
                <SequencePoint vc="10" uspid="119" ordinal="8" offset="63" sl="91" sc="17" el="91" ec="33" bec="0" bev="0" fileid="5" />
                <SequencePoint vc="10" uspid="120" ordinal="9" offset="77" sl="92" sc="17" el="92" ec="31" bec="0" bev="0" fileid="5" />
                <SequencePoint vc="10" uspid="121" ordinal="10" offset="86" sl="93" sc="13" el="93" ec="14" bec="0" bev="0" fileid="5" />
                <SequencePoint vc="10" uspid="122" ordinal="11" offset="87" sl="88" sc="37" el="88" ec="40" bec="0" bev="0" fileid="5" />
                <SequencePoint vc="11" uspid="123" ordinal="12" offset="91" sl="88" sc="29" el="88" ec="35" bec="2" bev="2" fileid="5" />
                <SequencePoint vc="1" uspid="124" ordinal="13" offset="102" sl="94" sc="13" el="94" ec="44" bec="0" bev="0" fileid="5" />
                <SequencePoint vc="1" uspid="125" ordinal="14" offset="116" sl="95" sc="13" el="95" ec="45" bec="0" bev="0" fileid="5" />
                <SequencePoint vc="1" uspid="126" ordinal="15" offset="130" sl="96" sc="13" el="96" ec="20" bec="0" bev="0" fileid="5" />
                <SequencePoint vc="1" uspid="127" ordinal="16" offset="131" sl="96" sc="33" el="96" ec="39" bec="0" bev="0" fileid="5" />
                <SequencePoint vc="10" uspid="128" ordinal="17" offset="141" sl="96" sc="22" el="96" ec="29" bec="0" bev="0" fileid="5" />
                <SequencePoint vc="10" uspid="129" ordinal="18" offset="150" sl="97" sc="13" el="97" ec="14" bec="0" bev="0" fileid="5" />
                <SequencePoint vc="10" uspid="130" ordinal="19" offset="151" sl="98" sc="17" el="98" ec="36" bec="0" bev="0" fileid="5" />
                <SequencePoint vc="10" uspid="131" ordinal="20" offset="165" sl="99" sc="17" el="99" ec="34" bec="0" bev="0" fileid="5" />
                <SequencePoint vc="10" uspid="132" ordinal="21" offset="174" sl="100" sc="13" el="100" ec="14" bec="0" bev="0" fileid="5" />
                <SequencePoint vc="11" uspid="133" ordinal="22" offset="175" sl="96" sc="30" el="96" ec="32" bec="4" bev="3" fileid="5" />
                <SequencePoint vc="1" uspid="134" ordinal="23" offset="211" sl="101" sc="13" el="101" ec="43" bec="0" bev="0" fileid="5" />
                <SequencePoint vc="1" uspid="135" ordinal="24" offset="224" sl="102" sc="13" el="102" ec="44" bec="0" bev="0" fileid="5" />
                <SequencePoint vc="1" uspid="136" ordinal="25" offset="237" sl="103" sc="9" el="103" ec="10" bec="0" bev="0" fileid="5" />
              </SequencePoints>
              <BranchPoints>
                <BranchPoint vc="1" uspid="137" ordinal="0" offset="100" path="0" offsetchain="" offsetend="102" />
                <BranchPoint vc="10" uspid="138" ordinal="1" offset="100" path="1" offsetchain="" offsetend="30" />
                <BranchPoint vc="1" uspid="139" ordinal="2" offset="186" path="0" offsetchain="" offsetend="188" />
                <BranchPoint vc="10" uspid="140" ordinal="3" offset="186" path="1" offsetchain="" offsetend="141" />
                <BranchPoint vc="1" uspid="141" ordinal="4" offset="199" path="0" offsetchain="" offsetend="201" />
                <BranchPoint vc="0" uspid="142" ordinal="5" offset="199" path="1" offsetchain="" offsetend="209" />
              </BranchPoints>
              <MethodPoint xsi:type="SequencePoint" vc="1" uspid="111" ordinal="0" offset="0" sl="83" sc="9" el="83" ec="10" bec="0" bev="0" fileid="5" />
            </Method>
            <Method visited="true" cyclomaticComplexity="1" sequenceCoverage="100" branchCoverage="100" isConstructor="false" isStatic="false" isGetter="false" isSetter="false">
              <Summary numSequencePoints="9" visitedSequencePoints="9" numBranchPoints="1" visitedBranchPoints="1" sequenceCoverage="100" branchCoverage="100" maxCyclomaticComplexity="1" minCyclomaticComplexity="1" />
              <MetadataToken>100663323</MetadataToken>
              <Name>System.Void Peanuts.Tests.VendorTests::AddTest()</Name>
              <FileRef uid="5" />
              <SequencePoints>
                <SequencePoint vc="1" uspid="143" ordinal="0" offset="6" sl="107" sc="9" el="107" ec="10" bec="0" bev="0" fileid="5" />
                <SequencePoint vc="1" uspid="144" ordinal="1" offset="7" sl="108" sc="13" el="108" ec="34" bec="0" bev="0" fileid="5" />
                <SequencePoint vc="1" uspid="145" ordinal="2" offset="14" sl="109" sc="13" el="109" ec="39" bec="0" bev="0" fileid="5" />
                <SequencePoint vc="1" uspid="146" ordinal="3" offset="25" sl="110" sc="13" el="110" ec="56" bec="0" bev="0" fileid="5" />
                <SequencePoint vc="1" uspid="147" ordinal="4" offset="63" sl="111" sc="13" el="111" ec="57" bec="0" bev="0" fileid="5" />
                <SequencePoint vc="1" uspid="148" ordinal="5" offset="88" sl="112" sc="13" el="112" ec="61" bec="0" bev="0" fileid="5" />
                <SequencePoint vc="1" uspid="149" ordinal="6" offset="106" sl="114" sc="13" el="114" ec="49" bec="0" bev="0" fileid="5" />
                <SequencePoint vc="1" uspid="150" ordinal="7" offset="125" sl="115" sc="13" el="115" ec="39" bec="0" bev="0" fileid="5" />
                <SequencePoint vc="1" uspid="151" ordinal="8" offset="138" sl="116" sc="9" el="116" ec="10" bec="0" bev="0" fileid="5" />
              </SequencePoints>
              <BranchPoints />
              <MethodPoint vc="1" uspid="152" ordinal="0" offset="0" />
            </Method>
            <Method visited="true" cyclomaticComplexity="1" sequenceCoverage="100" branchCoverage="100" isConstructor="false" isStatic="false" isGetter="false" isSetter="false">
              <Summary numSequencePoints="9" visitedSequencePoints="9" numBranchPoints="1" visitedBranchPoints="1" sequenceCoverage="100" branchCoverage="100" maxCyclomaticComplexity="1" minCyclomaticComplexity="1" />
              <MetadataToken>100663324</MetadataToken>
              <Name>System.Void Peanuts.Tests.VendorTests::RemoveTest()</Name>
              <FileRef uid="5" />
              <SequencePoints>
                <SequencePoint vc="1" uspid="153" ordinal="0" offset="6" sl="120" sc="9" el="120" ec="10" bec="0" bev="0" fileid="5" />
                <SequencePoint vc="1" uspid="154" ordinal="1" offset="7" sl="121" sc="13" el="121" ec="34" bec="0" bev="0" fileid="5" />
                <SequencePoint vc="1" uspid="155" ordinal="2" offset="14" sl="122" sc="13" el="122" ec="39" bec="0" bev="0" fileid="5" />
                <SequencePoint vc="1" uspid="156" ordinal="3" offset="25" sl="123" sc="13" el="123" ec="74" bec="0" bev="0" fileid="5" />
                <SequencePoint vc="1" uspid="157" ordinal="4" offset="76" sl="124" sc="13" el="124" ec="33" bec="0" bev="0" fileid="5" />
                <SequencePoint vc="1" uspid="158" ordinal="5" offset="83" sl="125" sc="13" el="125" ec="66" bec="0" bev="0" fileid="5" />
                <SequencePoint vc="1" uspid="159" ordinal="6" offset="101" sl="126" sc="13" el="126" ec="64" bec="0" bev="0" fileid="5" />
                <SequencePoint vc="1" uspid="160" ordinal="7" offset="119" sl="127" sc="13" el="127" ec="49" bec="0" bev="0" fileid="5" />
                <SequencePoint vc="1" uspid="161" ordinal="8" offset="142" sl="128" sc="9" el="128" ec="10" bec="0" bev="0" fileid="5" />
              </SequencePoints>
              <BranchPoints />
              <MethodPoint vc="1" uspid="162" ordinal="0" offset="0" />
            </Method>
            <Method visited="true" cyclomaticComplexity="1" sequenceCoverage="100" branchCoverage="100" isConstructor="false" isStatic="false" isGetter="false" isSetter="false">
              <Summary numSequencePoints="20" visitedSequencePoints="20" numBranchPoints="1" visitedBranchPoints="1" sequenceCoverage="100" branchCoverage="100" maxCyclomaticComplexity="1" minCyclomaticComplexity="1" />
              <MetadataToken>100663325</MetadataToken>
              <Name>System.Void Peanuts.Tests.VendorTests::MorphTest()</Name>
              <FileRef uid="5" />
              <SequencePoints>
                <SequencePoint vc="1" uspid="163" ordinal="0" offset="6" sl="132" sc="9" el="132" ec="10" bec="0" bev="0" fileid="5" />
                <SequencePoint vc="1" uspid="164" ordinal="1" offset="7" sl="133" sc="13" el="133" ec="34" bec="0" bev="0" fileid="5" />
                <SequencePoint vc="1" uspid="165" ordinal="2" offset="14" sl="134" sc="13" el="134" ec="86" bec="0" bev="0" fileid="5" />
                <SequencePoint vc="1" uspid="166" ordinal="3" offset="30" sl="135" sc="13" el="135" ec="39" bec="0" bev="0" fileid="5" />
                <SequencePoint vc="1" uspid="167" ordinal="4" offset="41" sl="136" sc="13" el="136" ec="60" bec="0" bev="0" fileid="5" />
                <SequencePoint vc="1" uspid="168" ordinal="5" offset="69" sl="137" sc="13" el="137" ec="33" bec="0" bev="0" fileid="5" />
                <SequencePoint vc="1" uspid="169" ordinal="6" offset="76" sl="138" sc="13" el="138" ec="67" bec="0" bev="0" fileid="5" />
                <SequencePoint vc="1" uspid="170" ordinal="7" offset="94" sl="139" sc="13" el="139" ec="39" bec="0" bev="0" fileid="5" />
                <SequencePoint vc="1" uspid="171" ordinal="8" offset="111" sl="140" sc="13" el="140" ec="60" bec="0" bev="0" fileid="5" />
                <SequencePoint vc="1" uspid="172" ordinal="9" offset="139" sl="141" sc="13" el="141" ec="65" bec="0" bev="0" fileid="5" />
                <SequencePoint vc="1" uspid="173" ordinal="10" offset="157" sl="143" sc="13" el="143" ec="49" bec="0" bev="0" fileid="5" />
                <SequencePoint vc="1" uspid="174" ordinal="11" offset="176" sl="144" sc="13" el="144" ec="33" bec="0" bev="0" fileid="5" />
                <SequencePoint vc="1" uspid="175" ordinal="12" offset="183" sl="145" sc="13" el="145" ec="50" bec="0" bev="0" fileid="5" />
                <SequencePoint vc="1" uspid="176" ordinal="13" offset="210" sl="146" sc="13" el="146" ec="67" bec="0" bev="0" fileid="5" />
                <SequencePoint vc="1" uspid="177" ordinal="14" offset="228" sl="147" sc="13" el="147" ec="33" bec="0" bev="0" fileid="5" />
                <SequencePoint vc="1" uspid="178" ordinal="15" offset="240" sl="148" sc="13" el="148" ec="55" bec="0" bev="0" fileid="5" />
                <SequencePoint vc="1" uspid="179" ordinal="16" offset="262" sl="149" sc="13" el="149" ec="54" bec="0" bev="0" fileid="5" />
                <SequencePoint vc="1" uspid="180" ordinal="17" offset="300" sl="150" sc="13" el="150" ec="38" bec="0" bev="0" fileid="5" />
                <SequencePoint vc="1" uspid="181" ordinal="18" offset="324" sl="151" sc="13" el="151" ec="50" bec="0" bev="0" fileid="5" />
                <SequencePoint vc="1" uspid="182" ordinal="19" offset="343" sl="152" sc="9" el="152" ec="10" bec="0" bev="0" fileid="5" />
              </SequencePoints>
              <BranchPoints />
              <MethodPoint vc="1" uspid="183" ordinal="0" offset="0" />
            </Method>
            <Method visited="true" cyclomaticComplexity="1" sequenceCoverage="100" branchCoverage="100" isConstructor="false" isStatic="false" isGetter="false" isSetter="false">
              <Summary numSequencePoints="12" visitedSequencePoints="12" numBranchPoints="1" visitedBranchPoints="1" sequenceCoverage="100" branchCoverage="100" maxCyclomaticComplexity="1" minCyclomaticComplexity="1" />
              <MetadataToken>100663326</MetadataToken>
              <Name>System.Void Peanuts.Tests.VendorTests::DiscardTest()</Name>
              <FileRef uid="5" />
              <SequencePoints>
                <SequencePoint vc="1" uspid="184" ordinal="0" offset="6" sl="156" sc="9" el="156" ec="10" bec="0" bev="0" fileid="5" />
                <SequencePoint vc="1" uspid="185" ordinal="1" offset="7" sl="157" sc="13" el="157" ec="34" bec="0" bev="0" fileid="5" />
                <SequencePoint vc="1" uspid="186" ordinal="2" offset="14" sl="158" sc="13" el="158" ec="86" bec="0" bev="0" fileid="5" />
                <SequencePoint vc="1" uspid="187" ordinal="3" offset="30" sl="159" sc="13" el="159" ec="39" bec="0" bev="0" fileid="5" />
                <SequencePoint vc="1" uspid="188" ordinal="4" offset="41" sl="160" sc="13" el="160" ec="60" bec="0" bev="0" fileid="5" />
                <SequencePoint vc="1" uspid="189" ordinal="5" offset="69" sl="161" sc="13" el="161" ec="31" bec="0" bev="0" fileid="5" />
                <SequencePoint vc="1" uspid="190" ordinal="6" offset="81" sl="162" sc="13" el="162" ec="50" bec="0" bev="0" fileid="5" />
                <SequencePoint vc="1" uspid="191" ordinal="7" offset="111" sl="163" sc="13" el="163" ec="47" bec="0" bev="0" fileid="5" />
                <SequencePoint vc="1" uspid="192" ordinal="8" offset="129" sl="164" sc="13" el="164" ec="61" bec="0" bev="0" fileid="5" />
                <SequencePoint vc="1" uspid="193" ordinal="9" offset="147" sl="165" sc="13" el="165" ec="48" bec="0" bev="0" fileid="5" />
                <SequencePoint vc="1" uspid="194" ordinal="10" offset="165" sl="166" sc="13" el="166" ec="58" bec="0" bev="0" fileid="5" />
                <SequencePoint vc="1" uspid="195" ordinal="11" offset="189" sl="167" sc="9" el="167" ec="10" bec="0" bev="0" fileid="5" />
              </SequencePoints>
              <BranchPoints />
              <MethodPoint vc="1" uspid="196" ordinal="0" offset="0" />
            </Method>
            <Method visited="true" cyclomaticComplexity="4" sequenceCoverage="100" branchCoverage="85.71" isConstructor="false" isStatic="false" isGetter="false" isSetter="false">
              <Summary numSequencePoints="30" visitedSequencePoints="30" numBranchPoints="7" visitedBranchPoints="6" sequenceCoverage="100" branchCoverage="85.71" maxCyclomaticComplexity="4" minCyclomaticComplexity="4" />
              <MetadataToken>100663327</MetadataToken>
              <Name>System.Void Peanuts.Tests.VendorTests::SerializeTest()</Name>
              <FileRef uid="5" />
              <SequencePoints>
                <SequencePoint vc="1" uspid="197" ordinal="0" offset="0" sl="171" sc="9" el="171" ec="10" bec="0" bev="0" fileid="5" />
                <SequencePoint vc="1" uspid="198" ordinal="1" offset="1" sl="172" sc="13" el="172" ec="34" bec="0" bev="0" fileid="5" />
                <SequencePoint vc="1" uspid="199" ordinal="2" offset="8" sl="173" sc="13" el="173" ec="86" bec="0" bev="0" fileid="5" />
                <SequencePoint vc="1" uspid="200" ordinal="3" offset="24" sl="174" sc="13" el="174" ec="39" bec="0" bev="0" fileid="5" />
                <SequencePoint vc="1" uspid="201" ordinal="4" offset="30" sl="175" sc="13" el="175" ec="49" bec="0" bev="0" fileid="5" />
                <SequencePoint vc="1" uspid="202" ordinal="5" offset="48" sl="176" sc="13" el="176" ec="49" bec="0" bev="0" fileid="5" />
                <SequencePoint vc="1" uspid="203" ordinal="6" offset="66" sl="177" sc="13" el="177" ec="105" bec="0" bev="0" fileid="5" />
                <SequencePoint vc="1" uspid="204" ordinal="7" offset="79" sl="178" sc="13" el="178" ec="89" bec="0" bev="0" fileid="5" />
                <SequencePoint vc="1" uspid="205" ordinal="8" offset="91" sl="179" sc="13" el="179" ec="48" bec="0" bev="0" fileid="5" />
                <SequencePoint vc="1" uspid="206" ordinal="9" offset="104" sl="180" sc="13" el="180" ec="50" bec="0" bev="0" fileid="5" />
                <SequencePoint vc="1" uspid="207" ordinal="10" offset="134" sl="181" sc="13" el="181" ec="30" bec="0" bev="0" fileid="5" />
                <SequencePoint vc="1" uspid="208" ordinal="11" offset="137" sl="182" sc="13" el="182" ec="20" bec="0" bev="0" fileid="5" />
                <SequencePoint vc="1" uspid="209" ordinal="12" offset="138" sl="182" sc="33" el="182" ec="39" bec="0" bev="0" fileid="5" />
                <SequencePoint vc="2" uspid="210" ordinal="13" offset="158" sl="182" sc="22" el="182" ec="29" bec="0" bev="0" fileid="5" />
                <SequencePoint vc="2" uspid="211" ordinal="14" offset="188" sl="183" sc="13" el="183" ec="14" bec="0" bev="0" fileid="5" />
                <SequencePoint vc="2" uspid="212" ordinal="15" offset="189" sl="184" sc="17" el="184" ec="38" bec="0" bev="0" fileid="5" />
                <SequencePoint vc="2" uspid="213" ordinal="16" offset="197" sl="185" sc="17" el="185" ec="71" bec="0" bev="0" fileid="5" />
                <SequencePoint vc="2" uspid="214" ordinal="17" offset="216" sl="186" sc="17" el="186" ec="38" bec="0" bev="0" fileid="5" />
                <SequencePoint vc="2" uspid="215" ordinal="18" offset="229" sl="187" sc="17" el="187" ec="57" bec="0" bev="0" fileid="5" />
                <SequencePoint vc="2" uspid="216" ordinal="19" offset="252" sl="188" sc="17" el="188" ec="40" bec="2" bev="2" fileid="5" />
                <SequencePoint vc="1" uspid="217" ordinal="20" offset="271" sl="188" sc="41" el="188" ec="50" bec="0" bev="0" fileid="5" />
                <SequencePoint vc="1" uspid="218" ordinal="21" offset="273" sl="189" sc="17" el="189" ec="38" bec="0" bev="0" fileid="5" />
                <SequencePoint vc="1" uspid="219" ordinal="22" offset="281" sl="190" sc="17" el="190" ec="71" bec="0" bev="0" fileid="5" />
                <SequencePoint vc="1" uspid="220" ordinal="23" offset="300" sl="191" sc="17" el="191" ec="38" bec="0" bev="0" fileid="5" />
                <SequencePoint vc="1" uspid="221" ordinal="24" offset="313" sl="192" sc="17" el="192" ec="55" bec="0" bev="0" fileid="5" />
                <SequencePoint vc="1" uspid="222" ordinal="25" offset="346" sl="193" sc="17" el="193" ec="28" bec="0" bev="0" fileid="5" />
                <SequencePoint vc="1" uspid="223" ordinal="26" offset="352" sl="194" sc="13" el="194" ec="14" bec="0" bev="0" fileid="5" />
                <SequencePoint vc="3" uspid="224" ordinal="27" offset="353" sl="182" sc="30" el="182" ec="32" bec="4" bev="3" fileid="5" />
                <SequencePoint vc="1" uspid="225" ordinal="28" offset="392" sl="195" sc="13" el="195" ec="42" bec="0" bev="0" fileid="5" />
                <SequencePoint vc="1" uspid="226" ordinal="29" offset="401" sl="196" sc="9" el="196" ec="10" bec="0" bev="0" fileid="5" />
              </SequencePoints>
              <BranchPoints>
                <BranchPoint vc="1" uspid="227" ordinal="0" offset="269" path="0" offsetchain="271" offsetend="353" />
                <BranchPoint vc="1" uspid="228" ordinal="1" offset="269" path="1" offsetchain="" offsetend="273" />
                <BranchPoint vc="1" uspid="229" ordinal="2" offset="364" path="0" offsetchain="" offsetend="369" />
                <BranchPoint vc="2" uspid="230" ordinal="3" offset="364" path="1" offsetchain="" offsetend="151" />
                <BranchPoint vc="1" uspid="231" ordinal="4" offset="380" path="0" offsetchain="" offsetend="382" />
                <BranchPoint vc="0" uspid="232" ordinal="5" offset="380" path="1" offsetchain="" offsetend="390" />
              </BranchPoints>
              <MethodPoint xsi:type="SequencePoint" vc="1" uspid="197" ordinal="0" offset="0" sl="171" sc="9" el="171" ec="10" bec="0" bev="0" fileid="5" />
            </Method>
            <Method visited="true" cyclomaticComplexity="1" sequenceCoverage="0" branchCoverage="0" isConstructor="true" isStatic="false" isGetter="false" isSetter="false">
              <Summary numSequencePoints="0" visitedSequencePoints="0" numBranchPoints="0" visitedBranchPoints="0" sequenceCoverage="0" branchCoverage="0" maxCyclomaticComplexity="1" minCyclomaticComplexity="1" />
              <MetadataToken>100663328</MetadataToken>
              <Name>System.Void Peanuts.Tests.VendorTests::.ctor()</Name>
              <SequencePoints />
              <BranchPoints />
              <MethodPoint vc="1" uspid="233" ordinal="0" offset="0" />
            </Method>
            <Method visited="true" cyclomaticComplexity="1" sequenceCoverage="100" branchCoverage="100" isConstructor="false" isStatic="true" isGetter="false" isSetter="false">
              <Summary numSequencePoints="1" visitedSequencePoints="1" numBranchPoints="1" visitedBranchPoints="1" sequenceCoverage="100" branchCoverage="100" maxCyclomaticComplexity="1" minCyclomaticComplexity="1" />
              <MetadataToken>100663329</MetadataToken>
              <Name>System.Void Peanuts.Tests.VendorTests::&lt;VendorTest&gt;b__0()</Name>
              <FileRef uid="5" />
              <SequencePoints>
                <SequencePoint vc="1" uspid="234" ordinal="0" offset="0" sl="15" sc="39" el="15" ec="51" bec="0" bev="0" fileid="5" />
              </SequencePoints>
              <BranchPoints />
              <MethodPoint xsi:type="SequencePoint" vc="1" uspid="234" ordinal="0" offset="0" sl="15" sc="39" el="15" ec="51" bec="0" bev="0" fileid="5" />
            </Method>
          </Methods>
        </Class>
        <Class>
          <Summary numSequencePoints="1" visitedSequencePoints="1" numBranchPoints="1" visitedBranchPoints="1" sequenceCoverage="100" branchCoverage="100" maxCyclomaticComplexity="1" minCyclomaticComplexity="1" />
          <FullName>Peanuts.Tests.VendorTests/&lt;&gt;c__DisplayClass3</FullName>
          <Methods>
            <Method visited="true" cyclomaticComplexity="1" sequenceCoverage="0" branchCoverage="0" isConstructor="true" isStatic="false" isGetter="false" isSetter="false">
              <Summary numSequencePoints="0" visitedSequencePoints="0" numBranchPoints="0" visitedBranchPoints="0" sequenceCoverage="0" branchCoverage="0" maxCyclomaticComplexity="1" minCyclomaticComplexity="1" />
              <MetadataToken>100663333</MetadataToken>
              <Name>System.Void Peanuts.Tests.VendorTests/&lt;&gt;c__DisplayClass3::.ctor()</Name>
              <SequencePoints />
              <BranchPoints />
              <MethodPoint vc="1" uspid="235" ordinal="0" offset="0" />
            </Method>
            <Method visited="true" cyclomaticComplexity="1" sequenceCoverage="100" branchCoverage="100" isConstructor="false" isStatic="false" isGetter="false" isSetter="false">
              <Summary numSequencePoints="1" visitedSequencePoints="1" numBranchPoints="1" visitedBranchPoints="1" sequenceCoverage="100" branchCoverage="100" maxCyclomaticComplexity="1" minCyclomaticComplexity="1" />
              <MetadataToken>100663334</MetadataToken>
              <Name>System.Void Peanuts.Tests.VendorTests/&lt;&gt;c__DisplayClass3::&lt;MakeBagTest&gt;b__2()</Name>
              <FileRef uid="5" />
              <SequencePoints>
                <SequencePoint vc="1" uspid="236" ordinal="0" offset="0" sl="26" sc="39" el="26" ec="80" bec="0" bev="0" fileid="5" />
              </SequencePoints>
              <BranchPoints />
              <MethodPoint xsi:type="SequencePoint" vc="1" uspid="236" ordinal="0" offset="0" sl="26" sc="39" el="26" ec="80" bec="0" bev="0" fileid="5" />
            </Method>
          </Methods>
        </Class>
        <Class>
          <Summary numSequencePoints="1" visitedSequencePoints="1" numBranchPoints="1" visitedBranchPoints="1" sequenceCoverage="100" branchCoverage="100" maxCyclomaticComplexity="1" minCyclomaticComplexity="1" />
          <FullName>Peanuts.Tests.VendorTests/&lt;&gt;c__DisplayClass6</FullName>
          <Methods>
            <Method visited="true" cyclomaticComplexity="1" sequenceCoverage="0" branchCoverage="0" isConstructor="true" isStatic="false" isGetter="false" isSetter="false">
              <Summary numSequencePoints="0" visitedSequencePoints="0" numBranchPoints="0" visitedBranchPoints="0" sequenceCoverage="0" branchCoverage="0" maxCyclomaticComplexity="1" minCyclomaticComplexity="1" />
              <MetadataToken>100663335</MetadataToken>
              <Name>System.Void Peanuts.Tests.VendorTests/&lt;&gt;c__DisplayClass6::.ctor()</Name>
              <SequencePoints />
              <BranchPoints />
              <MethodPoint vc="1" uspid="237" ordinal="0" offset="0" />
            </Method>
            <Method visited="true" cyclomaticComplexity="1" sequenceCoverage="100" branchCoverage="100" isConstructor="false" isStatic="false" isGetter="false" isSetter="false">
              <Summary numSequencePoints="1" visitedSequencePoints="1" numBranchPoints="1" visitedBranchPoints="1" sequenceCoverage="100" branchCoverage="100" maxCyclomaticComplexity="1" minCyclomaticComplexity="1" />
              <MetadataToken>100663336</MetadataToken>
              <Name>System.Void Peanuts.Tests.VendorTests/&lt;&gt;c__DisplayClass6::&lt;MakeBagTest1&gt;b__5()</Name>
              <FileRef uid="5" />
              <SequencePoints>
                <SequencePoint vc="1" uspid="238" ordinal="0" offset="0" sl="38" sc="39" el="38" ec="66" bec="0" bev="0" fileid="5" />
              </SequencePoints>
              <BranchPoints />
              <MethodPoint xsi:type="SequencePoint" vc="1" uspid="238" ordinal="0" offset="0" sl="38" sc="39" el="38" ec="66" bec="0" bev="0" fileid="5" />
            </Method>
          </Methods>
        </Class>
        <Class>
          <Summary numSequencePoints="2" visitedSequencePoints="2" numBranchPoints="2" visitedBranchPoints="2" sequenceCoverage="100" branchCoverage="100" maxCyclomaticComplexity="1" minCyclomaticComplexity="1" />
          <FullName>Peanuts.Tests.VendorTests/&lt;&gt;c__DisplayClassa</FullName>
          <Methods>
            <Method visited="true" cyclomaticComplexity="1" sequenceCoverage="0" branchCoverage="0" isConstructor="true" isStatic="false" isGetter="false" isSetter="false">
              <Summary numSequencePoints="0" visitedSequencePoints="0" numBranchPoints="0" visitedBranchPoints="0" sequenceCoverage="0" branchCoverage="0" maxCyclomaticComplexity="1" minCyclomaticComplexity="1" />
              <MetadataToken>100663337</MetadataToken>
              <Name>System.Void Peanuts.Tests.VendorTests/&lt;&gt;c__DisplayClassa::.ctor()</Name>
              <SequencePoints />
              <BranchPoints />
              <MethodPoint vc="1" uspid="239" ordinal="0" offset="0" />
            </Method>
            <Method visited="true" cyclomaticComplexity="1" sequenceCoverage="100" branchCoverage="100" isConstructor="false" isStatic="false" isGetter="false" isSetter="false">
              <Summary numSequencePoints="1" visitedSequencePoints="1" numBranchPoints="1" visitedBranchPoints="1" sequenceCoverage="100" branchCoverage="100" maxCyclomaticComplexity="1" minCyclomaticComplexity="1" />
              <MetadataToken>100663338</MetadataToken>
              <Name>System.Void Peanuts.Tests.VendorTests/&lt;&gt;c__DisplayClassa::&lt;MakeBagTest2&gt;b__8()</Name>
              <FileRef uid="5" />
              <SequencePoints>
                <SequencePoint vc="1" uspid="240" ordinal="0" offset="0" sl="48" sc="39" el="48" ec="95" bec="0" bev="0" fileid="5" />
              </SequencePoints>
              <BranchPoints />
              <MethodPoint xsi:type="SequencePoint" vc="1" uspid="240" ordinal="0" offset="0" sl="48" sc="39" el="48" ec="95" bec="0" bev="0" fileid="5" />
            </Method>
            <Method visited="true" cyclomaticComplexity="1" sequenceCoverage="100" branchCoverage="100" isConstructor="false" isStatic="false" isGetter="false" isSetter="false">
              <Summary numSequencePoints="1" visitedSequencePoints="1" numBranchPoints="1" visitedBranchPoints="1" sequenceCoverage="100" branchCoverage="100" maxCyclomaticComplexity="1" minCyclomaticComplexity="1" />
              <MetadataToken>100663339</MetadataToken>
              <Name>System.Void Peanuts.Tests.VendorTests/&lt;&gt;c__DisplayClassa::&lt;MakeBagTest2&gt;b__9()</Name>
              <FileRef uid="5" />
              <SequencePoints>
                <SequencePoint vc="1" uspid="241" ordinal="0" offset="0" sl="50" sc="32" el="50" ec="60" bec="0" bev="0" fileid="5" />
              </SequencePoints>
              <BranchPoints />
              <MethodPoint xsi:type="SequencePoint" vc="1" uspid="241" ordinal="0" offset="0" sl="50" sc="32" el="50" ec="60" bec="0" bev="0" fileid="5" />
            </Method>
          </Methods>
        </Class>
        <Class>
          <Summary numSequencePoints="2" visitedSequencePoints="2" numBranchPoints="2" visitedBranchPoints="2" sequenceCoverage="100" branchCoverage="100" maxCyclomaticComplexity="1" minCyclomaticComplexity="1" />
          <FullName>Peanuts.Tests.VendorTests/&lt;&gt;c__DisplayClasse</FullName>
          <Methods>
            <Method visited="true" cyclomaticComplexity="1" sequenceCoverage="0" branchCoverage="0" isConstructor="true" isStatic="false" isGetter="false" isSetter="false">
              <Summary numSequencePoints="0" visitedSequencePoints="0" numBranchPoints="0" visitedBranchPoints="0" sequenceCoverage="0" branchCoverage="0" maxCyclomaticComplexity="1" minCyclomaticComplexity="1" />
              <MetadataToken>100663340</MetadataToken>
              <Name>System.Void Peanuts.Tests.VendorTests/&lt;&gt;c__DisplayClasse::.ctor()</Name>
              <SequencePoints />
              <BranchPoints />
              <MethodPoint vc="1" uspid="242" ordinal="0" offset="0" />
            </Method>
            <Method visited="true" cyclomaticComplexity="1" sequenceCoverage="100" branchCoverage="100" isConstructor="false" isStatic="false" isGetter="false" isSetter="false">
              <Summary numSequencePoints="1" visitedSequencePoints="1" numBranchPoints="1" visitedBranchPoints="1" sequenceCoverage="100" branchCoverage="100" maxCyclomaticComplexity="1" minCyclomaticComplexity="1" />
              <MetadataToken>100663341</MetadataToken>
              <Name>System.Void Peanuts.Tests.VendorTests/&lt;&gt;c__DisplayClasse::&lt;GetTest&gt;b__c()</Name>
              <FileRef uid="5" />
              <SequencePoints>
                <SequencePoint vc="1" uspid="243" ordinal="0" offset="0" sl="75" sc="39" el="75" ec="58" bec="0" bev="0" fileid="5" />
              </SequencePoints>
              <BranchPoints />
              <MethodPoint xsi:type="SequencePoint" vc="1" uspid="243" ordinal="0" offset="0" sl="75" sc="39" el="75" ec="58" bec="0" bev="0" fileid="5" />
            </Method>
            <Method visited="true" cyclomaticComplexity="1" sequenceCoverage="100" branchCoverage="100" isConstructor="false" isStatic="false" isGetter="false" isSetter="false">
              <Summary numSequencePoints="1" visitedSequencePoints="1" numBranchPoints="1" visitedBranchPoints="1" sequenceCoverage="100" branchCoverage="100" maxCyclomaticComplexity="1" minCyclomaticComplexity="1" />
              <MetadataToken>100663342</MetadataToken>
              <Name>System.Void Peanuts.Tests.VendorTests/&lt;&gt;c__DisplayClasse::&lt;GetTest&gt;b__d()</Name>
              <FileRef uid="5" />
              <SequencePoints>
                <SequencePoint vc="1" uspid="244" ordinal="0" offset="0" sl="78" sc="32" el="78" ec="46" bec="0" bev="0" fileid="5" />
              </SequencePoints>
              <BranchPoints />
              <MethodPoint xsi:type="SequencePoint" vc="1" uspid="244" ordinal="0" offset="0" sl="78" sc="32" el="78" ec="46" bec="0" bev="0" fileid="5" />
            </Method>
          </Methods>
        </Class>
        <Class>
          <Summary numSequencePoints="1" visitedSequencePoints="1" numBranchPoints="1" visitedBranchPoints="1" sequenceCoverage="100" branchCoverage="100" maxCyclomaticComplexity="1" minCyclomaticComplexity="1" />
          <FullName>Peanuts.Tests.VendorTests/&lt;&gt;c__DisplayClass12</FullName>
          <Methods>
            <Method visited="true" cyclomaticComplexity="1" sequenceCoverage="0" branchCoverage="0" isConstructor="true" isStatic="false" isGetter="false" isSetter="false">
              <Summary numSequencePoints="0" visitedSequencePoints="0" numBranchPoints="0" visitedBranchPoints="0" sequenceCoverage="0" branchCoverage="0" maxCyclomaticComplexity="1" minCyclomaticComplexity="1" />
              <MetadataToken>100663343</MetadataToken>
              <Name>System.Void Peanuts.Tests.VendorTests/&lt;&gt;c__DisplayClass12::.ctor()</Name>
              <SequencePoints />
              <BranchPoints />
              <MethodPoint vc="1" uspid="245" ordinal="0" offset="0" />
            </Method>
            <Method visited="true" cyclomaticComplexity="1" sequenceCoverage="100" branchCoverage="100" isConstructor="false" isStatic="false" isGetter="false" isSetter="false">
              <Summary numSequencePoints="1" visitedSequencePoints="1" numBranchPoints="1" visitedBranchPoints="1" sequenceCoverage="100" branchCoverage="100" maxCyclomaticComplexity="1" minCyclomaticComplexity="1" />
              <MetadataToken>100663344</MetadataToken>
              <Name>System.Void Peanuts.Tests.VendorTests/&lt;&gt;c__DisplayClass12::&lt;AddTest&gt;b__11()</Name>
              <FileRef uid="5" />
              <SequencePoints>
                <SequencePoint vc="1" uspid="246" ordinal="0" offset="0" sl="112" sc="39" el="112" ec="59" bec="0" bev="0" fileid="5" />
              </SequencePoints>
              <BranchPoints />
              <MethodPoint xsi:type="SequencePoint" vc="1" uspid="246" ordinal="0" offset="0" sl="112" sc="39" el="112" ec="59" bec="0" bev="0" fileid="5" />
            </Method>
          </Methods>
        </Class>
        <Class>
          <Summary numSequencePoints="2" visitedSequencePoints="2" numBranchPoints="2" visitedBranchPoints="2" sequenceCoverage="100" branchCoverage="100" maxCyclomaticComplexity="1" minCyclomaticComplexity="1" />
          <FullName>Peanuts.Tests.VendorTests/&lt;&gt;c__DisplayClass16</FullName>
          <Methods>
            <Method visited="true" cyclomaticComplexity="1" sequenceCoverage="0" branchCoverage="0" isConstructor="true" isStatic="false" isGetter="false" isSetter="false">
              <Summary numSequencePoints="0" visitedSequencePoints="0" numBranchPoints="0" visitedBranchPoints="0" sequenceCoverage="0" branchCoverage="0" maxCyclomaticComplexity="1" minCyclomaticComplexity="1" />
              <MetadataToken>100663345</MetadataToken>
              <Name>System.Void Peanuts.Tests.VendorTests/&lt;&gt;c__DisplayClass16::.ctor()</Name>
              <SequencePoints />
              <BranchPoints />
              <MethodPoint vc="1" uspid="247" ordinal="0" offset="0" />
            </Method>
            <Method visited="true" cyclomaticComplexity="1" sequenceCoverage="100" branchCoverage="100" isConstructor="false" isStatic="false" isGetter="false" isSetter="false">
              <Summary numSequencePoints="1" visitedSequencePoints="1" numBranchPoints="1" visitedBranchPoints="1" sequenceCoverage="100" branchCoverage="100" maxCyclomaticComplexity="1" minCyclomaticComplexity="1" />
              <MetadataToken>100663346</MetadataToken>
              <Name>System.Void Peanuts.Tests.VendorTests/&lt;&gt;c__DisplayClass16::&lt;RemoveTest&gt;b__14()</Name>
              <FileRef uid="5" />
              <SequencePoints>
                <SequencePoint vc="1" uspid="248" ordinal="0" offset="0" sl="125" sc="39" el="125" ec="64" bec="0" bev="0" fileid="5" />
              </SequencePoints>
              <BranchPoints />
              <MethodPoint xsi:type="SequencePoint" vc="1" uspid="248" ordinal="0" offset="0" sl="125" sc="39" el="125" ec="64" bec="0" bev="0" fileid="5" />
            </Method>
            <Method visited="true" cyclomaticComplexity="1" sequenceCoverage="100" branchCoverage="100" isConstructor="false" isStatic="false" isGetter="false" isSetter="false">
              <Summary numSequencePoints="1" visitedSequencePoints="1" numBranchPoints="1" visitedBranchPoints="1" sequenceCoverage="100" branchCoverage="100" maxCyclomaticComplexity="1" minCyclomaticComplexity="1" />
              <MetadataToken>100663347</MetadataToken>
              <Name>System.Void Peanuts.Tests.VendorTests/&lt;&gt;c__DisplayClass16::&lt;RemoveTest&gt;b__15()</Name>
              <FileRef uid="5" />
              <SequencePoints>
[...]
            </Method>
            <Method visited="true" cyclomaticComplexity="1" sequenceCoverage="100" branchCoverage="100" isConstructor="false" isStatic="true" isGetter="false" isSetter="false">
              <Summary numSequencePoints="1" visitedSequencePoints="1" numBranchPoints="1" visitedBranchPoints="1" sequenceCoverage="100" branchCoverage="100" maxCyclomaticComplexity="1" minCyclomaticComplexity="1" />
              <MetadataToken>100663377</MetadataToken>
              <Name>Peanuts.Nut Peanuts.Vendor::&lt;MakeBag&gt;b__0(Peanuts.Nut)</Name>
              <FileRef uid="39" />
              <SequencePoints>
                <SequencePoint vc="1" uspid="830" ordinal="0" offset="0" sl="109" sc="59" el="109" ec="75" bec="0" bev="0" fileid="39" />
              </SequencePoints>
              <BranchPoints />
              <MethodPoint xsi:type="SequencePoint" vc="1" uspid="830" ordinal="0" offset="0" sl="109" sc="59" el="109" ec="75" bec="0" bev="0" fileid="39" />
            </Method>
            <Method visited="true" cyclomaticComplexity="1" sequenceCoverage="100" branchCoverage="100" isConstructor="false" isStatic="true" isGetter="false" isSetter="false">
              <Summary numSequencePoints="1" visitedSequencePoints="1" numBranchPoints="1" visitedBranchPoints="1" sequenceCoverage="100" branchCoverage="100" maxCyclomaticComplexity="1" minCyclomaticComplexity="1" />
              <MetadataToken>100663378</MetadataToken>
              <Name>Peanuts.Nut Peanuts.Vendor::&lt;MakeBag&gt;b__2(System.Type)</Name>
              <FileRef uid="39" />
              <SequencePoints>
                <SequencePoint vc="20" uspid="831" ordinal="0" offset="0" sl="119" sc="49" el="119" ec="83" bec="0" bev="0" fileid="39" />
              </SequencePoints>
              <BranchPoints />
              <MethodPoint xsi:type="SequencePoint" vc="20" uspid="831" ordinal="0" offset="0" sl="119" sc="49" el="119" ec="83" bec="0" bev="0" fileid="39" />
            </Method>
          </Methods>
        </Class>
        <Class>
          <Summary numSequencePoints="31" visitedSequencePoints="25" numBranchPoints="15" visitedBranchPoints="10" sequenceCoverage="80.65" branchCoverage="66.67" maxCyclomaticComplexity="6" minCyclomaticComplexity="1" />
          <FullName>Peanuts.VendorSerializer</FullName>
          <Methods>
            <Method visited="true" cyclomaticComplexity="2" sequenceCoverage="100" branchCoverage="100" isConstructor="false" isStatic="false" isGetter="false" isSetter="false">
              <Summary numSequencePoints="12" visitedSequencePoints="12" numBranchPoints="3" visitedBranchPoints="3" sequenceCoverage="100" branchCoverage="100" maxCyclomaticComplexity="2" minCyclomaticComplexity="2" />
              <MetadataToken>100663379</MetadataToken>
              <Name>System.Void Peanuts.VendorSerializer::WriteJson(Newtonsoft.Json.JsonWriter,System.Object,Newtonsoft.Json.JsonSerializer)</Name>
              <FileRef uid="39" />
              <SequencePoints>
                <SequencePoint vc="1" uspid="832" ordinal="0" offset="0" sl="237" sc="9" el="237" ec="10" bec="0" bev="0" fileid="39" />
                <SequencePoint vc="1" uspid="833" ordinal="1" offset="1" sl="238" sc="13" el="238" ec="37" bec="0" bev="0" fileid="39" />
                <SequencePoint vc="1" uspid="834" ordinal="2" offset="8" sl="239" sc="13" el="239" ec="38" bec="0" bev="0" fileid="39" />
                <SequencePoint vc="1" uspid="835" ordinal="3" offset="15" sl="240" sc="13" el="240" ec="20" bec="0" bev="0" fileid="39" />
                <SequencePoint vc="1" uspid="836" ordinal="4" offset="16" sl="240" sc="33" el="240" ec="52" bec="0" bev="0" fileid="39" />
                <SequencePoint vc="2" uspid="837" ordinal="5" offset="35" sl="240" sc="22" el="240" ec="29" bec="0" bev="0" fileid="39" />
                <SequencePoint vc="2" uspid="838" ordinal="6" offset="43" sl="241" sc="13" el="241" ec="14" bec="0" bev="0" fileid="39" />
                <SequencePoint vc="2" uspid="839" ordinal="7" offset="44" sl="242" sc="17" el="242" ec="51" bec="0" bev="0" fileid="39" />
                <SequencePoint vc="2" uspid="840" ordinal="8" offset="53" sl="243" sc="13" el="243" ec="14" bec="0" bev="0" fileid="39" />
                <SequencePoint vc="3" uspid="841" ordinal="9" offset="54" sl="240" sc="30" el="240" ec="32" bec="2" bev="2" fileid="39" />
                <SequencePoint vc="1" uspid="842" ordinal="10" offset="83" sl="244" sc="13" el="244" ec="36" bec="0" bev="0" fileid="39" />
                <SequencePoint vc="1" uspid="843" ordinal="11" offset="90" sl="245" sc="9" el="245" ec="10" bec="0" bev="0" fileid="39" />
              </SequencePoints>
              <BranchPoints>
                <BranchPoint vc="1" uspid="844" ordinal="0" offset="63" path="0" offsetchain="" offsetend="65" />
                <BranchPoint vc="2" uspid="845" ordinal="1" offset="63" path="1" offsetchain="" offsetend="35" />
              </BranchPoints>
              <MethodPoint xsi:type="SequencePoint" vc="1" uspid="832" ordinal="0" offset="0" sl="237" sc="9" el="237" ec="10" bec="0" bev="0" fileid="39" />
            </Method>
            <Method visited="true" cyclomaticComplexity="6" sequenceCoverage="81.25" branchCoverage="63.64" isConstructor="false" isStatic="false" isGetter="false" isSetter="false">
              <Summary numSequencePoints="16" visitedSequencePoints="13" numBranchPoints="11" visitedBranchPoints="7" sequenceCoverage="81.25" branchCoverage="63.64" maxCyclomaticComplexity="6" minCyclomaticComplexity="6" />
              <MetadataToken>100663380</MetadataToken>
              <Name>System.Object Peanuts.VendorSerializer::ReadJson(Newtonsoft.Json.JsonReader,System.Type,System.Object,Newtonsoft.Json.JsonSerializer)</Name>
              <FileRef uid="39" />
              <SequencePoints>
                <SequencePoint vc="1" uspid="846" ordinal="0" offset="0" sl="252" sc="9" el="252" ec="10" bec="0" bev="0" fileid="39" />
                <SequencePoint vc="1" uspid="847" ordinal="1" offset="1" sl="253" sc="13" el="253" ec="58" bec="2" bev="1" fileid="39" />
                <SequencePoint vc="0" uspid="848" ordinal="2" offset="16" sl="254" sc="17" el="254" ec="89" bec="0" bev="0" fileid="39" />
                <SequencePoint vc="1" uspid="849" ordinal="3" offset="43" sl="255" sc="13" el="255" ec="36" bec="0" bev="0" fileid="39" />
                <SequencePoint vc="1" uspid="850" ordinal="4" offset="49" sl="256" sc="13" el="256" ec="37" bec="0" bev="0" fileid="39" />
                <SequencePoint vc="2" uspid="851" ordinal="5" offset="58" sl="258" sc="13" el="258" ec="14" bec="0" bev="0" fileid="39" />
                <SequencePoint vc="2" uspid="852" ordinal="6" offset="59" sl="259" sc="17" el="259" ec="63" bec="0" bev="0" fileid="39" />
                <SequencePoint vc="2" uspid="853" ordinal="7" offset="68" sl="260" sc="17" el="260" ec="33" bec="2" bev="1" fileid="39" />
                <SequencePoint vc="0" uspid="854" ordinal="8" offset="81" sl="261" sc="21" el="261" ec="74" bec="0" bev="0" fileid="39" />
                <SequencePoint vc="2" uspid="855" ordinal="9" offset="92" sl="262" sc="17" el="262" ec="36" bec="0" bev="0" fileid="39" />
                <SequencePoint vc="2" uspid="856" ordinal="10" offset="106" sl="263" sc="13" el="263" ec="14" bec="0" bev="0" fileid="39" />
                <SequencePoint vc="3" uspid="857" ordinal="11" offset="107" sl="257" sc="13" el="257" ec="78" bec="4" bev="3" fileid="39" />
                <SequencePoint vc="1" uspid="858" ordinal="12" offset="138" sl="264" sc="13" el="264" ec="56" bec="2" bev="1" fileid="39" />
                <SequencePoint vc="0" uspid="859" ordinal="13" offset="154" sl="265" sc="17" el="265" ec="83" bec="0" bev="0" fileid="39" />
                <SequencePoint vc="1" uspid="860" ordinal="14" offset="165" sl="266" sc="13" el="266" ec="24" bec="0" bev="0" fileid="39" />
                <SequencePoint vc="1" uspid="861" ordinal="15" offset="169" sl="267" sc="9" el="267" ec="10" bec="0" bev="0" fileid="39" />
              </SequencePoints>
              <BranchPoints>
                <BranchPoint vc="0" uspid="862" ordinal="0" offset="14" path="0" offsetchain="" offsetend="16" />
                <BranchPoint vc="1" uspid="863" ordinal="1" offset="14" path="1" offsetchain="" offsetend="43" />
                <BranchPoint vc="0" uspid="864" ordinal="2" offset="79" path="0" offsetchain="" offsetend="81" />
                <BranchPoint vc="2" uspid="865" ordinal="3" offset="79" path="1" offsetchain="" offsetend="92" />
                <BranchPoint vc="3" uspid="866" ordinal="4" offset="113" path="0" offsetchain="" offsetend="115" />
                <BranchPoint vc="0" uspid="867" ordinal="5" offset="113" path="1" offsetchain="" offsetend="130" />
                <BranchPoint vc="1" uspid="868" ordinal="6" offset="136" path="0" offsetchain="" offsetend="138" />
                <BranchPoint vc="2" uspid="869" ordinal="7" offset="136" path="1" offsetchain="" offsetend="58" />
                <BranchPoint vc="0" uspid="870" ordinal="8" offset="152" path="0" offsetchain="" offsetend="154" />
                <BranchPoint vc="1" uspid="871" ordinal="9" offset="152" path="1" offsetchain="" offsetend="165" />
              </BranchPoints>
              <MethodPoint xsi:type="SequencePoint" vc="1" uspid="846" ordinal="0" offset="0" sl="252" sc="9" el="252" ec="10" bec="0" bev="0" fileid="39" />
            </Method>
            <Method visited="false" cyclomaticComplexity="1" sequenceCoverage="0" branchCoverage="0" isConstructor="false" isStatic="false" isGetter="false" isSetter="false">
              <Summary numSequencePoints="3" visitedSequencePoints="0" numBranchPoints="1" visitedBranchPoints="0" sequenceCoverage="0" branchCoverage="0" maxCyclomaticComplexity="1" minCyclomaticComplexity="1" />
              <MetadataToken>100663381</MetadataToken>
              <Name>System.Boolean Peanuts.VendorSerializer::CanConvert(System.Type)</Name>
              <FileRef uid="39" />
              <SequencePoints>
                <SequencePoint vc="0" uspid="872" ordinal="0" offset="0" sl="274" sc="9" el="274" ec="10" bec="0" bev="0" fileid="39" />
                <SequencePoint vc="0" uspid="873" ordinal="1" offset="1" sl="275" sc="13" el="275" ec="64" bec="0" bev="0" fileid="39" />
                <SequencePoint vc="0" uspid="874" ordinal="2" offset="20" sl="276" sc="9" el="276" ec="10" bec="0" bev="0" fileid="39" />
              </SequencePoints>
              <BranchPoints />
              <MethodPoint xsi:type="SequencePoint" vc="0" uspid="872" ordinal="0" offset="0" sl="274" sc="9" el="274" ec="10" bec="0" bev="0" fileid="39" />
            </Method>
            <Method visited="true" cyclomaticComplexity="1" sequenceCoverage="0" branchCoverage="0" isConstructor="true" isStatic="false" isGetter="false" isSetter="false">
              <Summary numSequencePoints="0" visitedSequencePoints="0" numBranchPoints="0" visitedBranchPoints="0" sequenceCoverage="0" branchCoverage="0" maxCyclomaticComplexity="1" minCyclomaticComplexity="1" />
              <MetadataToken>100663382</MetadataToken>
              <Name>System.Void Peanuts.VendorSerializer::.ctor()</Name>
              <SequencePoints />
              <BranchPoints />
              <MethodPoint vc="1" uspid="875" ordinal="0" offset="0" />
            </Method>
          </Methods>
        </Class>
        <Class>
          <Summary numSequencePoints="0" visitedSequencePoints="0" numBranchPoints="4" visitedBranchPoints="0" sequenceCoverage="0" branchCoverage="0" maxCyclomaticComplexity="3" minCyclomaticComplexity="1" />
          <FullName>&lt;&gt;f__AnonymousType0`2</FullName>
          <Methods>
            <Method visited="false" cyclomaticComplexity="1" sequenceCoverage="0" branchCoverage="0" isConstructor="false" isStatic="false" isGetter="true" isSetter="false">
              <Summary numSequencePoints="0" visitedSequencePoints="0" numBranchPoints="0" visitedBranchPoints="0" sequenceCoverage="0" branchCoverage="0" maxCyclomaticComplexity="1" minCyclomaticComplexity="1" />
              <MetadataToken>100663384</MetadataToken>
              <Name>&lt;asm&gt;j__TPar &lt;&gt;f__AnonymousType0`2::get_asm()</Name>
              <SequencePoints />
              <BranchPoints />
              <MethodPoint vc="0" uspid="876" ordinal="0" offset="0" />
            </Method>
            <Method visited="true" cyclomaticComplexity="1" sequenceCoverage="0" branchCoverage="0" isConstructor="false" isStatic="false" isGetter="true" isSetter="false">
              <Summary numSequencePoints="0" visitedSequencePoints="0" numBranchPoints="0" visitedBranchPoints="0" sequenceCoverage="0" branchCoverage="0" maxCyclomaticComplexity="1" minCyclomaticComplexity="1" />
              <MetadataToken>100663385</MetadataToken>
              <Name>&lt;t&gt;j__TPar &lt;&gt;f__AnonymousType0`2::get_t()</Name>
              <SequencePoints />
              <BranchPoints />
              <MethodPoint vc="13137" uspid="877" ordinal="0" offset="0" />
            </Method>
            <Method visited="true" cyclomaticComplexity="1" sequenceCoverage="0" branchCoverage="0" isConstructor="true" isStatic="false" isGetter="false" isSetter="false">
              <Summary numSequencePoints="0" visitedSequencePoints="0" numBranchPoints="0" visitedBranchPoints="0" sequenceCoverage="0" branchCoverage="0" maxCyclomaticComplexity="1" minCyclomaticComplexity="1" />
              <MetadataToken>100663383</MetadataToken>
              <Name>System.Void &lt;&gt;f__AnonymousType0`2::.ctor(&lt;asm&gt;j__TPar,&lt;t&gt;j__TPar)</Name>
              <SequencePoints />
              <BranchPoints />
              <MethodPoint vc="8465" uspid="878" ordinal="0" offset="0" />
            </Method>
            <Method visited="false" cyclomaticComplexity="1" sequenceCoverage="0" branchCoverage="0" isConstructor="false" isStatic="false" isGetter="false" isSetter="false">
              <Summary numSequencePoints="0" visitedSequencePoints="0" numBranchPoints="0" visitedBranchPoints="0" sequenceCoverage="0" branchCoverage="0" maxCyclomaticComplexity="1" minCyclomaticComplexity="1" />
              <MetadataToken>100663386</MetadataToken>
              <Name>System.String &lt;&gt;f__AnonymousType0`2::ToString()</Name>
              <SequencePoints />
              <BranchPoints />
              <MethodPoint vc="0" uspid="879" ordinal="0" offset="0" />
            </Method>
            <Method visited="false" cyclomaticComplexity="3" sequenceCoverage="0" branchCoverage="0" isConstructor="false" isStatic="false" isGetter="false" isSetter="false">
              <Summary numSequencePoints="0" visitedSequencePoints="0" numBranchPoints="4" visitedBranchPoints="0" sequenceCoverage="0" branchCoverage="0" maxCyclomaticComplexity="3" minCyclomaticComplexity="3" />
              <MetadataToken>100663387</MetadataToken>
              <Name>System.Boolean &lt;&gt;f__AnonymousType0`2::Equals(System.Object)</Name>
              <SequencePoints />
              <BranchPoints>
                <BranchPoint vc="0" uspid="881" ordinal="0" offset="8" path="0" offsetchain="" offsetend="10" />
                <BranchPoint vc="0" uspid="882" ordinal="1" offset="8" path="1" offsetchain="" offsetend="58" />
                <BranchPoint vc="0" uspid="883" ordinal="2" offset="32" path="0" offsetchain="" offsetend="34" />
                <BranchPoint vc="0" uspid="884" ordinal="3" offset="32" path="1" offsetchain="" offsetend="58" />
              </BranchPoints>
              <MethodPoint vc="0" uspid="880" ordinal="0" offset="0" />
            </Method>
            <Method visited="false" cyclomaticComplexity="1" sequenceCoverage="0" branchCoverage="0" isConstructor="false" isStatic="false" isGetter="false" isSetter="false">
              <Summary numSequencePoints="0" visitedSequencePoints="0" numBranchPoints="0" visitedBranchPoints="0" sequenceCoverage="0" branchCoverage="0" maxCyclomaticComplexity="1" minCyclomaticComplexity="1" />
              <MetadataToken>100663388</MetadataToken>
              <Name>System.Int32 &lt;&gt;f__AnonymousType0`2::GetHashCode()</Name>
              <SequencePoints />
              <BranchPoints />
              <MethodPoint vc="0" uspid="885" ordinal="0" offset="0" />
            </Method>
          </Methods>
        </Class>
      </Classes>
    </Module>
    <Module skippedDueTo="MissingPdb" hash="13-4C-94-D1-A1-A5-D9-8F-F1-E4-CE-A7-87-EF-CC-42-FC-6B-CA-BC">
      <FullName>C:\Users\Brian\AppData\Local\Temp\nunit20\ShadowCopyCache\6192_635601380741779254\Tests_278995937\assembly\dl3\485c44ef\925a198f_7c46d001\nunit.framework.dll</FullName>
      <ModuleName>nunit.framework</ModuleName>
      <Classes />
    </Module>
    <Module skippedDueTo="Filter" hash="B6-60-CE-70-25-03-8E-12-F0-FF-EB-DA-C8-94-AA-A9-02-DE-71-07">
      <FullName>C:\Windows\Microsoft.Net\assembly\GAC_MSIL\System.Configuration\v4.0_4.0.0.0__b03f5f7f11d50a3a\System.Configuration.dll</FullName>
      <ModuleName>System.Configuration</ModuleName>
      <Classes />
    </Module>
    <Module skippedDueTo="MissingPdb" hash="42-62-10-9C-E5-8A-2E-AF-7F-B0-90-73-E4-1A-AB-56-D7-27-42-35">
      <FullName>C:\Users\Brian\AppData\Local\Temp\nunit20\ShadowCopyCache\6192_635601380741779254\Tests_278995937\assembly\dl3\14fe69fe\79ab4689_9345d001\Newtonsoft.Json.dll</FullName>
      <ModuleName>Newtonsoft.Json</ModuleName>
      <Classes />
    </Module>
    <Module skippedDueTo="Filter" hash="43-0F-9E-14-71-13-7F-E2-26-11-26-04-62-4A-0E-92-1F-0F-04-20">
      <FullName>C:\Windows\Microsoft.Net\assembly\GAC_MSIL\System.Core\v4.0_4.0.0.0__b77a5c561934e089\System.Core.dll</FullName>
      <ModuleName>System.Core</ModuleName>
      <Classes />
    </Module>
    <Module skippedDueTo="Filter" hash="24-D9-C3-90-87-78-34-2D-BD-CE-A2-8E-DC-49-27-5E-40-5B-6A-2D">
      <FullName>C:\Windows\Microsoft.Net\assembly\GAC_MSIL\System.Data.SqlXml\v4.0_4.0.0.0__b77a5c561934e089\System.Data.SqlXml.dll</FullName>
      <ModuleName>System.Data.SqlXml</ModuleName>
      <Classes />
    </Module>
    <Module skippedDueTo="Filter" hash="EB-0F-B4-84-6B-69-A4-EC-30-F5-A8-A5-C3-DA-0C-4F-14-C9-30-50">
      <FullName>C:\Windows\Microsoft.Net\assembly\GAC_MSIL\System.Security\v4.0_4.0.0.0__b03f5f7f11d50a3a\System.Security.dll</FullName>
      <ModuleName>System.Security</ModuleName>
      <Classes />
    </Module>
    <Module skippedDueTo="Filter" hash="BF-C5-A6-49-C5-BD-81-31-CD-95-07-E3-C4-9B-08-F0-FC-C1-30-12">
      <FullName>C:\Windows\Microsoft.Net\assembly\GAC_MSIL\System.Numerics\v4.0_4.0.0.0__b77a5c561934e089\System.Numerics.dll</FullName>
      <ModuleName>System.Numerics</ModuleName>
      <Classes />
    </Module>
    <Module skippedDueTo="Filter" hash="E2-5E-84-5A-9B-A2-82-C3-CA-D2-A2-14-8B-BC-71-F4-88-8C-4A-05">
      <FullName>C:\Windows\Microsoft.Net\assembly\GAC_MSIL\System.Runtime.Serialization\v4.0_4.0.0.0__b77a5c561934e089\System.Runtime.Serialization.dll</FullName>
      <ModuleName>System.Runtime.Serialization</ModuleName>
      <Classes />
    </Module>
    <Module skippedDueTo="Filter" hash="DF-4A-DE-40-BE-24-D6-36-12-5C-3E-21-0D-59-5D-93-07-87-C1-6D">
      <FullName>C:\Windows\Microsoft.Net\assembly\GAC_MSIL\System.Xml.Linq\v4.0_4.0.0.0__b77a5c561934e089\System.Xml.Linq.dll</FullName>
      <ModuleName>System.Xml.Linq</ModuleName>
      <Classes />
    </Module>
    <Module skippedDueTo="Filter" hash="B6-92-70-2B-74-74-8B-7D-92-C2-67-1D-CA-15-D4-44-41-B2-4E-15">
      <FullName>C:\Windows\Microsoft.Net\assembly\GAC_32\System.Data\v4.0_4.0.0.0__b77a5c561934e089\System.Data.dll</FullName>
      <ModuleName>System.Data</ModuleName>
      <Classes />
    </Module>
  </Modules>
</CoverageSession>