<?xml version="1.0" encoding="utf-8"?>
<CoverageSession xmlns:xsd="http://www.w3.org/2001/XMLSchema" xmlns:xsi="http://www.w3.org/2001/XMLSchema-instance">
  <Summary numSequencePoints="460" visitedSequencePoints="0" numBranchPoints="225" visitedBranchPoints="0" sequenceCoverage="0" branchCoverage="0" maxCyclomaticComplexity="12" minCyclomaticComplexity="1" />
  <Modules>
    <Module skippedDueTo="Filter" hash="B5-D0-3C-D0-D3-0E-6D-9A-B0-27-ED-4B-C0-AC-D5-4F-18-84-56-AE">
      <FullName>C:\Windows\Microsoft.Net\assembly\GAC_32\mscorlib\v4.0_4.0.0.0__b77a5c561934e089\mscorlib.dll</FullName>
      <ModuleName>mscorlib</ModuleName>
      <Classes />
    </Module>
    <Module skippedDueTo="MissingPdb" hash="37-80-BE-DC-A8-79-2C-78-4A-75-9F-D4-19-B1-3A-5A-48-3E-CA-03">
      <FullName>C:\Program Files (x86)\SharpDevelop\5.1\bin\Tools\NUnit\nunit-console-x86.exe</FullName>
      <ModuleName>nunit-console</ModuleName>
      <Classes />
    </Module>
    <Module skippedDueTo="MissingPdb" hash="33-E1-CA-24-52-5A-B7-C7-C4-AF-91-2C-A9-4A-C0-37-67-0D-5B-FE">
      <FullName>C:\Program Files (x86)\SharpDevelop\5.1\bin\Tools\NUnit\lib\nunit.core.dll</FullName>
      <ModuleName>nunit.core</ModuleName>
      <Classes />
    </Module>
    <Module skippedDueTo="MissingPdb" hash="2A-C4-E5-DE-F3-EE-AD-84-E1-65-84-CC-15-90-76-96-E7-01-44-4E">
      <FullName>C:\Program Files (x86)\SharpDevelop\5.1\bin\Tools\NUnit\lib\nunit-console-runner.dll</FullName>
      <ModuleName>nunit-console-runner</ModuleName>
      <Classes />
    </Module>
    <Module skippedDueTo="MissingPdb" hash="74-74-F6-87-59-E1-5F-4F-5F-5E-6E-82-50-E8-E2-46-D4-86-15-76">
      <FullName>C:\Program Files (x86)\SharpDevelop\5.1\bin\Tools\NUnit\lib\nunit.util.dll</FullName>
      <ModuleName>nunit.util</ModuleName>
      <Classes />
    </Module>
    <Module skippedDueTo="MissingPdb" hash="D3-A4-4D-85-55-F7-CE-EF-A5-90-AA-EF-58-E0-9F-B6-CC-27-99-53">
      <FullName>C:\Program Files (x86)\SharpDevelop\5.1\bin\Tools\NUnit\lib\nunit.core.interfaces.dll</FullName>
      <ModuleName>nunit.core.interfaces</ModuleName>
      <Classes />
    </Module>
    <Module skippedDueTo="Filter" hash="B6-60-CE-70-25-03-8E-12-F0-FF-EB-DA-C8-94-AA-A9-02-DE-71-07">
      <FullName>C:\Windows\Microsoft.Net\assembly\GAC_MSIL\System.Configuration\v4.0_4.0.0.0__b03f5f7f11d50a3a\System.Configuration.dll</FullName>
      <ModuleName>System.Configuration</ModuleName>
      <Classes />
    </Module>
    <Module skippedDueTo="Filter" hash="04-DF-13-16-0B-F4-57-A9-D9-9C-5A-63-DC-51-CD-BF-FD-3A-AF-DA">
      <FullName>C:\Windows\Microsoft.Net\assembly\GAC_MSIL\System\v4.0_4.0.0.0__b77a5c561934e089\System.dll</FullName>
      <ModuleName>System</ModuleName>
      <Classes />
    </Module>
    <Module skippedDueTo="Filter" hash="2C-B8-8B-0E-27-14-38-8E-71-A5-1D-A0-EE-33-D9-22-5F-A4-AF-79">
      <FullName>C:\Windows\Microsoft.Net\assembly\GAC_MSIL\System.Xml\v4.0_4.0.0.0__b77a5c561934e089\System.Xml.dll</FullName>
      <ModuleName>System.Xml</ModuleName>
      <Classes />
    </Module>
    <Module skippedDueTo="Filter" hash="ED-BE-5C-45-66-32-AB-2E-1E-B4-6F-0D-47-35-C3-3C-95-AA-09-B3">
      <FullName>C:\Windows\Microsoft.Net\assembly\GAC_MSIL\System.Runtime.Remoting\v4.0_4.0.0.0__b77a5c561934e089\System.Runtime.Remoting.dll</FullName>
      <ModuleName>System.Runtime.Remoting</ModuleName>
      <Classes />
    </Module>
    <Module skippedDueTo="Filter" hash="43-0F-9E-14-71-13-7F-E2-26-11-26-04-62-4A-0E-92-1F-0F-04-20">
      <FullName>C:\Windows\Microsoft.Net\assembly\GAC_MSIL\System.Core\v4.0_4.0.0.0__b77a5c561934e089\System.Core.dll</FullName>
      <ModuleName>System.Core</ModuleName>
      <Classes />
    </Module>
    <Module skippedDueTo="MissingPdb" hash="33-E1-CA-24-52-5A-B7-C7-C4-AF-91-2C-A9-4A-C0-37-67-0D-5B-FE">
      <FullName>C:\Program Files (x86)\SharpDevelop\5.1\bin\Tools\NUnit\lib\nunit.core.dll</FullName>
      <ModuleName>nunit.core</ModuleName>
      <Classes />
    </Module>
    <Module skippedDueTo="Filter" hash="04-DF-13-16-0B-F4-57-A9-D9-9C-5A-63-DC-51-CD-BF-FD-3A-AF-DA">
      <FullName>C:\Windows\Microsoft.Net\assembly\GAC_MSIL\System\v4.0_4.0.0.0__b77a5c561934e089\System.dll</FullName>
      <ModuleName>System</ModuleName>
      <Classes />
    </Module>
    <Module skippedDueTo="Filter" hash="2C-B8-8B-0E-27-14-38-8E-71-A5-1D-A0-EE-33-D9-22-5F-A4-AF-79">
      <FullName>C:\Windows\Microsoft.Net\assembly\GAC_MSIL\System.Xml\v4.0_4.0.0.0__b77a5c561934e089\System.Xml.dll</FullName>
      <ModuleName>System.Xml</ModuleName>
      <Classes />
    </Module>
    <Module skippedDueTo="MissingPdb" hash="D3-A4-4D-85-55-F7-CE-EF-A5-90-AA-EF-58-E0-9F-B6-CC-27-99-53">
      <FullName>C:\Program Files (x86)\SharpDevelop\5.1\bin\Tools\NUnit\lib\nunit.core.interfaces.dll</FullName>
      <ModuleName>nunit.core.interfaces</ModuleName>
      <Classes />
    </Module>
    <Module hash="97-8F-8A-60-C8-84-A6-4E-34-92-E9-BE-CC-89-B7-9D-B8-8D-27-98">
      <Summary numSequencePoints="460" visitedSequencePoints="0" numBranchPoints="225" visitedBranchPoints="0" sequenceCoverage="0" branchCoverage="0" maxCyclomaticComplexity="12" minCyclomaticComplexity="1" />
      <FullName>C:\Users\Brian\AppData\Local\Temp\nunit20\ShadowCopyCache\6448_635601380646554403\Tests_278986406\assembly\dl3\91458f81\87f9a96f_e94bd001\Peanuts.dll</FullName>
      <ModuleName>Peanuts</ModuleName>
      <Files>
        <File uid="1" fullPath="c:\Users\Brian\Documents\Visual Studio 2013\Projects\Peanuts\Peanuts\Bag.cs" />
        <File uid="3" fullPath="c:\Users\Brian\Documents\Visual Studio 2013\Projects\Peanuts\Peanuts\IdGenerator.cs" />
        <File uid="4" fullPath="c:\Users\Brian\Documents\Visual Studio 2013\Projects\Peanuts\Peanuts\Nut.cs" />
        <File uid="5" fullPath="c:\Users\Brian\Documents\Visual Studio 2013\Projects\Peanuts\Peanuts\Peanuts.cs" />
        <File uid="6" fullPath="c:\Users\Brian\Documents\Visual Studio 2013\Projects\Peanuts\Peanuts\Harvester.cs" />
        <File uid="7" fullPath="c:\Users\Brian\Documents\Visual Studio 2013\Projects\Peanuts\Peanuts\Mix.cs" />
        <File uid="9" fullPath="c:\Users\Brian\Documents\Visual Studio 2013\Projects\Peanuts\Peanuts\Recipe.cs" />
        <File uid="10" fullPath="c:\Users\Brian\Documents\Visual Studio 2013\Projects\Peanuts\Peanuts\RecipeBook.cs" />
        <File uid="11" fullPath="c:\Users\Brian\Documents\Visual Studio 2013\Projects\Peanuts\Peanuts\Vendor.cs" />
      </Files>
      <Classes>
        <Class>
          <Summary numSequencePoints="0" visitedSequencePoints="0" numBranchPoints="0" visitedBranchPoints="0" sequenceCoverage="0" branchCoverage="0" maxCyclomaticComplexity="0" minCyclomaticComplexity="0" />
          <FullName>&lt;Module&gt;</FullName>
          <Methods />
        </Class>
        <Class>
          <Summary numSequencePoints="93" visitedSequencePoints="0" numBranchPoints="31" visitedBranchPoints="0" sequenceCoverage="0" branchCoverage="0" maxCyclomaticComplexity="5" minCyclomaticComplexity="1" />
          <FullName>Peanuts.Bag</FullName>
          <Methods>
            <Method visited="false" cyclomaticComplexity="1" sequenceCoverage="0" branchCoverage="0" isConstructor="false" isStatic="false" isGetter="true" isSetter="false">
              <Summary numSequencePoints="0" visitedSequencePoints="0" numBranchPoints="0" visitedBranchPoints="0" sequenceCoverage="0" branchCoverage="0" maxCyclomaticComplexity="1" minCyclomaticComplexity="1" />
              <MetadataToken>100663297</MetadataToken>
              <Name>System.Int32 Peanuts.Bag::get_Id()</Name>
              <SequencePoints />
              <BranchPoints />
              <MethodPoint vc="0" uspid="1" ordinal="0" offset="0" />
            </Method>
            <Method visited="false" cyclomaticComplexity="1" sequenceCoverage="0" branchCoverage="0" isConstructor="false" isStatic="false" isGetter="false" isSetter="true">
              <Summary numSequencePoints="0" visitedSequencePoints="0" numBranchPoints="0" visitedBranchPoints="0" sequenceCoverage="0" branchCoverage="0" maxCyclomaticComplexity="1" minCyclomaticComplexity="1" />
              <MetadataToken>100663298</MetadataToken>
              <Name>System.Void Peanuts.Bag::set_Id(System.Int32)</Name>
              <SequencePoints />
              <BranchPoints />
              <MethodPoint vc="0" uspid="2" ordinal="0" offset="0" />
            </Method>
            <Method visited="false" cyclomaticComplexity="1" sequenceCoverage="0" branchCoverage="0" isConstructor="false" isStatic="false" isGetter="false" isSetter="false">
              <Summary numSequencePoints="3" visitedSequencePoints="0" numBranchPoints="1" visitedBranchPoints="0" sequenceCoverage="0" branchCoverage="0" maxCyclomaticComplexity="1" minCyclomaticComplexity="1" />
              <MetadataToken>100663299</MetadataToken>
              <Name>System.Collections.Generic.Dictionary`2&lt;System.Type,Peanuts.Nut&gt; Peanuts.Bag::GetDictionary()</Name>
              <FileRef uid="1" />
              <SequencePoints>
                <SequencePoint vc="0" uspid="3" ordinal="0" offset="0" sl="22" sc="9" el="22" ec="10" bec="0" bev="0" fileid="1" />
                <SequencePoint vc="0" uspid="4" ordinal="1" offset="1" sl="23" sc="13" el="23" ec="32" bec="0" bev="0" fileid="1" />
                <SequencePoint vc="0" uspid="5" ordinal="2" offset="10" sl="24" sc="9" el="24" ec="10" bec="0" bev="0" fileid="1" />
              </SequencePoints>
              <BranchPoints />
              <MethodPoint xsi:type="SequencePoint" vc="0" uspid="3" ordinal="0" offset="0" sl="22" sc="9" el="22" ec="10" bec="0" bev="0" fileid="1" />
            </Method>
            <Method visited="false" cyclomaticComplexity="1" sequenceCoverage="0" branchCoverage="0" isConstructor="true" isStatic="false" isGetter="false" isSetter="false">
              <Summary numSequencePoints="7" visitedSequencePoints="0" numBranchPoints="1" visitedBranchPoints="0" sequenceCoverage="0" branchCoverage="0" maxCyclomaticComplexity="1" minCyclomaticComplexity="1" />
              <MetadataToken>100663300</MetadataToken>
              <Name>System.Void Peanuts.Bag::.ctor(System.Int32,System.Collections.Generic.Dictionary`2&lt;System.Type,Peanuts.Nut&gt;)</Name>
              <FileRef uid="1" />
              <SequencePoints>
                <SequencePoint vc="0" uspid="6" ordinal="0" offset="0" sl="26" sc="9" el="26" ec="61" bec="0" bev="0" fileid="1" />
                <SequencePoint vc="0" uspid="7" ordinal="1" offset="7" sl="27" sc="9" el="27" ec="10" bec="0" bev="0" fileid="1" />
                <SequencePoint vc="0" uspid="8" ordinal="2" offset="8" sl="28" sc="13" el="28" ec="21" bec="0" bev="0" fileid="1" />
                <SequencePoint vc="0" uspid="9" ordinal="3" offset="16" sl="29" sc="13" el="29" ec="58" bec="0" bev="0" fileid="1" />
                <SequencePoint vc="0" uspid="10" ordinal="4" offset="28" sl="30" sc="13" el="30" ec="36" bec="0" bev="0" fileid="1" />
                <SequencePoint vc="0" uspid="11" ordinal="5" offset="35" sl="31" sc="13" el="31" ec="43" bec="0" bev="0" fileid="1" />
                <SequencePoint vc="0" uspid="12" ordinal="6" offset="52" sl="32" sc="9" el="32" ec="10" bec="0" bev="0" fileid="1" />
              </SequencePoints>
              <BranchPoints />
              <MethodPoint xsi:type="SequencePoint" vc="0" uspid="6" ordinal="0" offset="0" sl="26" sc="9" el="26" ec="61" bec="0" bev="0" fileid="1" />
            </Method>
            <Method visited="false" cyclomaticComplexity="3" sequenceCoverage="0" branchCoverage="0" isConstructor="true" isStatic="false" isGetter="false" isSetter="false">
              <Summary numSequencePoints="13" visitedSequencePoints="0" numBranchPoints="5" visitedBranchPoints="0" sequenceCoverage="0" branchCoverage="0" maxCyclomaticComplexity="3" minCyclomaticComplexity="3" />
              <MetadataToken>100663301</MetadataToken>
              <Name>System.Void Peanuts.Bag::.ctor(System.Collections.Generic.IEnumerable`1&lt;Peanuts.Nut&gt;)</Name>
              <FileRef uid="1" />
              <SequencePoints>
                <SequencePoint vc="0" uspid="13" ordinal="0" offset="0" sl="34" sc="9" el="34" ec="44" bec="0" bev="0" fileid="1" />
                <SequencePoint vc="0" uspid="14" ordinal="1" offset="7" sl="35" sc="9" el="35" ec="10" bec="0" bev="0" fileid="1" />
                <SequencePoint vc="0" uspid="15" ordinal="2" offset="8" sl="36" sc="13" el="36" ec="55" bec="0" bev="0" fileid="1" />
                <SequencePoint vc="0" uspid="16" ordinal="3" offset="19" sl="37" sc="13" el="37" ec="20" bec="0" bev="0" fileid="1" />
                <SequencePoint vc="0" uspid="17" ordinal="4" offset="20" sl="37" sc="31" el="37" ec="35" bec="0" bev="0" fileid="1" />
                <SequencePoint vc="0" uspid="18" ordinal="5" offset="29" sl="37" sc="22" el="37" ec="27" bec="0" bev="0" fileid="1" />
                <SequencePoint vc="0" uspid="19" ordinal="6" offset="36" sl="38" sc="13" el="38" ec="14" bec="0" bev="0" fileid="1" />
                <SequencePoint vc="0" uspid="20" ordinal="7" offset="37" sl="39" sc="17" el="39" ec="46" bec="0" bev="0" fileid="1" />
                <SequencePoint vc="0" uspid="21" ordinal="8" offset="56" sl="40" sc="13" el="40" ec="14" bec="0" bev="0" fileid="1" />
                <SequencePoint vc="0" uspid="22" ordinal="9" offset="57" sl="37" sc="28" el="37" ec="30" bec="4" bev="0" fileid="1" />
                <SequencePoint vc="0" uspid="23" ordinal="10" offset="86" sl="41" sc="13" el="41" ec="46" bec="0" bev="0" fileid="1" />
                <SequencePoint vc="0" uspid="24" ordinal="11" offset="108" sl="42" sc="13" el="42" ec="48" bec="0" bev="0" fileid="1" />
                <SequencePoint vc="0" uspid="25" ordinal="12" offset="125" sl="43" sc="9" el="43" ec="10" bec="0" bev="0" fileid="1" />
              </SequencePoints>
              <BranchPoints>
                <BranchPoint vc="0" uspid="26" ordinal="0" offset="65" path="0" offsetchain="" offsetend="67" />
                <BranchPoint vc="0" uspid="27" ordinal="1" offset="65" path="1" offsetchain="" offsetend="29" />
                <BranchPoint vc="0" uspid="28" ordinal="2" offset="75" path="0" offsetchain="" offsetend="77" />
                <BranchPoint vc="0" uspid="29" ordinal="3" offset="75" path="1" offsetchain="" offsetend="84" />
              </BranchPoints>
              <MethodPoint xsi:type="SequencePoint" vc="0" uspid="13" ordinal="0" offset="0" sl="34" sc="9" el="34" ec="44" bec="0" bev="0" fileid="1" />
            </Method>
            <Method visited="false" cyclomaticComplexity="1" sequenceCoverage="0" branchCoverage="0" isConstructor="false" isStatic="false" isGetter="false" isSetter="false">
              <Summary numSequencePoints="3" visitedSequencePoints="0" numBranchPoints="1" visitedBranchPoints="0" sequenceCoverage="0" branchCoverage="0" maxCyclomaticComplexity="1" minCyclomaticComplexity="1" />
              <MetadataToken>100663302</MetadataToken>
              <Name>System.Collections.Generic.IEnumerable`1&lt;Peanuts.Nut&gt; Peanuts.Bag::GetAll()</Name>
              <FileRef uid="1" />
              <SequencePoints>
                <SequencePoint vc="0" uspid="30" ordinal="0" offset="0" sl="46" sc="9" el="46" ec="10" bec="0" bev="0" fileid="1" />
                <SequencePoint vc="0" uspid="31" ordinal="1" offset="1" sl="47" sc="13" el="47" ec="39" bec="0" bev="0" fileid="1" />
                <SequencePoint vc="0" uspid="32" ordinal="2" offset="15" sl="48" sc="9" el="48" ec="10" bec="0" bev="0" fileid="1" />
              </SequencePoints>
              <BranchPoints />
              <MethodPoint xsi:type="SequencePoint" vc="0" uspid="30" ordinal="0" offset="0" sl="46" sc="9" el="46" ec="10" bec="0" bev="0" fileid="1" />
            </Method>
            <Method visited="false" cyclomaticComplexity="1" sequenceCoverage="0" branchCoverage="0" isConstructor="false" isStatic="false" isGetter="false" isSetter="false">
              <Summary numSequencePoints="3" visitedSequencePoints="0" numBranchPoints="1" visitedBranchPoints="0" sequenceCoverage="0" branchCoverage="0" maxCyclomaticComplexity="1" minCyclomaticComplexity="1" />
              <MetadataToken>100663303</MetadataToken>
              <Name>T Peanuts.Bag::Get()</Name>
              <FileRef uid="1" />
              <SequencePoints>
                <SequencePoint vc="0" uspid="33" ordinal="0" offset="0" sl="55" sc="9" el="55" ec="10" bec="0" bev="0" fileid="1" />
                <SequencePoint vc="0" uspid="34" ordinal="1" offset="1" sl="56" sc="13" el="56" ec="48" bec="0" bev="0" fileid="1" />
                <SequencePoint vc="0" uspid="35" ordinal="2" offset="35" sl="57" sc="9" el="57" ec="10" bec="0" bev="0" fileid="1" />
              </SequencePoints>
              <BranchPoints />
              <MethodPoint xsi:type="SequencePoint" vc="0" uspid="33" ordinal="0" offset="0" sl="55" sc="9" el="55" ec="10" bec="0" bev="0" fileid="1" />
            </Method>
            <Method visited="false" cyclomaticComplexity="2" sequenceCoverage="0" branchCoverage="0" isConstructor="false" isStatic="false" isGetter="false" isSetter="false">
              <Summary numSequencePoints="9" visitedSequencePoints="0" numBranchPoints="3" visitedBranchPoints="0" sequenceCoverage="0" branchCoverage="0" maxCyclomaticComplexity="2" minCyclomaticComplexity="2" />
              <MetadataToken>100663304</MetadataToken>
              <Name>System.Boolean Peanuts.Bag::TryGet(T&amp;)</Name>
              <FileRef uid="1" />
              <SequencePoints>
                <SequencePoint vc="0" uspid="36" ordinal="0" offset="0" sl="65" sc="9" el="65" ec="10" bec="0" bev="0" fileid="1" />
                <SequencePoint vc="0" uspid="37" ordinal="1" offset="1" sl="66" sc="13" el="66" ec="35" bec="0" bev="0" fileid="1" />
                <SequencePoint vc="0" uspid="38" ordinal="2" offset="12" sl="67" sc="13" el="67" ec="47" bec="2" bev="0" fileid="1" />
                <SequencePoint vc="0" uspid="39" ordinal="3" offset="31" sl="68" sc="13" el="68" ec="14" bec="0" bev="0" fileid="1" />
                <SequencePoint vc="0" uspid="40" ordinal="4" offset="32" sl="69" sc="17" el="69" ec="46" bec="0" bev="0" fileid="1" />
                <SequencePoint vc="0" uspid="41" ordinal="5" offset="60" sl="70" sc="17" el="70" ec="29" bec="0" bev="0" fileid="1" />
                <SequencePoint vc="0" uspid="42" ordinal="6" offset="64" sl="72" sc="13" el="72" ec="24" bec="0" bev="0" fileid="1" />
                <SequencePoint vc="0" uspid="43" ordinal="7" offset="71" sl="73" sc="13" el="73" ec="26" bec="0" bev="0" fileid="1" />
                <SequencePoint vc="0" uspid="44" ordinal="8" offset="75" sl="74" sc="9" el="74" ec="10" bec="0" bev="0" fileid="1" />
              </SequencePoints>
              <BranchPoints>
                <BranchPoint vc="0" uspid="45" ordinal="0" offset="29" path="0" offsetchain="" offsetend="31" />
                <BranchPoint vc="0" uspid="46" ordinal="1" offset="29" path="1" offsetchain="" offsetend="64" />
              </BranchPoints>
              <MethodPoint xsi:type="SequencePoint" vc="0" uspid="36" ordinal="0" offset="0" sl="65" sc="9" el="65" ec="10" bec="0" bev="0" fileid="1" />
            </Method>
            <Method visited="false" cyclomaticComplexity="1" sequenceCoverage="0" branchCoverage="0" isConstructor="false" isStatic="false" isGetter="false" isSetter="false">
              <Summary numSequencePoints="3" visitedSequencePoints="0" numBranchPoints="1" visitedBranchPoints="0" sequenceCoverage="0" branchCoverage="0" maxCyclomaticComplexity="1" minCyclomaticComplexity="1" />
              <MetadataToken>100663305</MetadataToken>
              <Name>System.Boolean Peanuts.Bag::Contains(Peanuts.Mix)</Name>
              <FileRef uid="1" />
              <SequencePoints>
                <SequencePoint vc="0" uspid="47" ordinal="0" offset="0" sl="82" sc="9" el="82" ec="10" bec="0" bev="0" fileid="1" />
                <SequencePoint vc="0" uspid="48" ordinal="1" offset="1" sl="83" sc="13" el="83" ec="42" bec="0" bev="0" fileid="1" />
                <SequencePoint vc="0" uspid="49" ordinal="2" offset="16" sl="84" sc="9" el="84" ec="10" bec="0" bev="0" fileid="1" />
              </SequencePoints>
              <BranchPoints />
              <MethodPoint xsi:type="SequencePoint" vc="0" uspid="47" ordinal="0" offset="0" sl="82" sc="9" el="82" ec="10" bec="0" bev="0" fileid="1" />
            </Method>
            <Method visited="false" cyclomaticComplexity="1" sequenceCoverage="0" branchCoverage="0" isConstructor="false" isStatic="false" isGetter="false" isSetter="false">
              <Summary numSequencePoints="3" visitedSequencePoints="0" numBranchPoints="1" visitedBranchPoints="0" sequenceCoverage="0" branchCoverage="0" maxCyclomaticComplexity="1" minCyclomaticComplexity="1" />
              <MetadataToken>100663306</MetadataToken>
              <Name>System.Boolean Peanuts.Bag::Contains(System.Type)</Name>
              <FileRef uid="1" />
              <SequencePoints>
                <SequencePoint vc="0" uspid="50" ordinal="0" offset="0" sl="92" sc="9" el="92" ec="10" bec="0" bev="0" fileid="1" />
                <SequencePoint vc="0" uspid="51" ordinal="1" offset="1" sl="93" sc="13" el="93" ec="53" bec="0" bev="0" fileid="1" />
                <SequencePoint vc="0" uspid="52" ordinal="2" offset="16" sl="94" sc="9" el="94" ec="10" bec="0" bev="0" fileid="1" />
              </SequencePoints>
              <BranchPoints />
              <MethodPoint xsi:type="SequencePoint" vc="0" uspid="50" ordinal="0" offset="0" sl="92" sc="9" el="92" ec="10" bec="0" bev="0" fileid="1" />
            </Method>
            <Method visited="false" cyclomaticComplexity="3" sequenceCoverage="0" branchCoverage="0" isConstructor="false" isStatic="false" isGetter="false" isSetter="false">
              <Summary numSequencePoints="11" visitedSequencePoints="0" numBranchPoints="5" visitedBranchPoints="0" sequenceCoverage="0" branchCoverage="0" maxCyclomaticComplexity="3" minCyclomaticComplexity="3" />
              <MetadataToken>100663307</MetadataToken>
              <Name>System.Boolean Peanuts.Bag::Contains(System.Type[])</Name>
              <FileRef uid="1" />
              <SequencePoints>
                <SequencePoint vc="0" uspid="53" ordinal="0" offset="0" sl="102" sc="9" el="102" ec="10" bec="0" bev="0" fileid="1" />
                <SequencePoint vc="0" uspid="54" ordinal="1" offset="1" sl="103" sc="13" el="103" ec="20" bec="0" bev="0" fileid="1" />
                <SequencePoint vc="0" uspid="55" ordinal="2" offset="2" sl="103" sc="36" el="103" ec="44" bec="0" bev="0" fileid="1" />
                <SequencePoint vc="0" uspid="56" ordinal="3" offset="8" sl="103" sc="21" el="103" ec="32" bec="0" bev="0" fileid="1" />
                <SequencePoint vc="0" uspid="57" ordinal="4" offset="12" sl="104" sc="13" el="104" ec="14" bec="0" bev="0" fileid="1" />
                <SequencePoint vc="0" uspid="58" ordinal="5" offset="13" sl="105" sc="17" el="105" ec="55" bec="2" bev="0" fileid="1" />
                <SequencePoint vc="0" uspid="59" ordinal="6" offset="31" sl="106" sc="21" el="106" ec="34" bec="0" bev="0" fileid="1" />
                <SequencePoint vc="0" uspid="60" ordinal="7" offset="35" sl="107" sc="13" el="107" ec="14" bec="0" bev="0" fileid="1" />
                <SequencePoint vc="0" uspid="61" ordinal="8" offset="40" sl="103" sc="33" el="103" ec="35" bec="2" bev="0" fileid="1" />
                <SequencePoint vc="0" uspid="62" ordinal="9" offset="52" sl="108" sc="13" el="108" ec="25" bec="0" bev="0" fileid="1" />
                <SequencePoint vc="0" uspid="63" ordinal="10" offset="57" sl="109" sc="9" el="109" ec="10" bec="0" bev="0" fileid="1" />
              </SequencePoints>
              <BranchPoints>
                <BranchPoint vc="0" uspid="64" ordinal="0" offset="29" path="0" offsetchain="" offsetend="31" />
                <BranchPoint vc="0" uspid="65" ordinal="1" offset="29" path="1" offsetchain="" offsetend="35" />
                <BranchPoint vc="0" uspid="66" ordinal="2" offset="50" path="0" offsetchain="" offsetend="52" />
                <BranchPoint vc="0" uspid="67" ordinal="3" offset="50" path="1" offsetchain="" offsetend="8" />
              </BranchPoints>
              <MethodPoint xsi:type="SequencePoint" vc="0" uspid="53" ordinal="0" offset="0" sl="102" sc="9" el="102" ec="10" bec="0" bev="0" fileid="1" />
            </Method>
            <Method visited="false" cyclomaticComplexity="1" sequenceCoverage="0" branchCoverage="0" isConstructor="false" isStatic="false" isGetter="false" isSetter="false">
              <Summary numSequencePoints="6" visitedSequencePoints="0" numBranchPoints="1" visitedBranchPoints="0" sequenceCoverage="0" branchCoverage="0" maxCyclomaticComplexity="1" minCyclomaticComplexity="1" />
              <MetadataToken>100663308</MetadataToken>
              <Name>System.Void Peanuts.Bag::Add(Peanuts.Nut)</Name>
              <FileRef uid="1" />
              <SequencePoints>
                <SequencePoint vc="0" uspid="68" ordinal="0" offset="0" sl="112" sc="9" el="112" ec="10" bec="0" bev="0" fileid="1" />
                <SequencePoint vc="0" uspid="69" ordinal="1" offset="1" sl="113" sc="13" el="113" ec="41" bec="0" bev="0" fileid="1" />
                <SequencePoint vc="0" uspid="70" ordinal="2" offset="8" sl="114" sc="13" el="114" ec="46" bec="0" bev="0" fileid="1" />
                <SequencePoint vc="0" uspid="71" ordinal="3" offset="15" sl="115" sc="13" el="115" ec="40" bec="0" bev="0" fileid="1" />
                <SequencePoint vc="0" uspid="72" ordinal="4" offset="29" sl="116" sc="13" el="116" ec="27" bec="0" bev="0" fileid="1" />
                <SequencePoint vc="0" uspid="73" ordinal="5" offset="42" sl="117" sc="9" el="117" ec="10" bec="0" bev="0" fileid="1" />
              </SequencePoints>
              <BranchPoints />
              <MethodPoint xsi:type="SequencePoint" vc="0" uspid="68" ordinal="0" offset="0" sl="112" sc="9" el="112" ec="10" bec="0" bev="0" fileid="1" />
            </Method>
            <Method visited="false" cyclomaticComplexity="1" sequenceCoverage="0" branchCoverage="0" isConstructor="false" isStatic="false" isGetter="false" isSetter="false">
              <Summary numSequencePoints="6" visitedSequencePoints="0" numBranchPoints="1" visitedBranchPoints="0" sequenceCoverage="0" branchCoverage="0" maxCyclomaticComplexity="1" minCyclomaticComplexity="1" />
              <MetadataToken>100663309</MetadataToken>
              <Name>System.Void Peanuts.Bag::Remove(Peanuts.Nut)</Name>
              <FileRef uid="1" />
              <SequencePoints>
                <SequencePoint vc="0" uspid="74" ordinal="0" offset="0" sl="120" sc="9" el="120" ec="10" bec="0" bev="0" fileid="1" />
                <SequencePoint vc="0" uspid="75" ordinal="1" offset="1" sl="121" sc="13" el="121" ec="41" bec="0" bev="0" fileid="1" />
                <SequencePoint vc="0" uspid="76" ordinal="2" offset="8" sl="122" sc="13" el="122" ec="46" bec="0" bev="0" fileid="1" />
                <SequencePoint vc="0" uspid="77" ordinal="3" offset="15" sl="123" sc="13" el="123" ec="41" bec="0" bev="0" fileid="1" />
                <SequencePoint vc="0" uspid="78" ordinal="4" offset="28" sl="124" sc="13" el="124" ec="29" bec="0" bev="0" fileid="1" />
                <SequencePoint vc="0" uspid="79" ordinal="5" offset="41" sl="125" sc="9" el="125" ec="10" bec="0" bev="0" fileid="1" />
              </SequencePoints>
              <BranchPoints />
              <MethodPoint xsi:type="SequencePoint" vc="0" uspid="74" ordinal="0" offset="0" sl="120" sc="9" el="120" ec="10" bec="0" bev="0" fileid="1" />
            </Method>
            <Method visited="false" cyclomaticComplexity="5" sequenceCoverage="0" branchCoverage="0" isConstructor="false" isStatic="false" isGetter="false" isSetter="false">
              <Summary numSequencePoints="22" visitedSequencePoints="0" numBranchPoints="9" visitedBranchPoints="0" sequenceCoverage="0" branchCoverage="0" maxCyclomaticComplexity="5" minCyclomaticComplexity="5" />
              <MetadataToken>100663310</MetadataToken>
              <Name>System.Void Peanuts.Bag::Morph(Peanuts.Bag)</Name>
              <FileRef uid="1" />
              <SequencePoints>
                <SequencePoint vc="0" uspid="80" ordinal="0" offset="0" sl="128" sc="9" el="128" ec="10" bec="0" bev="0" fileid="1" />
                <SequencePoint vc="0" uspid="81" ordinal="1" offset="1" sl="129" sc="13" el="129" ec="40" bec="0" bev="0" fileid="1" />
                <SequencePoint vc="0" uspid="82" ordinal="2" offset="8" sl="130" sc="18" el="130" ec="28" bec="0" bev="0" fileid="1" />
                <SequencePoint vc="0" uspid="83" ordinal="3" offset="15" sl="131" sc="13" el="131" ec="14" bec="0" bev="0" fileid="1" />
                <SequencePoint vc="0" uspid="84" ordinal="4" offset="16" sl="132" sc="17" el="132" ec="35" bec="2" bev="0" fileid="1" />
                <SequencePoint vc="0" uspid="85" ordinal="5" offset="35" sl="133" sc="17" el="133" ec="18" bec="0" bev="0" fileid="1" />
                <SequencePoint vc="0" uspid="86" ordinal="6" offset="36" sl="134" sc="21" el="134" ec="40" bec="2" bev="0" fileid="1" />
                <SequencePoint vc="0" uspid="87" ordinal="7" offset="50" sl="135" sc="25" el="135" ec="34" bec="0" bev="0" fileid="1" />
                <SequencePoint vc="0" uspid="88" ordinal="8" offset="52" sl="136" sc="21" el="136" ec="60" bec="0" bev="0" fileid="1" />
                <SequencePoint vc="0" uspid="89" ordinal="9" offset="70" sl="137" sc="21" el="137" ec="35" bec="0" bev="0" fileid="1" />
                <SequencePoint vc="0" uspid="90" ordinal="10" offset="83" sl="138" sc="17" el="138" ec="18" bec="0" bev="0" fileid="1" />
                <SequencePoint vc="0" uspid="91" ordinal="11" offset="86" sl="140" sc="17" el="140" ec="18" bec="0" bev="0" fileid="1" />
                <SequencePoint vc="0" uspid="92" ordinal="12" offset="87" sl="141" sc="21" el="141" ec="41" bec="2" bev="0" fileid="1" />
                <SequencePoint vc="0" uspid="93" ordinal="13" offset="98" sl="142" sc="25" el="142" ec="34" bec="0" bev="0" fileid="1" />
                <SequencePoint vc="0" uspid="94" ordinal="14" offset="100" sl="143" sc="21" el="143" ec="54" bec="0" bev="0" fileid="1" />
                <SequencePoint vc="0" uspid="95" ordinal="15" offset="107" sl="144" sc="21" el="144" ec="90" bec="0" bev="0" fileid="1" />
                <SequencePoint vc="0" uspid="96" ordinal="16" offset="142" sl="145" sc="21" el="145" ec="33" bec="0" bev="0" fileid="1" />
                <SequencePoint vc="0" uspid="97" ordinal="17" offset="155" sl="146" sc="17" el="146" ec="18" bec="0" bev="0" fileid="1" />
                <SequencePoint vc="0" uspid="98" ordinal="18" offset="156" sl="147" sc="13" el="147" ec="14" bec="0" bev="0" fileid="1" />
                <SequencePoint vc="0" uspid="99" ordinal="19" offset="157" sl="130" sc="58" el="130" ec="61" bec="0" bev="0" fileid="1" />
                <SequencePoint vc="0" uspid="100" ordinal="20" offset="161" sl="130" sc="29" el="130" ec="56" bec="2" bev="0" fileid="1" />
                <SequencePoint vc="0" uspid="101" ordinal="21" offset="176" sl="148" sc="9" el="148" ec="10" bec="0" bev="0" fileid="1" />
              </SequencePoints>
              <BranchPoints>
                <BranchPoint vc="0" uspid="102" ordinal="0" offset="33" path="0" offsetchain="" offsetend="35" />
                <BranchPoint vc="0" uspid="103" ordinal="1" offset="33" path="1" offsetchain="" offsetend="86" />
                <BranchPoint vc="0" uspid="104" ordinal="2" offset="48" path="0" offsetchain="50" offsetend="157" />
                <BranchPoint vc="0" uspid="105" ordinal="3" offset="48" path="1" offsetchain="" offsetend="52" />
                <BranchPoint vc="0" uspid="106" ordinal="4" offset="96" path="0" offsetchain="98" offsetend="157" />
                <BranchPoint vc="0" uspid="107" ordinal="5" offset="96" path="1" offsetchain="" offsetend="100" />
                <BranchPoint vc="0" uspid="108" ordinal="6" offset="171" path="0" offsetchain="" offsetend="176" />
                <BranchPoint vc="0" uspid="109" ordinal="7" offset="171" path="1" offsetchain="" offsetend="15" />
              </BranchPoints>
              <MethodPoint xsi:type="SequencePoint" vc="0" uspid="80" ordinal="0" offset="0" sl="128" sc="9" el="128" ec="10" bec="0" bev="0" fileid="1" />
            </Method>
            <Method visited="false" cyclomaticComplexity="1" sequenceCoverage="0" branchCoverage="0" isConstructor="false" isStatic="false" isGetter="false" isSetter="false">
              <Summary numSequencePoints="4" visitedSequencePoints="0" numBranchPoints="1" visitedBranchPoints="0" sequenceCoverage="0" branchCoverage="0" maxCyclomaticComplexity="1" minCyclomaticComplexity="1" />
              <MetadataToken>100663311</MetadataToken>
              <Name>System.Void Peanuts.Bag::ClearAll()</Name>
              <FileRef uid="1" />
              <SequencePoints>
                <SequencePoint vc="0" uspid="110" ordinal="0" offset="0" sl="151" sc="9" el="151" ec="10" bec="0" bev="0" fileid="1" />
                <SequencePoint vc="0" uspid="111" ordinal="1" offset="1" sl="152" sc="13" el="152" ec="33" bec="0" bev="0" fileid="1" />
                <SequencePoint vc="0" uspid="112" ordinal="2" offset="13" sl="153" sc="13" el="153" ec="29" bec="0" bev="0" fileid="1" />
                <SequencePoint vc="0" uspid="113" ordinal="3" offset="25" sl="154" sc="9" el="154" ec="10" bec="0" bev="0" fileid="1" />
              </SequencePoints>
              <BranchPoints />
              <MethodPoint xsi:type="SequencePoint" vc="0" uspid="110" ordinal="0" offset="0" sl="151" sc="9" el="151" ec="10" bec="0" bev="0" fileid="1" />
            </Method>
          </Methods>
        </Class>
        <Class>
          <Summary numSequencePoints="44" visitedSequencePoints="0" numBranchPoints="27" visitedBranchPoints="0" sequenceCoverage="0" branchCoverage="0" maxCyclomaticComplexity="12" minCyclomaticComplexity="1" />
          <FullName>Peanuts.BagSerializer</FullName>
          <Methods>
            <Method visited="false" cyclomaticComplexity="2" sequenceCoverage="0" branchCoverage="0" isConstructor="false" isStatic="false" isGetter="false" isSetter="false">
              <Summary numSequencePoints="16" visitedSequencePoints="0" numBranchPoints="3" visitedBranchPoints="0" sequenceCoverage="0" branchCoverage="0" maxCyclomaticComplexity="2" minCyclomaticComplexity="2" />
              <MetadataToken>100663312</MetadataToken>
              <Name>System.Void Peanuts.BagSerializer::WriteJson(Newtonsoft.Json.JsonWriter,System.Object,Newtonsoft.Json.JsonSerializer)</Name>
              <FileRef uid="1" />
              <SequencePoints>
                <SequencePoint vc="0" uspid="114" ordinal="0" offset="0" sl="168" sc="9" el="168" ec="10" bec="0" bev="0" fileid="1" />
                <SequencePoint vc="0" uspid="115" ordinal="1" offset="1" sl="169" sc="13" el="169" ec="35" bec="0" bev="0" fileid="1" />
                <SequencePoint vc="0" uspid="116" ordinal="2" offset="8" sl="170" sc="13" el="170" ec="39" bec="0" bev="0" fileid="1" />
                <SequencePoint vc="0" uspid="117" ordinal="3" offset="15" sl="171" sc="13" el="171" ec="47" bec="0" bev="0" fileid="1" />
                <SequencePoint vc="0" uspid="118" ordinal="4" offset="27" sl="172" sc="13" el="172" ec="39" bec="0" bev="0" fileid="1" />
                <SequencePoint vc="0" uspid="119" ordinal="5" offset="40" sl="173" sc="13" el="173" ec="20" bec="0" bev="0" fileid="1" />
                <SequencePoint vc="0" uspid="120" ordinal="6" offset="41" sl="173" sc="32" el="173" ec="51" bec="0" bev="0" fileid="1" />
                <SequencePoint vc="0" uspid="121" ordinal="7" offset="55" sl="173" sc="22" el="173" ec="28" bec="0" bev="0" fileid="1" />
                <SequencePoint vc="0" uspid="122" ordinal="8" offset="63" sl="174" sc="13" el="174" ec="14" bec="0" bev="0" fileid="1" />
                <SequencePoint vc="0" uspid="123" ordinal="9" offset="64" sl="175" sc="17" el="175" ec="36" bec="0" bev="0" fileid="1" />
                <SequencePoint vc="0" uspid="124" ordinal="10" offset="72" sl="176" sc="17" el="176" ec="54" bec="0" bev="0" fileid="1" />
                <SequencePoint vc="0" uspid="125" ordinal="11" offset="85" sl="177" sc="17" el="177" ec="63" bec="0" bev="0" fileid="1" />
                <SequencePoint vc="0" uspid="126" ordinal="12" offset="101" sl="178" sc="13" el="178" ec="14" bec="0" bev="0" fileid="1" />
                <SequencePoint vc="0" uspid="127" ordinal="13" offset="102" sl="173" sc="29" el="173" ec="31" bec="2" bev="0" fileid="1" />
                <SequencePoint vc="0" uspid="128" ordinal="14" offset="133" sl="179" sc="13" el="179" ec="37" bec="0" bev="0" fileid="1" />
                <SequencePoint vc="0" uspid="129" ordinal="15" offset="140" sl="180" sc="9" el="180" ec="10" bec="0" bev="0" fileid="1" />
              </SequencePoints>
              <BranchPoints>
                <BranchPoint vc="0" uspid="130" ordinal="0" offset="113" path="0" offsetchain="" offsetend="115" />
                <BranchPoint vc="0" uspid="131" ordinal="1" offset="113" path="1" offsetchain="" offsetend="55" />
              </BranchPoints>
              <MethodPoint xsi:type="SequencePoint" vc="0" uspid="114" ordinal="0" offset="0" sl="168" sc="9" el="168" ec="10" bec="0" bev="0" fileid="1" />
            </Method>
            <Method visited="false" cyclomaticComplexity="12" sequenceCoverage="0" branchCoverage="0" isConstructor="false" isStatic="false" isGetter="false" isSetter="false">
              <Summary numSequencePoints="25" visitedSequencePoints="0" numBranchPoints="23" visitedBranchPoints="0" sequenceCoverage="0" branchCoverage="0" maxCyclomaticComplexity="12" minCyclomaticComplexity="12" />
              <MetadataToken>100663313</MetadataToken>
              <Name>System.Object Peanuts.BagSerializer::ReadJson(Newtonsoft.Json.JsonReader,System.Type,System.Object,Newtonsoft.Json.JsonSerializer)</Name>
              <FileRef uid="1" />
              <SequencePoints>
                <SequencePoint vc="0" uspid="132" ordinal="0" offset="0" sl="187" sc="9" el="187" ec="10" bec="0" bev="0" fileid="1" />
                <SequencePoint vc="0" uspid="133" ordinal="1" offset="1" sl="188" sc="13" el="188" ec="59" bec="2" bev="0" fileid="1" />
                <SequencePoint vc="0" uspid="134" ordinal="2" offset="16" sl="189" sc="17" el="189" ec="80" bec="0" bev="0" fileid="1" />
                <SequencePoint vc="0" uspid="135" ordinal="3" offset="27" sl="190" sc="13" el="191" ec="56" bec="5" bev="0" fileid="1" />
                <SequencePoint vc="0" uspid="136" ordinal="4" offset="78" sl="192" sc="17" el="192" ec="81" bec="0" bev="0" fileid="1" />
                <SequencePoint vc="0" uspid="137" ordinal="5" offset="89" sl="193" sc="13" el="193" ec="75" bec="4" bev="0" fileid="1" />
                <SequencePoint vc="0" uspid="138" ordinal="6" offset="116" sl="194" sc="17" el="194" ec="73" bec="0" bev="0" fileid="1" />
                <SequencePoint vc="0" uspid="139" ordinal="7" offset="127" sl="195" sc="13" el="195" ec="58" bec="0" bev="0" fileid="1" />
                <SequencePoint vc="0" uspid="140" ordinal="8" offset="144" sl="196" sc="13" el="196" ec="52" bec="0" bev="0" fileid="1" />
                <SequencePoint vc="0" uspid="141" ordinal="9" offset="152" sl="199" sc="13" el="199" ec="14" bec="0" bev="0" fileid="1" />
                <SequencePoint vc="0" uspid="142" ordinal="10" offset="153" sl="201" sc="17" el="201" ec="64" bec="2" bev="0" fileid="1" />
                <SequencePoint vc="0" uspid="143" ordinal="11" offset="168" sl="202" sc="21" el="202" ec="79" bec="0" bev="0" fileid="1" />
                <SequencePoint vc="0" uspid="144" ordinal="12" offset="179" sl="203" sc="17" el="203" ec="53" bec="0" bev="0" fileid="1" />
                <SequencePoint vc="0" uspid="145" ordinal="13" offset="191" sl="204" sc="17" el="204" ec="54" bec="0" bev="0" fileid="1" />
                <SequencePoint vc="0" uspid="146" ordinal="14" offset="198" sl="205" sc="17" el="205" ec="31" bec="0" bev="0" fileid="1" />
                <SequencePoint vc="0" uspid="147" ordinal="15" offset="205" sl="206" sc="17" el="206" ec="74" bec="0" bev="0" fileid="1" />
                <SequencePoint vc="0" uspid="148" ordinal="16" offset="221" sl="207" sc="17" el="207" ec="35" bec="2" bev="0" fileid="1" />
                <SequencePoint vc="0" uspid="149" ordinal="17" offset="235" sl="208" sc="21" el="208" ec="74" bec="0" bev="0" fileid="1" />
                <SequencePoint vc="0" uspid="150" ordinal="18" offset="246" sl="209" sc="17" el="209" ec="37" bec="0" bev="0" fileid="1" />
                <SequencePoint vc="0" uspid="151" ordinal="19" offset="256" sl="210" sc="13" el="210" ec="14" bec="0" bev="0" fileid="1" />
                <SequencePoint vc="0" uspid="152" ordinal="20" offset="257" sl="198" sc="13" el="198" ec="79" bec="4" bev="0" fileid="1" />
                <SequencePoint vc="0" uspid="153" ordinal="21" offset="291" sl="211" sc="13" el="211" ec="57" bec="2" bev="0" fileid="1" />
                <SequencePoint vc="0" uspid="154" ordinal="22" offset="307" sl="212" sc="17" el="212" ec="84" bec="0" bev="0" fileid="1" />
                <SequencePoint vc="0" uspid="155" ordinal="23" offset="318" sl="213" sc="13" el="213" ec="39" bec="0" bev="0" fileid="1" />
                <SequencePoint vc="0" uspid="156" ordinal="24" offset="329" sl="214" sc="9" el="214" ec="10" bec="0" bev="0" fileid="1" />
              </SequencePoints>
              <BranchPoints>
                <BranchPoint vc="0" uspid="157" ordinal="0" offset="14" path="0" offsetchain="" offsetend="16" />
                <BranchPoint vc="0" uspid="158" ordinal="1" offset="14" path="1" offsetchain="" offsetend="27" />
                <BranchPoint vc="0" uspid="159" ordinal="2" offset="33" path="0" offsetchain="" offsetend="35" />
                <BranchPoint vc="0" uspid="160" ordinal="3" offset="33" path="1" offsetchain="" offsetend="70" />
                <BranchPoint vc="0" uspid="161" ordinal="4" offset="42" path="0" offsetchain="" offsetend="44" />
                <BranchPoint vc="0" uspid="162" ordinal="5" offset="42" path="1" offsetchain="" offsetend="70" />
                <BranchPoint vc="0" uspid="163" ordinal="6" offset="76" path="0" offsetchain="" offsetend="78" />
                <BranchPoint vc="0" uspid="164" ordinal="7" offset="76" path="1" offsetchain="" offsetend="89" />
                <BranchPoint vc="0" uspid="165" ordinal="8" offset="95" path="0" offsetchain="" offsetend="97" />
                <BranchPoint vc="0" uspid="166" ordinal="9" offset="95" path="1" offsetchain="" offsetend="108" />
                <BranchPoint vc="0" uspid="167" ordinal="10" offset="114" path="0" offsetchain="" offsetend="116" />
                <BranchPoint vc="0" uspid="168" ordinal="11" offset="114" path="1" offsetchain="" offsetend="127" />
                <BranchPoint vc="0" uspid="169" ordinal="12" offset="166" path="0" offsetchain="" offsetend="168" />
                <BranchPoint vc="0" uspid="170" ordinal="13" offset="166" path="1" offsetchain="" offsetend="179" />
                <BranchPoint vc="0" uspid="171" ordinal="14" offset="233" path="0" offsetchain="" offsetend="235" />
                <BranchPoint vc="0" uspid="172" ordinal="15" offset="233" path="1" offsetchain="" offsetend="246" />
                <BranchPoint vc="0" uspid="173" ordinal="16" offset="263" path="0" offsetchain="" offsetend="265" />
                <BranchPoint vc="0" uspid="174" ordinal="17" offset="263" path="1" offsetchain="" offsetend="280" />
                <BranchPoint vc="0" uspid="175" ordinal="18" offset="286" path="0" offsetchain="" offsetend="291" />
                <BranchPoint vc="0" uspid="176" ordinal="19" offset="286" path="1" offsetchain="" offsetend="152" />
                <BranchPoint vc="0" uspid="177" ordinal="20" offset="305" path="0" offsetchain="" offsetend="307" />
                <BranchPoint vc="0" uspid="178" ordinal="21" offset="305" path="1" offsetchain="" offsetend="318" />
              </BranchPoints>
              <MethodPoint xsi:type="SequencePoint" vc="0" uspid="132" ordinal="0" offset="0" sl="187" sc="9" el="187" ec="10" bec="0" bev="0" fileid="1" />
            </Method>
            <Method visited="false" cyclomaticComplexity="1" sequenceCoverage="0" branchCoverage="0" isConstructor="false" isStatic="false" isGetter="false" isSetter="false">
              <Summary numSequencePoints="3" visitedSequencePoints="0" numBranchPoints="1" visitedBranchPoints="0" sequenceCoverage="0" branchCoverage="0" maxCyclomaticComplexity="1" minCyclomaticComplexity="1" />
              <MetadataToken>100663314</MetadataToken>
              <Name>System.Boolean Peanuts.BagSerializer::CanConvert(System.Type)</Name>
              <FileRef uid="1" />
              <SequencePoints>
                <SequencePoint vc="0" uspid="179" ordinal="0" offset="0" sl="221" sc="9" el="221" ec="10" bec="0" bev="0" fileid="1" />
                <SequencePoint vc="0" uspid="180" ordinal="1" offset="1" sl="222" sc="13" el="222" ec="61" bec="0" bev="0" fileid="1" />
                <SequencePoint vc="0" uspid="181" ordinal="2" offset="20" sl="223" sc="9" el="223" ec="10" bec="0" bev="0" fileid="1" />
              </SequencePoints>
              <BranchPoints />
              <MethodPoint xsi:type="SequencePoint" vc="0" uspid="179" ordinal="0" offset="0" sl="221" sc="9" el="221" ec="10" bec="0" bev="0" fileid="1" />
            </Method>
            <Method visited="false" cyclomaticComplexity="1" sequenceCoverage="0" branchCoverage="0" isConstructor="true" isStatic="false" isGetter="false" isSetter="false">
              <Summary numSequencePoints="0" visitedSequencePoints="0" numBranchPoints="0" visitedBranchPoints="0" sequenceCoverage="0" branchCoverage="0" maxCyclomaticComplexity="1" minCyclomaticComplexity="1" />
              <MetadataToken>100663315</MetadataToken>
              <Name>System.Void Peanuts.BagSerializer::.ctor()</Name>
              <SequencePoints />
              <BranchPoints />
              <MethodPoint vc="0" uspid="182" ordinal="0" offset="0" />
            </Method>
          </Methods>
        </Class>
        <Class>
          <Summary numSequencePoints="11" visitedSequencePoints="0" numBranchPoints="5" visitedBranchPoints="0" sequenceCoverage="0" branchCoverage="0" maxCyclomaticComplexity="2" minCyclomaticComplexity="1" />
          <FullName>Peanuts.IdGenerator</FullName>
          <Methods>
            <Method visited="false" cyclomaticComplexity="1" sequenceCoverage="0" branchCoverage="0" isConstructor="false" isStatic="false" isGetter="true" isSetter="false">
              <Summary numSequencePoints="0" visitedSequencePoints="0" numBranchPoints="0" visitedBranchPoints="0" sequenceCoverage="0" branchCoverage="0" maxCyclomaticComplexity="1" minCyclomaticComplexity="1" />
              <MetadataToken>100663316</MetadataToken>
              <Name>System.Int32 Peanuts.IdGenerator::get_LastId()</Name>
              <SequencePoints />
              <BranchPoints />
              <MethodPoint vc="0" uspid="183" ordinal="0" offset="0" />
            </Method>
            <Method visited="false" cyclomaticComplexity="1" sequenceCoverage="0" branchCoverage="0" isConstructor="false" isStatic="false" isGetter="false" isSetter="true">
              <Summary numSequencePoints="0" visitedSequencePoints="0" numBranchPoints="0" visitedBranchPoints="0" sequenceCoverage="0" branchCoverage="0" maxCyclomaticComplexity="1" minCyclomaticComplexity="1" />
              <MetadataToken>100663317</MetadataToken>
              <Name>System.Void Peanuts.IdGenerator::set_LastId(System.Int32)</Name>
              <SequencePoints />
              <BranchPoints />
              <MethodPoint vc="0" uspid="184" ordinal="0" offset="0" />
            </Method>
            <Method visited="false" cyclomaticComplexity="1" sequenceCoverage="0" branchCoverage="0" isConstructor="true" isStatic="false" isGetter="false" isSetter="false">
              <Summary numSequencePoints="4" visitedSequencePoints="0" numBranchPoints="1" visitedBranchPoints="0" sequenceCoverage="0" branchCoverage="0" maxCyclomaticComplexity="1" minCyclomaticComplexity="1" />
              <MetadataToken>100663318</MetadataToken>
              <Name>System.Void Peanuts.IdGenerator::.ctor(System.Int32)</Name>
              <FileRef uid="3" />
              <SequencePoints>
                <SequencePoint vc="0" uspid="185" ordinal="0" offset="0" sl="21" sc="9" el="21" ec="43" bec="0" bev="0" fileid="3" />
                <SequencePoint vc="0" uspid="186" ordinal="1" offset="7" sl="22" sc="9" el="22" ec="10" bec="0" bev="0" fileid="3" />
                <SequencePoint vc="0" uspid="187" ordinal="2" offset="8" sl="23" sc="13" el="23" ec="29" bec="0" bev="0" fileid="3" />
                <SequencePoint vc="0" uspid="188" ordinal="3" offset="16" sl="24" sc="9" el="24" ec="10" bec="0" bev="0" fileid="3" />
              </SequencePoints>
              <BranchPoints />
              <MethodPoint xsi:type="SequencePoint" vc="0" uspid="185" ordinal="0" offset="0" sl="21" sc="9" el="21" ec="43" bec="0" bev="0" fileid="3" />
            </Method>
            <Method visited="false" cyclomaticComplexity="1" sequenceCoverage="0" branchCoverage="0" isConstructor="false" isStatic="false" isGetter="false" isSetter="false">
              <Summary numSequencePoints="3" visitedSequencePoints="0" numBranchPoints="1" visitedBranchPoints="0" sequenceCoverage="0" branchCoverage="0" maxCyclomaticComplexity="1" minCyclomaticComplexity="1" />
              <MetadataToken>100663319</MetadataToken>
              <Name>System.Int32 Peanuts.IdGenerator::Next()</Name>
              <FileRef uid="3" />
              <SequencePoints>
                <SequencePoint vc="0" uspid="189" ordinal="0" offset="0" sl="27" sc="9" el="27" ec="10" bec="0" bev="0" fileid="3" />
                <SequencePoint vc="0" uspid="190" ordinal="1" offset="1" sl="28" sc="13" el="28" ec="29" bec="0" bev="0" fileid="3" />
                <SequencePoint vc="0" uspid="191" ordinal="2" offset="22" sl="29" sc="9" el="29" ec="10" bec="0" bev="0" fileid="3" />
              </SequencePoints>
              <BranchPoints />
              <MethodPoint xsi:type="SequencePoint" vc="0" uspid="189" ordinal="0" offset="0" sl="27" sc="9" el="27" ec="10" bec="0" bev="0" fileid="3" />
            </Method>
            <Method visited="false" cyclomaticComplexity="2" sequenceCoverage="0" branchCoverage="0" isConstructor="false" isStatic="false" isGetter="false" isSetter="false">
              <Summary numSequencePoints="4" visitedSequencePoints="0" numBranchPoints="3" visitedBranchPoints="0" sequenceCoverage="0" branchCoverage="0" maxCyclomaticComplexity="2" minCyclomaticComplexity="2" />
              <MetadataToken>100663320</MetadataToken>
              <Name>System.Void Peanuts.IdGenerator::EnsureGreaterThan(System.Int32)</Name>
              <FileRef uid="3" />
              <SequencePoints>
                <SequencePoint vc="0" uspid="192" ordinal="0" offset="0" sl="32" sc="9" el="32" ec="10" bec="0" bev="0" fileid="3" />
                <SequencePoint vc="0" uspid="193" ordinal="1" offset="1" sl="33" sc="13" el="33" ec="29" bec="2" bev="0" fileid="3" />
                <SequencePoint vc="0" uspid="194" ordinal="2" offset="17" sl="34" sc="17" el="34" ec="29" bec="0" bev="0" fileid="3" />
                <SequencePoint vc="0" uspid="195" ordinal="3" offset="25" sl="35" sc="9" el="35" ec="10" bec="0" bev="0" fileid="3" />
              </SequencePoints>
              <BranchPoints>
                <BranchPoint vc="0" uspid="196" ordinal="0" offset="15" path="0" offsetchain="" offsetend="17" />
                <BranchPoint vc="0" uspid="197" ordinal="1" offset="15" path="1" offsetchain="" offsetend="25" />
              </BranchPoints>
              <MethodPoint xsi:type="SequencePoint" vc="0" uspid="192" ordinal="0" offset="0" sl="32" sc="9" el="32" ec="10" bec="0" bev="0" fileid="3" />
            </Method>
          </Methods>
        </Class>
        <Class>
          <Summary numSequencePoints="3" visitedSequencePoints="0" numBranchPoints="1" visitedBranchPoints="0" sequenceCoverage="0" branchCoverage="0" maxCyclomaticComplexity="1" minCyclomaticComplexity="1" />
          <FullName>Peanuts.Nut</FullName>
          <Methods>
            <Method visited="false" cyclomaticComplexity="1" sequenceCoverage="0" branchCoverage="0" isConstructor="false" isStatic="false" isGetter="false" isSetter="false">
              <Summary numSequencePoints="3" visitedSequencePoints="0" numBranchPoints="1" visitedBranchPoints="0" sequenceCoverage="0" branchCoverage="0" maxCyclomaticComplexity="1" minCyclomaticComplexity="1" />
              <MetadataToken>100663321</MetadataToken>
              <Name>System.Object Peanuts.Nut::Clone()</Name>
              <FileRef uid="4" />
              <SequencePoints>
                <SequencePoint vc="0" uspid="198" ordinal="0" offset="0" sl="15" sc="9" el="15" ec="10" bec="0" bev="0" fileid="4" />
                <SequencePoint vc="0" uspid="199" ordinal="1" offset="1" sl="16" sc="13" el="16" ec="38" bec="0" bev="0" fileid="4" />
                <SequencePoint vc="0" uspid="200" ordinal="2" offset="10" sl="17" sc="9" el="17" ec="10" bec="0" bev="0" fileid="4" />
              </SequencePoints>
              <BranchPoints />
              <MethodPoint xsi:type="SequencePoint" vc="0" uspid="198" ordinal="0" offset="0" sl="15" sc="9" el="15" ec="10" bec="0" bev="0" fileid="4" />
            </Method>
            <Method visited="false" cyclomaticComplexity="1" sequenceCoverage="0" branchCoverage="0" isConstructor="true" isStatic="false" isGetter="false" isSetter="false">
              <Summary numSequencePoints="0" visitedSequencePoints="0" numBranchPoints="0" visitedBranchPoints="0" sequenceCoverage="0" branchCoverage="0" maxCyclomaticComplexity="1" minCyclomaticComplexity="1" />
              <MetadataToken>100663322</MetadataToken>
              <Name>System.Void Peanuts.Nut::.ctor()</Name>
              <SequencePoints />
              <BranchPoints />
              <MethodPoint vc="0" uspid="201" ordinal="0" offset="0" />
            </Method>
          </Methods>
        </Class>
        <Class>
          <Summary numSequencePoints="40" visitedSequencePoints="0" numBranchPoints="29" visitedBranchPoints="0" sequenceCoverage="0" branchCoverage="0" maxCyclomaticComplexity="7" minCyclomaticComplexity="1" />
          <FullName>Peanuts.Peanuts</FullName>
          <Methods>
            <Method visited="false" cyclomaticComplexity="4" sequenceCoverage="0" branchCoverage="0" isConstructor="false" isStatic="true" isGetter="false" isSetter="false">
              <Summary numSequencePoints="4" visitedSequencePoints="0" numBranchPoints="5" visitedBranchPoints="0" sequenceCoverage="0" branchCoverage="0" maxCyclomaticComplexity="4" minCyclomaticComplexity="4" />
              <MetadataToken>100663323</MetadataToken>
              <Name>System.Void Peanuts.Peanuts::Initialize(System.Boolean)</Name>
              <FileRef uid="5" />
              <SequencePoints>
                <SequencePoint vc="0" uspid="202" ordinal="0" offset="0" sl="22" sc="9" el="22" ec="10" bec="0" bev="0" fileid="5" />
                <SequencePoint vc="0" uspid="203" ordinal="1" offset="1" sl="23" sc="13" el="23" ec="40" bec="4" bev="0" fileid="5" />
                <SequencePoint vc="0" uspid="204" ordinal="2" offset="17" sl="24" sc="17" el="24" ec="32" bec="0" bev="0" fileid="5" />
                <SequencePoint vc="0" uspid="205" ordinal="3" offset="23" sl="25" sc="9" el="25" ec="10" bec="0" bev="0" fileid="5" />
              </SequencePoints>
              <BranchPoints>
                <BranchPoint vc="0" uspid="206" ordinal="0" offset="2" path="0" offsetchain="" offsetend="4" />
                <BranchPoint vc="0" uspid="207" ordinal="1" offset="2" path="1" offsetchain="" offsetend="11" />
                <BranchPoint vc="0" uspid="208" ordinal="2" offset="15" path="0" offsetchain="" offsetend="17" />
                <BranchPoint vc="0" uspid="209" ordinal="3" offset="15" path="1" offsetchain="" offsetend="23" />
              </BranchPoints>
              <MethodPoint xsi:type="SequencePoint" vc="0" uspid="202" ordinal="0" offset="0" sl="22" sc="9" el="22" ec="10" bec="0" bev="0" fileid="5" />
            </Method>
            <Method visited="false" cyclomaticComplexity="1" sequenceCoverage="0" branchCoverage="0" isConstructor="false" isStatic="true" isGetter="false" isSetter="false">
              <Summary numSequencePoints="3" visitedSequencePoints="0" numBranchPoints="1" visitedBranchPoints="0" sequenceCoverage="0" branchCoverage="0" maxCyclomaticComplexity="1" minCyclomaticComplexity="1" />
              <MetadataToken>100663324</MetadataToken>
              <Name>System.Int32 Peanuts.Peanuts::NumberOfTypes()</Name>
              <FileRef uid="5" />
              <SequencePoints>
                <SequencePoint vc="0" uspid="210" ordinal="0" offset="0" sl="51" sc="9" el="51" ec="10" bec="0" bev="0" fileid="5" />
                <SequencePoint vc="0" uspid="211" ordinal="1" offset="1" sl="52" sc="13" el="52" ec="33" bec="0" bev="0" fileid="5" />
                <SequencePoint vc="0" uspid="212" ordinal="2" offset="14" sl="53" sc="9" el="53" ec="10" bec="0" bev="0" fileid="5" />
              </SequencePoints>
              <BranchPoints />
              <MethodPoint xsi:type="SequencePoint" vc="0" uspid="210" ordinal="0" offset="0" sl="51" sc="9" el="51" ec="10" bec="0" bev="0" fileid="5" />
            </Method>
            <Method visited="false" cyclomaticComplexity="1" sequenceCoverage="0" branchCoverage="0" isConstructor="false" isStatic="true" isGetter="false" isSetter="false">
              <Summary numSequencePoints="3" visitedSequencePoints="0" numBranchPoints="1" visitedBranchPoints="0" sequenceCoverage="0" branchCoverage="0" maxCyclomaticComplexity="1" minCyclomaticComplexity="1" />
              <MetadataToken>100663325</MetadataToken>
              <Name>System.Int32 Peanuts.Peanuts::GetId(System.Type)</Name>
              <FileRef uid="5" />
              <SequencePoints>
                <SequencePoint vc="0" uspid="213" ordinal="0" offset="0" sl="56" sc="9" el="56" ec="10" bec="0" bev="0" fileid="5" />
                <SequencePoint vc="0" uspid="214" ordinal="1" offset="1" sl="57" sc="13" el="57" ec="36" bec="0" bev="0" fileid="5" />
                <SequencePoint vc="0" uspid="215" ordinal="2" offset="15" sl="58" sc="9" el="58" ec="10" bec="0" bev="0" fileid="5" />
              </SequencePoints>
              <BranchPoints />
              <MethodPoint xsi:type="SequencePoint" vc="0" uspid="213" ordinal="0" offset="0" sl="56" sc="9" el="56" ec="10" bec="0" bev="0" fileid="5" />
            </Method>
            <Method visited="false" cyclomaticComplexity="1" sequenceCoverage="0" branchCoverage="0" isConstructor="false" isStatic="true" isGetter="false" isSetter="false">
              <Summary numSequencePoints="3" visitedSequencePoints="0" numBranchPoints="1" visitedBranchPoints="0" sequenceCoverage="0" branchCoverage="0" maxCyclomaticComplexity="1" minCyclomaticComplexity="1" />
              <MetadataToken>100663326</MetadataToken>
              <Name>System.Type Peanuts.Peanuts::GetType(System.String)</Name>
              <FileRef uid="5" />
              <SequencePoints>
                <SequencePoint vc="0" uspid="216" ordinal="0" offset="0" sl="61" sc="9" el="61" ec="10" bec="0" bev="0" fileid="5" />
                <SequencePoint vc="0" uspid="217" ordinal="1" offset="1" sl="62" sc="13" el="62" ec="38" bec="0" bev="0" fileid="5" />
                <SequencePoint vc="0" uspid="218" ordinal="2" offset="15" sl="63" sc="9" el="63" ec="10" bec="0" bev="0" fileid="5" />
              </SequencePoints>
              <BranchPoints />
              <MethodPoint xsi:type="SequencePoint" vc="0" uspid="216" ordinal="0" offset="0" sl="61" sc="9" el="61" ec="10" bec="0" bev="0" fileid="5" />
            </Method>
            <Method visited="false" cyclomaticComplexity="1" sequenceCoverage="0" branchCoverage="0" isConstructor="false" isStatic="true" isGetter="false" isSetter="false">
              <Summary numSequencePoints="3" visitedSequencePoints="0" numBranchPoints="1" visitedBranchPoints="0" sequenceCoverage="0" branchCoverage="0" maxCyclomaticComplexity="1" minCyclomaticComplexity="1" />
              <MetadataToken>100663327</MetadataToken>
              <Name>System.Type Peanuts.Peanuts::GetType(System.Int32)</Name>
              <FileRef uid="5" />
              <SequencePoints>
                <SequencePoint vc="0" uspid="219" ordinal="0" offset="0" sl="66" sc="9" el="66" ec="10" bec="0" bev="0" fileid="5" />
                <SequencePoint vc="0" uspid="220" ordinal="1" offset="1" sl="67" sc="13" el="67" ec="30" bec="0" bev="0" fileid="5" />
                <SequencePoint vc="0" uspid="221" ordinal="2" offset="15" sl="68" sc="9" el="68" ec="10" bec="0" bev="0" fileid="5" />
              </SequencePoints>
              <BranchPoints />
              <MethodPoint xsi:type="SequencePoint" vc="0" uspid="219" ordinal="0" offset="0" sl="66" sc="9" el="66" ec="10" bec="0" bev="0" fileid="5" />
            </Method>
            <Method visited="false" cyclomaticComplexity="7" sequenceCoverage="0" branchCoverage="0" isConstructor="false" isStatic="true" isGetter="false" isSetter="false">
              <Summary numSequencePoints="17" visitedSequencePoints="0" numBranchPoints="13" visitedBranchPoints="0" sequenceCoverage="0" branchCoverage="0" maxCyclomaticComplexity="7" minCyclomaticComplexity="7" />
              <MetadataToken>100663328</MetadataToken>
              <Name>System.Void Peanuts.Peanuts::_performInit()</Name>
              <FileRef uid="5" />
              <SequencePoints>
                <SequencePoint vc="0" uspid="222" ordinal="0" offset="0" sl="77" sc="9" el="77" ec="10" bec="0" bev="0" fileid="5" />
                <SequencePoint vc="0" uspid="223" ordinal="1" offset="1" sl="78" sc="13" el="78" ec="51" bec="0" bev="0" fileid="5" />
                <SequencePoint vc="0" uspid="224" ordinal="2" offset="13" sl="79" sc="13" el="79" ec="70" bec="0" bev="0" fileid="5" />
                <SequencePoint vc="0" uspid="225" ordinal="3" offset="25" sl="80" sc="13" el="80" ec="65" bec="0" bev="0" fileid="5" />
                <SequencePoint vc="0" uspid="226" ordinal="4" offset="37" sl="81" sc="13" el="81" ec="46" bec="0" bev="0" fileid="5" />
                <SequencePoint vc="0" uspid="227" ordinal="5" offset="43" sl="82" sc="13" el="82" ec="20" bec="0" bev="0" fileid="5" />
                <SequencePoint vc="0" uspid="228" ordinal="6" offset="44" sl="82" sc="31" el="82" ec="143" bec="8" bev="0" fileid="5" />
                <SequencePoint vc="0" uspid="229" ordinal="7" offset="197" sl="82" sc="22" el="82" ec="27" bec="0" bev="0" fileid="5" />
                <SequencePoint vc="0" uspid="230" ordinal="8" offset="204" sl="83" sc="13" el="83" ec="14" bec="0" bev="0" fileid="5" />
                <SequencePoint vc="0" uspid="231" ordinal="9" offset="205" sl="84" sc="17" el="84" ec="39" bec="0" bev="0" fileid="5" />
                <SequencePoint vc="0" uspid="232" ordinal="10" offset="216" sl="85" sc="17" el="85" ec="31" bec="0" bev="0" fileid="5" />
                <SequencePoint vc="0" uspid="233" ordinal="11" offset="228" sl="86" sc="17" el="86" ec="41" bec="0" bev="0" fileid="5" />
                <SequencePoint vc="0" uspid="234" ordinal="12" offset="246" sl="87" sc="17" el="87" ec="35" bec="0" bev="0" fileid="5" />
                <SequencePoint vc="0" uspid="235" ordinal="13" offset="259" sl="88" sc="13" el="88" ec="14" bec="0" bev="0" fileid="5" />
                <SequencePoint vc="0" uspid="236" ordinal="14" offset="260" sl="82" sc="28" el="82" ec="30" bec="4" bev="0" fileid="5" />
                <SequencePoint vc="0" uspid="237" ordinal="15" offset="293" sl="89" sc="13" el="89" ec="33" bec="0" bev="0" fileid="5" />
                <SequencePoint vc="0" uspid="238" ordinal="16" offset="299" sl="90" sc="9" el="90" ec="10" bec="0" bev="0" fileid="5" />
              </SequencePoints>
              <BranchPoints>
                <BranchPoint vc="0" uspid="239" ordinal="0" offset="55" path="0" offsetchain="" offsetend="57" />
                <BranchPoint vc="0" uspid="240" ordinal="1" offset="55" path="1" offsetchain="" offsetend="76" />
                <BranchPoint vc="0" uspid="241" ordinal="2" offset="86" path="0" offsetchain="" offsetend="88" />
                <BranchPoint vc="0" uspid="242" ordinal="3" offset="86" path="1" offsetchain="" offsetend="107" />
                <BranchPoint vc="0" uspid="243" ordinal="4" offset="122" path="0" offsetchain="" offsetend="124" />
                <BranchPoint vc="0" uspid="244" ordinal="5" offset="122" path="1" offsetchain="" offsetend="143" />
                <BranchPoint vc="0" uspid="245" ordinal="6" offset="158" path="0" offsetchain="" offsetend="160" />
                <BranchPoint vc="0" uspid="246" ordinal="7" offset="158" path="1" offsetchain="" offsetend="179" />
                <BranchPoint vc="0" uspid="247" ordinal="8" offset="270" path="0" offsetchain="" offsetend="272" />
                <BranchPoint vc="0" uspid="248" ordinal="9" offset="270" path="1" offsetchain="" offsetend="197" />
                <BranchPoint vc="0" uspid="249" ordinal="10" offset="282" path="0" offsetchain="" offsetend="284" />
                <BranchPoint vc="0" uspid="250" ordinal="11" offset="282" path="1" offsetchain="" offsetend="291" />
              </BranchPoints>
              <MethodPoint xsi:type="SequencePoint" vc="0" uspid="222" ordinal="0" offset="0" sl="77" sc="9" el="77" ec="10" bec="0" bev="0" fileid="5" />
            </Method>
            <Method visited="false" cyclomaticComplexity="1" sequenceCoverage="0" branchCoverage="0" isConstructor="false" isStatic="true" isGetter="false" isSetter="false">
              <Summary numSequencePoints="1" visitedSequencePoints="0" numBranchPoints="1" visitedBranchPoints="0" sequenceCoverage="0" branchCoverage="0" maxCyclomaticComplexity="1" minCyclomaticComplexity="1" />
              <MetadataToken>100663329</MetadataToken>
              <Name>System.Collections.Generic.IEnumerable`1&lt;System.Type&gt; Peanuts.Peanuts::&lt;_performInit&gt;b__1(System.Reflection.Assembly)</Name>
              <FileRef uid="5" />
              <SequencePoints>
                <SequencePoint vc="0" uspid="251" ordinal="0" offset="0" sl="82" sc="72" el="82" ec="86" bec="0" bev="0" fileid="5" />
              </SequencePoints>
              <BranchPoints />
              <MethodPoint xsi:type="SequencePoint" vc="0" uspid="251" ordinal="0" offset="0" sl="82" sc="72" el="82" ec="86" bec="0" bev="0" fileid="5" />
            </Method>
            <Method visited="false" cyclomaticComplexity="1" sequenceCoverage="0" branchCoverage="0" isConstructor="false" isStatic="true" isGetter="false" isSetter="false">
              <Summary numSequencePoints="1" visitedSequencePoints="0" numBranchPoints="1" visitedBranchPoints="0" sequenceCoverage="0" branchCoverage="0" maxCyclomaticComplexity="1" minCyclomaticComplexity="1" />
              <MetadataToken>100663330</MetadataToken>
              <Name>&lt;&gt;f__AnonymousType0`2&lt;System.Reflection.Assembly,System.Type&gt; Peanuts.Peanuts::&lt;_performInit&gt;b__2(System.Reflection.Assembly,System.Type)</Name>
              <FileRef uid="5" />
              <SequencePoints>
                <SequencePoint vc="0" uspid="252" ordinal="0" offset="0" sl="82" sc="72" el="82" ec="86" bec="0" bev="0" fileid="5" />
              </SequencePoints>
              <BranchPoints />
              <MethodPoint xsi:type="SequencePoint" vc="0" uspid="252" ordinal="0" offset="0" sl="82" sc="72" el="82" ec="86" bec="0" bev="0" fileid="5" />
            </Method>
            <Method visited="false" cyclomaticComplexity="2" sequenceCoverage="0" branchCoverage="0" isConstructor="false" isStatic="true" isGetter="false" isSetter="false">
              <Summary numSequencePoints="1" visitedSequencePoints="0" numBranchPoints="3" visitedBranchPoints="0" sequenceCoverage="0" branchCoverage="0" maxCyclomaticComplexity="2" minCyclomaticComplexity="2" />
              <MetadataToken>100663331</MetadataToken>
              <Name>System.Boolean Peanuts.Peanuts::&lt;_performInit&gt;b__3(&lt;&gt;f__AnonymousType0`2&lt;System.Reflection.Assembly,System.Type&gt;)</Name>
              <FileRef uid="5" />
              <SequencePoints>
                <SequencePoint vc="0" uspid="253" ordinal="0" offset="0" sl="82" sc="93" el="82" ec="134" bec="2" bev="0" fileid="5" />
              </SequencePoints>
              <BranchPoints>
                <BranchPoint vc="0" uspid="254" ordinal="0" offset="11" path="0" offsetchain="" offsetend="13" />
                <BranchPoint vc="0" uspid="255" ordinal="1" offset="11" path="1" offsetchain="" offsetend="36" />
              </BranchPoints>
              <MethodPoint xsi:type="SequencePoint" vc="0" uspid="253" ordinal="0" offset="0" sl="82" sc="93" el="82" ec="134" bec="2" bev="0" fileid="5" />
            </Method>
            <Method visited="false" cyclomaticComplexity="1" sequenceCoverage="0" branchCoverage="0" isConstructor="false" isStatic="true" isGetter="false" isSetter="false">
              <Summary numSequencePoints="1" visitedSequencePoints="0" numBranchPoints="1" visitedBranchPoints="0" sequenceCoverage="0" branchCoverage="0" maxCyclomaticComplexity="1" minCyclomaticComplexity="1" />
              <MetadataToken>100663332</MetadataToken>
              <Name>System.Type Peanuts.Peanuts::&lt;_performInit&gt;b__4(&lt;&gt;f__AnonymousType0`2&lt;System.Reflection.Assembly,System.Type&gt;)</Name>
              <FileRef uid="5" />
              <SequencePoints>
                <SequencePoint vc="0" uspid="256" ordinal="0" offset="0" sl="82" sc="142" el="82" ec="143" bec="0" bev="0" fileid="5" />
              </SequencePoints>
              <BranchPoints />
              <MethodPoint xsi:type="SequencePoint" vc="0" uspid="256" ordinal="0" offset="0" sl="82" sc="142" el="82" ec="143" bec="0" bev="0" fileid="5" />
            </Method>
            <Method visited="false" cyclomaticComplexity="1" sequenceCoverage="0" branchCoverage="0" isConstructor="true" isStatic="true" isGetter="false" isSetter="false">
              <Summary numSequencePoints="3" visitedSequencePoints="0" numBranchPoints="1" visitedBranchPoints="0" sequenceCoverage="0" branchCoverage="0" maxCyclomaticComplexity="1" minCyclomaticComplexity="1" />
              <MetadataToken>100663333</MetadataToken>
              <Name>System.Void Peanuts.Peanuts::.cctor()</Name>
              <FileRef uid="5" />
              <SequencePoints>
                <SequencePoint vc="0" uspid="257" ordinal="0" offset="0" sl="31" sc="9" el="31" ec="70" bec="0" bev="0" fileid="5" />
                <SequencePoint vc="0" uspid="258" ordinal="1" offset="11" sl="36" sc="9" el="40" ec="11" bec="0" bev="0" fileid="5" />
                <SequencePoint vc="0" uspid="259" ordinal="2" offset="39" sl="45" sc="9" el="48" ec="11" bec="0" bev="0" fileid="5" />
              </SequencePoints>
              <BranchPoints />
              <MethodPoint xsi:type="SequencePoint" vc="0" uspid="257" ordinal="0" offset="0" sl="31" sc="9" el="31" ec="70" bec="0" bev="0" fileid="5" />
            </Method>
          </Methods>
        </Class>
        <Class>
          <Summary numSequencePoints="16" visitedSequencePoints="0" numBranchPoints="5" visitedBranchPoints="0" sequenceCoverage="0" branchCoverage="0" maxCyclomaticComplexity="1" minCyclomaticComplexity="1" />
          <FullName>Peanuts.Harvester</FullName>
          <Methods>
            <Method visited="false" cyclomaticComplexity="1" sequenceCoverage="0" branchCoverage="0" isConstructor="false" isStatic="false" isGetter="false" isSetter="false">
              <Summary numSequencePoints="3" visitedSequencePoints="0" numBranchPoints="1" visitedBranchPoints="0" sequenceCoverage="0" branchCoverage="0" maxCyclomaticComplexity="1" minCyclomaticComplexity="1" />
              <MetadataToken>100663334</MetadataToken>
              <Name>System.Void Peanuts.Harvester::Add(Peanuts.Bag)</Name>
              <FileRef uid="6" />
              <SequencePoints>
                <SequencePoint vc="0" uspid="260" ordinal="0" offset="0" sl="14" sc="9" el="14" ec="10" bec="0" bev="0" fileid="6" />
                <SequencePoint vc="0" uspid="261" ordinal="1" offset="1" sl="15" sc="13" el="15" ec="36" bec="0" bev="0" fileid="6" />
                <SequencePoint vc="0" uspid="262" ordinal="2" offset="20" sl="16" sc="9" el="16" ec="10" bec="0" bev="0" fileid="6" />
              </SequencePoints>
              <BranchPoints />
              <MethodPoint xsi:type="SequencePoint" vc="0" uspid="260" ordinal="0" offset="0" sl="14" sc="9" el="14" ec="10" bec="0" bev="0" fileid="6" />
            </Method>
            <Method visited="false" cyclomaticComplexity="1" sequenceCoverage="0" branchCoverage="0" isConstructor="false" isStatic="false" isGetter="false" isSetter="false">
              <Summary numSequencePoints="3" visitedSequencePoints="0" numBranchPoints="1" visitedBranchPoints="0" sequenceCoverage="0" branchCoverage="0" maxCyclomaticComplexity="1" minCyclomaticComplexity="1" />
              <MetadataToken>100663335</MetadataToken>
              <Name>System.Boolean Peanuts.Harvester::Remove(Peanuts.Bag)</Name>
              <FileRef uid="6" />
              <SequencePoints>
                <SequencePoint vc="0" uspid="263" ordinal="0" offset="0" sl="19" sc="9" el="19" ec="10" bec="0" bev="0" fileid="6" />
                <SequencePoint vc="0" uspid="264" ordinal="1" offset="1" sl="20" sc="13" el="20" ec="41" bec="0" bev="0" fileid="6" />
                <SequencePoint vc="0" uspid="265" ordinal="2" offset="21" sl="21" sc="9" el="21" ec="10" bec="0" bev="0" fileid="6" />
              </SequencePoints>
              <BranchPoints />
              <MethodPoint xsi:type="SequencePoint" vc="0" uspid="263" ordinal="0" offset="0" sl="19" sc="9" el="19" ec="10" bec="0" bev="0" fileid="6" />
            </Method>
            <Method visited="false" cyclomaticComplexity="1" sequenceCoverage="0" branchCoverage="0" isConstructor="true" isStatic="false" isGetter="false" isSetter="false">
              <Summary numSequencePoints="4" visitedSequencePoints="0" numBranchPoints="1" visitedBranchPoints="0" sequenceCoverage="0" branchCoverage="0" maxCyclomaticComplexity="1" minCyclomaticComplexity="1" />
              <MetadataToken>100663336</MetadataToken>
              <Name>System.Void Peanuts.Harvester::.ctor()</Name>
              <FileRef uid="6" />
              <SequencePoints>
                <SequencePoint vc="0" uspid="266" ordinal="0" offset="0" sl="23" sc="9" el="23" ec="29" bec="0" bev="0" fileid="6" />
                <SequencePoint vc="0" uspid="267" ordinal="1" offset="7" sl="24" sc="9" el="24" ec="10" bec="0" bev="0" fileid="6" />
                <SequencePoint vc="0" uspid="268" ordinal="2" offset="8" sl="25" sc="13" el="25" ec="54" bec="0" bev="0" fileid="6" />
                <SequencePoint vc="0" uspid="269" ordinal="3" offset="19" sl="26" sc="9" el="26" ec="10" bec="0" bev="0" fileid="6" />
              </SequencePoints>
              <BranchPoints />
              <MethodPoint xsi:type="SequencePoint" vc="0" uspid="266" ordinal="0" offset="0" sl="23" sc="9" el="23" ec="29" bec="0" bev="0" fileid="6" />
            </Method>
            <Method visited="false" cyclomaticComplexity="1" sequenceCoverage="0" branchCoverage="0" isConstructor="false" isStatic="false" isGetter="false" isSetter="false">
              <Summary numSequencePoints="3" visitedSequencePoints="0" numBranchPoints="1" visitedBranchPoints="0" sequenceCoverage="0" branchCoverage="0" maxCyclomaticComplexity="1" minCyclomaticComplexity="1" />
              <MetadataToken>100663337</MetadataToken>
              <Name>System.Collections.Generic.IEnumerator`1&lt;Peanuts.Bag&gt; Peanuts.Harvester::GetEnumerator()</Name>
              <FileRef uid="6" />
              <SequencePoints>
                <SequencePoint vc="0" uspid="270" ordinal="0" offset="0" sl="33" sc="9" el="33" ec="10" bec="0" bev="0" fileid="6" />
                <SequencePoint vc="0" uspid="271" ordinal="1" offset="1" sl="34" sc="13" el="34" ec="49" bec="0" bev="0" fileid="6" />
                <SequencePoint vc="0" uspid="272" ordinal="2" offset="25" sl="35" sc="9" el="35" ec="10" bec="0" bev="0" fileid="6" />
              </SequencePoints>
              <BranchPoints />
              <MethodPoint xsi:type="SequencePoint" vc="0" uspid="270" ordinal="0" offset="0" sl="33" sc="9" el="33" ec="10" bec="0" bev="0" fileid="6" />
            </Method>
            <Method visited="false" cyclomaticComplexity="1" sequenceCoverage="0" branchCoverage="0" isConstructor="false" isStatic="false" isGetter="false" isSetter="false">
              <Summary numSequencePoints="3" visitedSequencePoints="0" numBranchPoints="1" visitedBranchPoints="0" sequenceCoverage="0" branchCoverage="0" maxCyclomaticComplexity="1" minCyclomaticComplexity="1" />
              <MetadataToken>100663338</MetadataToken>
              <Name>System.Collections.IEnumerator Peanuts.Harvester::System.Collections.IEnumerable.GetEnumerator()</Name>
              <FileRef uid="6" />
              <SequencePoints>
                <SequencePoint vc="0" uspid="273" ordinal="0" offset="0" sl="38" sc="9" el="38" ec="10" bec="0" bev="0" fileid="6" />
                <SequencePoint vc="0" uspid="274" ordinal="1" offset="1" sl="39" sc="13" el="39" ec="41" bec="0" bev="0" fileid="6" />
                <SequencePoint vc="0" uspid="275" ordinal="2" offset="10" sl="40" sc="9" el="40" ec="10" bec="0" bev="0" fileid="6" />
              </SequencePoints>
              <BranchPoints />
              <MethodPoint xsi:type="SequencePoint" vc="0" uspid="273" ordinal="0" offset="0" sl="38" sc="9" el="38" ec="10" bec="0" bev="0" fileid="6" />
            </Method>
          </Methods>
        </Class>
        <Class>
          <Summary numSequencePoints="60" visitedSequencePoints="0" numBranchPoints="31" visitedBranchPoints="0" sequenceCoverage="0" branchCoverage="0" maxCyclomaticComplexity="5" minCyclomaticComplexity="1" />
          <FullName>Peanuts.Mix</FullName>
          <Methods>
            <Method visited="false" cyclomaticComplexity="1" sequenceCoverage="0" branchCoverage="0" isConstructor="true" isStatic="false" isGetter="false" isSetter="false">
              <Summary numSequencePoints="5" visitedSequencePoints="0" numBranchPoints="1" visitedBranchPoints="0" sequenceCoverage="0" branchCoverage="0" maxCyclomaticComplexity="1" minCyclomaticComplexity="1" />
              <MetadataToken>100663339</MetadataToken>
              <Name>System.Void Peanuts.Mix::.ctor()</Name>
              <FileRef uid="7" />
              <SequencePoints>
                <SequencePoint vc="0" uspid="276" ordinal="0" offset="0" sl="17" sc="9" el="17" ec="23" bec="0" bev="0" fileid="7" />
                <SequencePoint vc="0" uspid="277" ordinal="1" offset="7" sl="18" sc="9" el="18" ec="10" bec="0" bev="0" fileid="7" />
[...]
              <Summary numSequencePoints="3" visitedSequencePoints="0" numBranchPoints="1" visitedBranchPoints="0" sequenceCoverage="0" branchCoverage="0" maxCyclomaticComplexity="1" minCyclomaticComplexity="1" />
              <MetadataToken>100663375</MetadataToken>
              <Name>System.Collections.Generic.IEnumerator`1&lt;Peanuts.Bag&gt; Peanuts.Vendor::GetEnumerator()</Name>
              <FileRef uid="11" />
              <SequencePoints>
                <SequencePoint vc="0" uspid="565" ordinal="0" offset="0" sl="216" sc="9" el="216" ec="10" bec="0" bev="0" fileid="11" />
                <SequencePoint vc="0" uspid="566" ordinal="1" offset="1" sl="217" sc="13" el="217" ec="52" bec="0" bev="0" fileid="11" />
                <SequencePoint vc="0" uspid="567" ordinal="2" offset="25" sl="218" sc="9" el="218" ec="10" bec="0" bev="0" fileid="11" />
              </SequencePoints>
              <BranchPoints />
              <MethodPoint xsi:type="SequencePoint" vc="0" uspid="565" ordinal="0" offset="0" sl="216" sc="9" el="216" ec="10" bec="0" bev="0" fileid="11" />
            </Method>
            <Method visited="false" cyclomaticComplexity="1" sequenceCoverage="0" branchCoverage="0" isConstructor="false" isStatic="false" isGetter="false" isSetter="false">
              <Summary numSequencePoints="3" visitedSequencePoints="0" numBranchPoints="1" visitedBranchPoints="0" sequenceCoverage="0" branchCoverage="0" maxCyclomaticComplexity="1" minCyclomaticComplexity="1" />
              <MetadataToken>100663376</MetadataToken>
              <Name>System.Collections.IEnumerator Peanuts.Vendor::System.Collections.IEnumerable.GetEnumerator()</Name>
              <FileRef uid="11" />
              <SequencePoints>
                <SequencePoint vc="0" uspid="568" ordinal="0" offset="0" sl="221" sc="9" el="221" ec="10" bec="0" bev="0" fileid="11" />
                <SequencePoint vc="0" uspid="569" ordinal="1" offset="1" sl="222" sc="13" el="222" ec="41" bec="0" bev="0" fileid="11" />
                <SequencePoint vc="0" uspid="570" ordinal="2" offset="10" sl="223" sc="9" el="223" ec="10" bec="0" bev="0" fileid="11" />
              </SequencePoints>
              <BranchPoints />
              <MethodPoint xsi:type="SequencePoint" vc="0" uspid="568" ordinal="0" offset="0" sl="221" sc="9" el="221" ec="10" bec="0" bev="0" fileid="11" />
            </Method>
            <Method visited="false" cyclomaticComplexity="1" sequenceCoverage="0" branchCoverage="0" isConstructor="false" isStatic="true" isGetter="false" isSetter="false">
              <Summary numSequencePoints="1" visitedSequencePoints="0" numBranchPoints="1" visitedBranchPoints="0" sequenceCoverage="0" branchCoverage="0" maxCyclomaticComplexity="1" minCyclomaticComplexity="1" />
              <MetadataToken>100663377</MetadataToken>
              <Name>Peanuts.Nut Peanuts.Vendor::&lt;MakeBag&gt;b__0(Peanuts.Nut)</Name>
              <FileRef uid="11" />
              <SequencePoints>
                <SequencePoint vc="0" uspid="571" ordinal="0" offset="0" sl="109" sc="59" el="109" ec="75" bec="0" bev="0" fileid="11" />
              </SequencePoints>
              <BranchPoints />
              <MethodPoint xsi:type="SequencePoint" vc="0" uspid="571" ordinal="0" offset="0" sl="109" sc="59" el="109" ec="75" bec="0" bev="0" fileid="11" />
            </Method>
            <Method visited="false" cyclomaticComplexity="1" sequenceCoverage="0" branchCoverage="0" isConstructor="false" isStatic="true" isGetter="false" isSetter="false">
              <Summary numSequencePoints="1" visitedSequencePoints="0" numBranchPoints="1" visitedBranchPoints="0" sequenceCoverage="0" branchCoverage="0" maxCyclomaticComplexity="1" minCyclomaticComplexity="1" />
              <MetadataToken>100663378</MetadataToken>
              <Name>Peanuts.Nut Peanuts.Vendor::&lt;MakeBag&gt;b__2(System.Type)</Name>
              <FileRef uid="11" />
              <SequencePoints>
                <SequencePoint vc="0" uspid="572" ordinal="0" offset="0" sl="119" sc="49" el="119" ec="83" bec="0" bev="0" fileid="11" />
              </SequencePoints>
              <BranchPoints />
              <MethodPoint xsi:type="SequencePoint" vc="0" uspid="572" ordinal="0" offset="0" sl="119" sc="49" el="119" ec="83" bec="0" bev="0" fileid="11" />
            </Method>
          </Methods>
        </Class>
        <Class>
          <Summary numSequencePoints="31" visitedSequencePoints="0" numBranchPoints="15" visitedBranchPoints="0" sequenceCoverage="0" branchCoverage="0" maxCyclomaticComplexity="6" minCyclomaticComplexity="1" />
          <FullName>Peanuts.VendorSerializer</FullName>
          <Methods>
            <Method visited="false" cyclomaticComplexity="2" sequenceCoverage="0" branchCoverage="0" isConstructor="false" isStatic="false" isGetter="false" isSetter="false">
              <Summary numSequencePoints="12" visitedSequencePoints="0" numBranchPoints="3" visitedBranchPoints="0" sequenceCoverage="0" branchCoverage="0" maxCyclomaticComplexity="2" minCyclomaticComplexity="2" />
              <MetadataToken>100663379</MetadataToken>
              <Name>System.Void Peanuts.VendorSerializer::WriteJson(Newtonsoft.Json.JsonWriter,System.Object,Newtonsoft.Json.JsonSerializer)</Name>
              <FileRef uid="11" />
              <SequencePoints>
                <SequencePoint vc="0" uspid="573" ordinal="0" offset="0" sl="237" sc="9" el="237" ec="10" bec="0" bev="0" fileid="11" />
                <SequencePoint vc="0" uspid="574" ordinal="1" offset="1" sl="238" sc="13" el="238" ec="37" bec="0" bev="0" fileid="11" />
                <SequencePoint vc="0" uspid="575" ordinal="2" offset="8" sl="239" sc="13" el="239" ec="38" bec="0" bev="0" fileid="11" />
                <SequencePoint vc="0" uspid="576" ordinal="3" offset="15" sl="240" sc="13" el="240" ec="20" bec="0" bev="0" fileid="11" />
                <SequencePoint vc="0" uspid="577" ordinal="4" offset="16" sl="240" sc="33" el="240" ec="52" bec="0" bev="0" fileid="11" />
                <SequencePoint vc="0" uspid="578" ordinal="5" offset="35" sl="240" sc="22" el="240" ec="29" bec="0" bev="0" fileid="11" />
                <SequencePoint vc="0" uspid="579" ordinal="6" offset="43" sl="241" sc="13" el="241" ec="14" bec="0" bev="0" fileid="11" />
                <SequencePoint vc="0" uspid="580" ordinal="7" offset="44" sl="242" sc="17" el="242" ec="51" bec="0" bev="0" fileid="11" />
                <SequencePoint vc="0" uspid="581" ordinal="8" offset="53" sl="243" sc="13" el="243" ec="14" bec="0" bev="0" fileid="11" />
                <SequencePoint vc="0" uspid="582" ordinal="9" offset="54" sl="240" sc="30" el="240" ec="32" bec="2" bev="0" fileid="11" />
                <SequencePoint vc="0" uspid="583" ordinal="10" offset="83" sl="244" sc="13" el="244" ec="36" bec="0" bev="0" fileid="11" />
                <SequencePoint vc="0" uspid="584" ordinal="11" offset="90" sl="245" sc="9" el="245" ec="10" bec="0" bev="0" fileid="11" />
              </SequencePoints>
              <BranchPoints>
                <BranchPoint vc="0" uspid="585" ordinal="0" offset="63" path="0" offsetchain="" offsetend="65" />
                <BranchPoint vc="0" uspid="586" ordinal="1" offset="63" path="1" offsetchain="" offsetend="35" />
              </BranchPoints>
              <MethodPoint xsi:type="SequencePoint" vc="0" uspid="573" ordinal="0" offset="0" sl="237" sc="9" el="237" ec="10" bec="0" bev="0" fileid="11" />
            </Method>
            <Method visited="false" cyclomaticComplexity="6" sequenceCoverage="0" branchCoverage="0" isConstructor="false" isStatic="false" isGetter="false" isSetter="false">
              <Summary numSequencePoints="16" visitedSequencePoints="0" numBranchPoints="11" visitedBranchPoints="0" sequenceCoverage="0" branchCoverage="0" maxCyclomaticComplexity="6" minCyclomaticComplexity="6" />
              <MetadataToken>100663380</MetadataToken>
              <Name>System.Object Peanuts.VendorSerializer::ReadJson(Newtonsoft.Json.JsonReader,System.Type,System.Object,Newtonsoft.Json.JsonSerializer)</Name>
              <FileRef uid="11" />
              <SequencePoints>
                <SequencePoint vc="0" uspid="587" ordinal="0" offset="0" sl="252" sc="9" el="252" ec="10" bec="0" bev="0" fileid="11" />
                <SequencePoint vc="0" uspid="588" ordinal="1" offset="1" sl="253" sc="13" el="253" ec="58" bec="2" bev="0" fileid="11" />
                <SequencePoint vc="0" uspid="589" ordinal="2" offset="16" sl="254" sc="17" el="254" ec="89" bec="0" bev="0" fileid="11" />
                <SequencePoint vc="0" uspid="590" ordinal="3" offset="43" sl="255" sc="13" el="255" ec="36" bec="0" bev="0" fileid="11" />
                <SequencePoint vc="0" uspid="591" ordinal="4" offset="49" sl="256" sc="13" el="256" ec="37" bec="0" bev="0" fileid="11" />
                <SequencePoint vc="0" uspid="592" ordinal="5" offset="58" sl="258" sc="13" el="258" ec="14" bec="0" bev="0" fileid="11" />
                <SequencePoint vc="0" uspid="593" ordinal="6" offset="59" sl="259" sc="17" el="259" ec="63" bec="0" bev="0" fileid="11" />
                <SequencePoint vc="0" uspid="594" ordinal="7" offset="68" sl="260" sc="17" el="260" ec="33" bec="2" bev="0" fileid="11" />
                <SequencePoint vc="0" uspid="595" ordinal="8" offset="81" sl="261" sc="21" el="261" ec="74" bec="0" bev="0" fileid="11" />
                <SequencePoint vc="0" uspid="596" ordinal="9" offset="92" sl="262" sc="17" el="262" ec="36" bec="0" bev="0" fileid="11" />
                <SequencePoint vc="0" uspid="597" ordinal="10" offset="106" sl="263" sc="13" el="263" ec="14" bec="0" bev="0" fileid="11" />
                <SequencePoint vc="0" uspid="598" ordinal="11" offset="107" sl="257" sc="13" el="257" ec="78" bec="4" bev="0" fileid="11" />
                <SequencePoint vc="0" uspid="599" ordinal="12" offset="138" sl="264" sc="13" el="264" ec="56" bec="2" bev="0" fileid="11" />
                <SequencePoint vc="0" uspid="600" ordinal="13" offset="154" sl="265" sc="17" el="265" ec="83" bec="0" bev="0" fileid="11" />
                <SequencePoint vc="0" uspid="601" ordinal="14" offset="165" sl="266" sc="13" el="266" ec="24" bec="0" bev="0" fileid="11" />
                <SequencePoint vc="0" uspid="602" ordinal="15" offset="169" sl="267" sc="9" el="267" ec="10" bec="0" bev="0" fileid="11" />
              </SequencePoints>
              <BranchPoints>
                <BranchPoint vc="0" uspid="603" ordinal="0" offset="14" path="0" offsetchain="" offsetend="16" />
                <BranchPoint vc="0" uspid="604" ordinal="1" offset="14" path="1" offsetchain="" offsetend="43" />
                <BranchPoint vc="0" uspid="605" ordinal="2" offset="79" path="0" offsetchain="" offsetend="81" />
                <BranchPoint vc="0" uspid="606" ordinal="3" offset="79" path="1" offsetchain="" offsetend="92" />
                <BranchPoint vc="0" uspid="607" ordinal="4" offset="113" path="0" offsetchain="" offsetend="115" />
                <BranchPoint vc="0" uspid="608" ordinal="5" offset="113" path="1" offsetchain="" offsetend="130" />
                <BranchPoint vc="0" uspid="609" ordinal="6" offset="136" path="0" offsetchain="" offsetend="138" />
                <BranchPoint vc="0" uspid="610" ordinal="7" offset="136" path="1" offsetchain="" offsetend="58" />
                <BranchPoint vc="0" uspid="611" ordinal="8" offset="152" path="0" offsetchain="" offsetend="154" />
                <BranchPoint vc="0" uspid="612" ordinal="9" offset="152" path="1" offsetchain="" offsetend="165" />
              </BranchPoints>
              <MethodPoint xsi:type="SequencePoint" vc="0" uspid="587" ordinal="0" offset="0" sl="252" sc="9" el="252" ec="10" bec="0" bev="0" fileid="11" />
            </Method>
            <Method visited="false" cyclomaticComplexity="1" sequenceCoverage="0" branchCoverage="0" isConstructor="false" isStatic="false" isGetter="false" isSetter="false">
              <Summary numSequencePoints="3" visitedSequencePoints="0" numBranchPoints="1" visitedBranchPoints="0" sequenceCoverage="0" branchCoverage="0" maxCyclomaticComplexity="1" minCyclomaticComplexity="1" />
              <MetadataToken>100663381</MetadataToken>
              <Name>System.Boolean Peanuts.VendorSerializer::CanConvert(System.Type)</Name>
              <FileRef uid="11" />
              <SequencePoints>
                <SequencePoint vc="0" uspid="613" ordinal="0" offset="0" sl="274" sc="9" el="274" ec="10" bec="0" bev="0" fileid="11" />
                <SequencePoint vc="0" uspid="614" ordinal="1" offset="1" sl="275" sc="13" el="275" ec="64" bec="0" bev="0" fileid="11" />
                <SequencePoint vc="0" uspid="615" ordinal="2" offset="20" sl="276" sc="9" el="276" ec="10" bec="0" bev="0" fileid="11" />
              </SequencePoints>
              <BranchPoints />
              <MethodPoint xsi:type="SequencePoint" vc="0" uspid="613" ordinal="0" offset="0" sl="274" sc="9" el="274" ec="10" bec="0" bev="0" fileid="11" />
            </Method>
            <Method visited="false" cyclomaticComplexity="1" sequenceCoverage="0" branchCoverage="0" isConstructor="true" isStatic="false" isGetter="false" isSetter="false">
              <Summary numSequencePoints="0" visitedSequencePoints="0" numBranchPoints="0" visitedBranchPoints="0" sequenceCoverage="0" branchCoverage="0" maxCyclomaticComplexity="1" minCyclomaticComplexity="1" />
              <MetadataToken>100663382</MetadataToken>
              <Name>System.Void Peanuts.VendorSerializer::.ctor()</Name>
              <SequencePoints />
              <BranchPoints />
              <MethodPoint vc="0" uspid="616" ordinal="0" offset="0" />
            </Method>
          </Methods>
        </Class>
        <Class>
          <Summary numSequencePoints="0" visitedSequencePoints="0" numBranchPoints="4" visitedBranchPoints="0" sequenceCoverage="0" branchCoverage="0" maxCyclomaticComplexity="3" minCyclomaticComplexity="1" />
          <FullName>&lt;&gt;f__AnonymousType0`2</FullName>
          <Methods>
            <Method visited="false" cyclomaticComplexity="1" sequenceCoverage="0" branchCoverage="0" isConstructor="false" isStatic="false" isGetter="true" isSetter="false">
              <Summary numSequencePoints="0" visitedSequencePoints="0" numBranchPoints="0" visitedBranchPoints="0" sequenceCoverage="0" branchCoverage="0" maxCyclomaticComplexity="1" minCyclomaticComplexity="1" />
              <MetadataToken>100663384</MetadataToken>
              <Name>&lt;asm&gt;j__TPar &lt;&gt;f__AnonymousType0`2::get_asm()</Name>
              <SequencePoints />
              <BranchPoints />
              <MethodPoint vc="0" uspid="617" ordinal="0" offset="0" />
            </Method>
            <Method visited="false" cyclomaticComplexity="1" sequenceCoverage="0" branchCoverage="0" isConstructor="false" isStatic="false" isGetter="true" isSetter="false">
              <Summary numSequencePoints="0" visitedSequencePoints="0" numBranchPoints="0" visitedBranchPoints="0" sequenceCoverage="0" branchCoverage="0" maxCyclomaticComplexity="1" minCyclomaticComplexity="1" />
              <MetadataToken>100663385</MetadataToken>
              <Name>&lt;t&gt;j__TPar &lt;&gt;f__AnonymousType0`2::get_t()</Name>
              <SequencePoints />
              <BranchPoints />
              <MethodPoint vc="0" uspid="618" ordinal="0" offset="0" />
            </Method>
            <Method visited="false" cyclomaticComplexity="1" sequenceCoverage="0" branchCoverage="0" isConstructor="true" isStatic="false" isGetter="false" isSetter="false">
              <Summary numSequencePoints="0" visitedSequencePoints="0" numBranchPoints="0" visitedBranchPoints="0" sequenceCoverage="0" branchCoverage="0" maxCyclomaticComplexity="1" minCyclomaticComplexity="1" />
              <MetadataToken>100663383</MetadataToken>
              <Name>System.Void &lt;&gt;f__AnonymousType0`2::.ctor(&lt;asm&gt;j__TPar,&lt;t&gt;j__TPar)</Name>
              <SequencePoints />
              <BranchPoints />
              <MethodPoint vc="0" uspid="619" ordinal="0" offset="0" />
            </Method>
            <Method visited="false" cyclomaticComplexity="1" sequenceCoverage="0" branchCoverage="0" isConstructor="false" isStatic="false" isGetter="false" isSetter="false">
              <Summary numSequencePoints="0" visitedSequencePoints="0" numBranchPoints="0" visitedBranchPoints="0" sequenceCoverage="0" branchCoverage="0" maxCyclomaticComplexity="1" minCyclomaticComplexity="1" />
              <MetadataToken>100663386</MetadataToken>
              <Name>System.String &lt;&gt;f__AnonymousType0`2::ToString()</Name>
              <SequencePoints />
              <BranchPoints />
              <MethodPoint vc="0" uspid="620" ordinal="0" offset="0" />
            </Method>
            <Method visited="false" cyclomaticComplexity="3" sequenceCoverage="0" branchCoverage="0" isConstructor="false" isStatic="false" isGetter="false" isSetter="false">
              <Summary numSequencePoints="0" visitedSequencePoints="0" numBranchPoints="4" visitedBranchPoints="0" sequenceCoverage="0" branchCoverage="0" maxCyclomaticComplexity="3" minCyclomaticComplexity="3" />
              <MetadataToken>100663387</MetadataToken>
              <Name>System.Boolean &lt;&gt;f__AnonymousType0`2::Equals(System.Object)</Name>
              <SequencePoints />
              <BranchPoints>
                <BranchPoint vc="0" uspid="622" ordinal="0" offset="8" path="0" offsetchain="" offsetend="10" />
                <BranchPoint vc="0" uspid="623" ordinal="1" offset="8" path="1" offsetchain="" offsetend="58" />
                <BranchPoint vc="0" uspid="624" ordinal="2" offset="32" path="0" offsetchain="" offsetend="34" />
                <BranchPoint vc="0" uspid="625" ordinal="3" offset="32" path="1" offsetchain="" offsetend="58" />
              </BranchPoints>
              <MethodPoint vc="0" uspid="621" ordinal="0" offset="0" />
            </Method>
            <Method visited="false" cyclomaticComplexity="1" sequenceCoverage="0" branchCoverage="0" isConstructor="false" isStatic="false" isGetter="false" isSetter="false">
              <Summary numSequencePoints="0" visitedSequencePoints="0" numBranchPoints="0" visitedBranchPoints="0" sequenceCoverage="0" branchCoverage="0" maxCyclomaticComplexity="1" minCyclomaticComplexity="1" />
              <MetadataToken>100663388</MetadataToken>
              <Name>System.Int32 &lt;&gt;f__AnonymousType0`2::GetHashCode()</Name>
              <SequencePoints />
              <BranchPoints />
              <MethodPoint vc="0" uspid="626" ordinal="0" offset="0" />
            </Method>
          </Methods>
        </Class>
      </Classes>
    </Module>
    <Module skippedDueTo="MissingPdb" hash="42-62-10-9C-E5-8A-2E-AF-7F-B0-90-73-E4-1A-AB-56-D7-27-42-35">
      <FullName>C:\Users\Brian\AppData\Local\Temp\nunit20\ShadowCopyCache\6448_635601380646554403\Tests_278986406\assembly\dl3\0053210b\79ab4689_9345d001\Newtonsoft.Json.dll</FullName>
      <ModuleName>Newtonsoft.Json</ModuleName>
      <Classes />
    </Module>
    <Module skippedDueTo="MissingPdb" hash="A2-D0-DB-C9-20-FB-37-90-D4-D6-25-E5-C4-7B-E0-42-CA-32-C0-51">
      <FullName>C:\Users\Brian\AppData\Local\Temp\nunit20\ShadowCopyCache\6448_635601380646554403\Tests_278986406\assembly\dl3\425e1722\5ce0f028_7c46d001\nunit.framework.dll</FullName>
      <ModuleName>nunit.framework</ModuleName>
      <Classes />
    </Module>
    <Module skippedDueTo="Filter" hash="B6-60-CE-70-25-03-8E-12-F0-FF-EB-DA-C8-94-AA-A9-02-DE-71-07">
      <FullName>C:\Windows\Microsoft.Net\assembly\GAC_MSIL\System.Configuration\v4.0_4.0.0.0__b03f5f7f11d50a3a\System.Configuration.dll</FullName>
      <ModuleName>System.Configuration</ModuleName>
      <Classes />
    </Module>
  </Modules>
</CoverageSession>